Connecting to host 192.168.94.3, port 5201
Reverse mode, remote host 192.168.94.3 is sending
[  6] local 192.168.89.2 port 39002 connected to 192.168.94.3 port 5201
[ ID] Interval           Transfer     Bitrate
[  6]   0.00-1.00   sec  26.7 MBytes   224 Mbits/sec                  
[  6]   1.00-2.00   sec  84.4 MBytes   708 Mbits/sec                  
[  6]   2.00-3.00   sec  86.0 MBytes   722 Mbits/sec                  
[  6]   3.00-4.00   sec  86.0 MBytes   721 Mbits/sec                  
[  6]   4.00-5.00   sec  85.1 MBytes   714 Mbits/sec                  
[  6]   5.00-6.00   sec  85.5 MBytes   717 Mbits/sec                  
[  6]   6.00-7.00   sec  84.6 MBytes   709 Mbits/sec                  
[  6]   7.00-8.00   sec  87.1 MBytes   731 Mbits/sec                  
[  6]   8.00-9.00   sec  85.9 MBytes   721 Mbits/sec                  
[  6]   9.00-10.00  sec  85.8 MBytes   720 Mbits/sec                  
[  6]  10.00-11.00  sec  86.0 MBytes   721 Mbits/sec                  
[  6]  11.00-12.00  sec  86.2 MBytes   723 Mbits/sec                  
[  6]  12.00-13.00  sec  86.0 MBytes   721 Mbits/sec                  
[  6]  13.00-14.00  sec  85.9 MBytes   720 Mbits/sec                  
[  6]  14.00-15.00  sec  85.8 MBytes   719 Mbits/sec                  
[  6]  15.00-16.00  sec  86.7 MBytes   727 Mbits/sec                  
[  6]  16.00-17.00  sec  85.3 MBytes   716 Mbits/sec                  
[  6]  17.00-18.00  sec  86.5 MBytes   726 Mbits/sec                  
[  6]  18.00-19.00  sec  85.4 MBytes   717 Mbits/sec                  
[  6]  19.00-20.00  sec  85.8 MBytes   720 Mbits/sec                  
[  6]  20.00-21.00  sec  86.7 MBytes   727 Mbits/sec                  
[  6]  21.00-22.00  sec  86.0 MBytes   722 Mbits/sec                  
[  6]  22.00-23.00  sec  86.6 MBytes   727 Mbits/sec                  
[  6]  23.00-24.00  sec  84.6 MBytes   710 Mbits/sec                  
[  6]  24.00-25.00  sec  85.6 MBytes   718 Mbits/sec                  
[  6]  25.00-26.00  sec  86.3 MBytes   724 Mbits/sec                  
[  6]  26.00-27.00  sec  86.3 MBytes   724 Mbits/sec                  
[  6]  27.00-28.00  sec  85.9 MBytes   721 Mbits/sec                  
[  6]  28.00-29.00  sec  86.2 MBytes   723 Mbits/sec                  
[  6]  29.00-30.00  sec  86.7 MBytes   728 Mbits/sec                  
[  6]  30.00-31.00  sec  85.5 MBytes   717 Mbits/sec                  
[  6]  31.00-32.00  sec  86.6 MBytes   726 Mbits/sec                  
[  6]  32.00-33.00  sec  85.8 MBytes   720 Mbits/sec                  
[  6]  33.00-34.00  sec  86.3 MBytes   724 Mbits/sec                  
[  6]  34.00-35.00  sec  85.5 MBytes   717 Mbits/sec                  
[  6]  35.00-36.00  sec  86.7 MBytes   728 Mbits/sec                  
[  6]  36.00-37.00  sec  85.4 MBytes   716 Mbits/sec                  
[  6]  37.00-38.00  sec  86.4 MBytes   725 Mbits/sec                  
[  6]  38.00-39.00  sec  85.2 MBytes   715 Mbits/sec                  
[  6]  39.00-40.00  sec  86.4 MBytes   724 Mbits/sec                  
[  6]  40.00-41.00  sec  86.1 MBytes   722 Mbits/sec                  
[  6]  41.00-42.00  sec  85.9 MBytes   720 Mbits/sec                  
[  6]  42.00-43.00  sec  85.4 MBytes   716 Mbits/sec                  
[  6]  43.00-44.00  sec  86.2 MBytes   723 Mbits/sec                  
[  6]  44.00-45.00  sec  84.8 MBytes   712 Mbits/sec                  
[  6]  45.00-46.00  sec  86.0 MBytes   722 Mbits/sec                  
[  6]  46.00-47.00  sec  86.6 MBytes   726 Mbits/sec                  
[  6]  47.00-48.00  sec  85.4 MBytes   717 Mbits/sec                  
[  6]  48.00-49.00  sec  85.2 MBytes   715 Mbits/sec                  
[  6]  49.00-50.00  sec  86.2 MBytes   723 Mbits/sec                  
[  6]  50.00-51.00  sec  86.0 MBytes   721 Mbits/sec                  
[  6]  51.00-52.00  sec  85.0 MBytes   713 Mbits/sec                  
[  6]  52.00-53.00  sec  85.0 MBytes   713 Mbits/sec                  
[  6]  53.00-54.00  sec  86.5 MBytes   726 Mbits/sec                  
[  6]  54.00-55.00  sec  85.8 MBytes   720 Mbits/sec                  
[  6]  55.00-56.00  sec  83.9 MBytes   704 Mbits/sec                  
[  6]  56.00-57.00  sec  85.3 MBytes   716 Mbits/sec                  
[  6]  57.00-58.00  sec  86.1 MBytes   723 Mbits/sec                  
[  6]  58.00-59.00  sec  85.9 MBytes   721 Mbits/sec                  
[  6]  59.00-60.00  sec  86.1 MBytes   722 Mbits/sec                  
[  6]  60.00-61.00  sec  85.2 MBytes   715 Mbits/sec                  
[  6]  61.00-62.00  sec  85.9 MBytes   720 Mbits/sec                  
[  6]  62.00-63.00  sec  85.7 MBytes   719 Mbits/sec                  
[  6]  63.00-64.00  sec  85.7 MBytes   719 Mbits/sec                  
[  6]  64.00-65.00  sec  86.1 MBytes   723 Mbits/sec                  
[  6]  65.00-66.00  sec  85.6 MBytes   718 Mbits/sec                  
[  6]  66.00-67.00  sec  85.2 MBytes   715 Mbits/sec                  
[  6]  67.00-68.00  sec  86.5 MBytes   725 Mbits/sec                  
[  6]  68.00-69.00  sec  86.1 MBytes   722 Mbits/sec                  
[  6]  69.00-70.00  sec  86.4 MBytes   724 Mbits/sec                  
[  6]  70.00-71.00  sec  86.2 MBytes   723 Mbits/sec                  
[  6]  71.00-72.00  sec  85.3 MBytes   716 Mbits/sec                  
[  6]  72.00-73.00  sec  84.9 MBytes   713 Mbits/sec                  
[  6]  73.00-74.00  sec  87.3 MBytes   732 Mbits/sec                  
[  6]  74.00-75.00  sec  80.8 MBytes   678 Mbits/sec                  
[  6]  75.00-76.00  sec  71.6 MBytes   601 Mbits/sec                  
[  6]  76.00-77.00  sec  84.4 MBytes   708 Mbits/sec                  
[  6]  77.00-78.00  sec  84.7 MBytes   711 Mbits/sec                  
[  6]  78.00-79.00  sec  83.8 MBytes   703 Mbits/sec                  
[  6]  79.00-80.00  sec  83.4 MBytes   700 Mbits/sec                  
[  6]  80.00-81.00  sec  85.1 MBytes   714 Mbits/sec                  
[  6]  81.00-82.00  sec  82.4 MBytes   691 Mbits/sec                  
[  6]  82.00-83.00  sec  84.2 MBytes   706 Mbits/sec                  
[  6]  83.00-84.00  sec  84.7 MBytes   711 Mbits/sec                  
[  6]  84.00-85.00  sec  81.9 MBytes   687 Mbits/sec                  
[  6]  85.00-86.00  sec  83.1 MBytes   696 Mbits/sec                  
[  6]  86.00-87.00  sec  84.8 MBytes   711 Mbits/sec                  
[  6]  87.00-88.00  sec  82.2 MBytes   690 Mbits/sec                  
[  6]  88.00-89.00  sec  86.0 MBytes   721 Mbits/sec                  
[  6]  89.00-90.00  sec  83.3 MBytes   699 Mbits/sec                  
[  6]  90.00-91.00  sec  84.3 MBytes   707 Mbits/sec                  
[  6]  91.00-92.00  sec  82.0 MBytes   689 Mbits/sec                  
[  6]  92.00-93.00  sec  85.0 MBytes   713 Mbits/sec                  
[  6]  93.00-94.00  sec  83.5 MBytes   700 Mbits/sec                  
[  6]  94.00-95.00  sec  84.2 MBytes   706 Mbits/sec                  
[  6]  95.00-96.00  sec  84.7 MBytes   711 Mbits/sec                  
[  6]  96.00-97.00  sec  83.3 MBytes   698 Mbits/sec                  
[  6]  97.00-98.00  sec  83.1 MBytes   697 Mbits/sec                  
[  6]  98.00-99.00  sec  84.3 MBytes   707 Mbits/sec                  
[  6]  99.00-100.00 sec  84.0 MBytes   704 Mbits/sec                  
[  6] 100.00-101.00 sec  86.1 MBytes   722 Mbits/sec                  
[  6] 101.00-102.00 sec  84.5 MBytes   709 Mbits/sec                  
[  6] 102.00-103.00 sec  68.7 MBytes   577 Mbits/sec                  
[  6] 103.00-104.00 sec  85.1 MBytes   714 Mbits/sec                  
[  6] 104.00-105.00 sec  85.2 MBytes   714 Mbits/sec                  
[  6] 105.00-106.00 sec  81.4 MBytes   683 Mbits/sec                  
[  6] 106.00-107.00 sec  84.1 MBytes   705 Mbits/sec                  
[  6] 107.00-108.00 sec  86.0 MBytes   721 Mbits/sec                  
[  6] 108.00-109.00 sec  84.8 MBytes   711 Mbits/sec                  
[  6] 109.00-110.00 sec  83.9 MBytes   704 Mbits/sec                  
[  6] 110.00-111.00 sec  84.7 MBytes   710 Mbits/sec                  
[  6] 111.00-112.00 sec  84.1 MBytes   706 Mbits/sec                  
[  6] 112.00-113.00 sec  85.3 MBytes   716 Mbits/sec                  
[  6] 113.00-114.00 sec  83.8 MBytes   703 Mbits/sec                  
[  6] 114.00-115.00 sec  82.9 MBytes   696 Mbits/sec                  
[  6] 115.00-116.00 sec  85.4 MBytes   716 Mbits/sec                  
[  6] 116.00-117.00 sec  84.4 MBytes   708 Mbits/sec                  
[  6] 117.00-118.00 sec  83.9 MBytes   704 Mbits/sec                  
[  6] 118.00-119.00 sec  85.0 MBytes   713 Mbits/sec                  
[  6] 119.00-120.00 sec  85.1 MBytes   714 Mbits/sec                  
[  6] 120.00-121.00 sec  83.7 MBytes   702 Mbits/sec                  
[  6] 121.00-122.00 sec  85.2 MBytes   715 Mbits/sec                  
[  6] 122.00-123.00 sec  83.4 MBytes   700 Mbits/sec                  
[  6] 123.00-124.00 sec  84.5 MBytes   709 Mbits/sec                  
[  6] 124.00-125.00 sec  84.6 MBytes   710 Mbits/sec                  
[  6] 125.00-126.00 sec  85.7 MBytes   719 Mbits/sec                  
[  6] 126.00-127.00 sec  71.1 MBytes   596 Mbits/sec                  
[  6] 127.00-128.00 sec  67.2 MBytes   563 Mbits/sec                  
[  6] 128.00-129.00 sec  71.7 MBytes   601 Mbits/sec                  
[  6] 129.00-130.00 sec  70.8 MBytes   594 Mbits/sec                  
[  6] 130.00-131.00 sec  73.4 MBytes   616 Mbits/sec                  
[  6] 131.00-132.00 sec  83.4 MBytes   699 Mbits/sec                  
[  6] 132.00-133.00 sec  85.2 MBytes   715 Mbits/sec                  
[  6] 133.00-134.00 sec  78.8 MBytes   661 Mbits/sec                  
[  6] 134.00-135.00 sec  75.3 MBytes   631 Mbits/sec                  
[  6] 135.00-136.00 sec  75.4 MBytes   632 Mbits/sec                  
[  6] 136.00-137.00 sec  79.0 MBytes   663 Mbits/sec                  
[  6] 137.00-138.00 sec  80.0 MBytes   671 Mbits/sec                  
[  6] 138.00-139.00 sec  78.4 MBytes   658 Mbits/sec                  
[  6] 139.00-140.00 sec  77.1 MBytes   647 Mbits/sec                  
[  6] 140.00-141.00 sec  76.6 MBytes   642 Mbits/sec                  
[  6] 141.00-142.00 sec  79.7 MBytes   669 Mbits/sec                  
[  6] 142.00-143.00 sec  80.1 MBytes   672 Mbits/sec                  
[  6] 143.00-144.00 sec  76.3 MBytes   640 Mbits/sec                  
[  6] 144.00-145.00 sec  80.3 MBytes   674 Mbits/sec                  
[  6] 145.00-146.00 sec  79.3 MBytes   665 Mbits/sec                  
[  6] 146.00-147.00 sec  76.7 MBytes   643 Mbits/sec                  
[  6] 147.00-148.00 sec  74.9 MBytes   628 Mbits/sec                  
[  6] 148.00-149.00 sec  72.8 MBytes   611 Mbits/sec                  
[  6] 149.00-150.00 sec  65.3 MBytes   548 Mbits/sec                  
[  6] 150.00-151.00 sec  70.3 MBytes   589 Mbits/sec                  
[  6] 151.00-152.00 sec  68.9 MBytes   578 Mbits/sec                  
[  6] 152.00-153.00 sec  66.5 MBytes   558 Mbits/sec                  
[  6] 153.00-154.00 sec  48.4 MBytes   406 Mbits/sec                  
[  6] 154.00-155.00 sec  64.6 MBytes   542 Mbits/sec                  
[  6] 155.00-156.00 sec  58.6 MBytes   492 Mbits/sec                  
[  6] 156.00-157.00 sec  58.8 MBytes   493 Mbits/sec                  
[  6] 157.00-158.00 sec  55.5 MBytes   465 Mbits/sec                  
[  6] 158.00-159.00 sec  57.0 MBytes   478 Mbits/sec                  
[  6] 159.00-160.00 sec  62.1 MBytes   521 Mbits/sec                  
[  6] 160.00-161.00 sec  63.2 MBytes   530 Mbits/sec                  
[  6] 161.00-162.00 sec  59.5 MBytes   499 Mbits/sec                  
[  6] 162.00-163.00 sec  53.8 MBytes   451 Mbits/sec                  
[  6] 163.00-164.00 sec  48.3 MBytes   405 Mbits/sec                  
[  6] 164.00-165.00 sec  46.6 MBytes   391 Mbits/sec                  
[  6] 165.00-166.00 sec  51.2 MBytes   429 Mbits/sec                  
[  6] 166.00-167.00 sec  57.1 MBytes   479 Mbits/sec                  
[  6] 167.00-168.00 sec  62.3 MBytes   523 Mbits/sec                  
[  6] 168.00-169.00 sec  68.3 MBytes   573 Mbits/sec                  
[  6] 169.00-170.00 sec  67.2 MBytes   564 Mbits/sec                  
[  6] 170.00-171.00 sec  65.3 MBytes   548 Mbits/sec                  
[  6] 171.00-172.00 sec  65.7 MBytes   552 Mbits/sec                  
[  6] 172.00-173.00 sec  65.0 MBytes   546 Mbits/sec                  
[  6] 173.00-174.00 sec  63.2 MBytes   530 Mbits/sec                  
[  6] 174.00-175.00 sec  63.0 MBytes   529 Mbits/sec                  
[  6] 175.00-176.00 sec  63.3 MBytes   531 Mbits/sec                  
[  6] 176.00-177.00 sec  63.0 MBytes   528 Mbits/sec                  
[  6] 177.00-178.00 sec  60.9 MBytes   511 Mbits/sec                  
[  6] 178.00-179.00 sec  61.5 MBytes   516 Mbits/sec                  
[  6] 179.00-180.00 sec  56.2 MBytes   471 Mbits/sec                  
[  6] 180.00-181.00 sec  54.3 MBytes   455 Mbits/sec                  
[  6] 181.00-182.00 sec  51.6 MBytes   433 Mbits/sec                  
[  6] 182.00-183.00 sec  51.8 MBytes   434 Mbits/sec                  
[  6] 183.00-184.00 sec  50.0 MBytes   419 Mbits/sec                  
[  6] 184.00-185.00 sec  57.0 MBytes   479 Mbits/sec                  
[  6] 185.00-186.00 sec  55.1 MBytes   462 Mbits/sec                  
[  6] 186.00-187.00 sec  49.0 MBytes   411 Mbits/sec                  
[  6] 187.00-188.00 sec  53.1 MBytes   446 Mbits/sec                  
[  6] 188.00-189.00 sec  52.4 MBytes   440 Mbits/sec                  
[  6] 189.00-190.00 sec  49.0 MBytes   411 Mbits/sec                  
[  6] 190.00-191.00 sec  51.6 MBytes   433 Mbits/sec                  
[  6] 191.00-192.00 sec  47.0 MBytes   394 Mbits/sec                  
[  6] 192.00-193.00 sec  48.2 MBytes   404 Mbits/sec                  
[  6] 193.00-194.00 sec  44.1 MBytes   370 Mbits/sec                  
[  6] 194.00-195.00 sec  41.5 MBytes   349 Mbits/sec                  
[  6] 195.00-196.00 sec  43.6 MBytes   366 Mbits/sec                  
[  6] 196.00-197.00 sec  41.9 MBytes   352 Mbits/sec                  
[  6] 197.00-198.00 sec  37.0 MBytes   311 Mbits/sec                  
[  6] 198.00-199.00 sec  36.0 MBytes   302 Mbits/sec                  
[  6] 199.00-200.00 sec  42.0 MBytes   353 Mbits/sec                  
[  6] 200.00-201.00 sec  35.0 MBytes   293 Mbits/sec                  
[  6] 201.00-202.00 sec  29.6 MBytes   248 Mbits/sec                  
[  6] 202.00-203.00 sec  33.7 MBytes   283 Mbits/sec                  
[  6] 203.00-204.00 sec  39.9 MBytes   335 Mbits/sec                  
[  6] 204.00-205.00 sec  41.8 MBytes   351 Mbits/sec                  
[  6] 205.00-206.00 sec  36.7 MBytes   308 Mbits/sec                  
[  6] 206.00-207.00 sec  34.2 MBytes   287 Mbits/sec                  
[  6] 207.00-208.00 sec  40.8 MBytes   342 Mbits/sec                  
[  6] 208.00-209.00 sec  43.7 MBytes   366 Mbits/sec                  
[  6] 209.00-210.00 sec  38.2 MBytes   320 Mbits/sec                  
[  6] 210.00-211.00 sec  35.9 MBytes   301 Mbits/sec                  
[  6] 211.00-212.00 sec  37.6 MBytes   316 Mbits/sec                  
[  6] 212.00-213.00 sec  36.2 MBytes   304 Mbits/sec                  
[  6] 213.00-214.00 sec  38.1 MBytes   320 Mbits/sec                  
[  6] 214.00-215.00 sec  36.8 MBytes   309 Mbits/sec                  
[  6] 215.00-216.00 sec  35.3 MBytes   296 Mbits/sec                  
[  6] 216.00-217.00 sec  35.6 MBytes   299 Mbits/sec                  
[  6] 217.00-218.00 sec  35.7 MBytes   300 Mbits/sec                  
[  6] 218.00-219.00 sec  37.0 MBytes   311 Mbits/sec                  
[  6] 219.00-220.00 sec  36.6 MBytes   307 Mbits/sec                  
[  6] 220.00-221.00 sec  36.0 MBytes   302 Mbits/sec                  
[  6] 221.00-222.00 sec  36.1 MBytes   303 Mbits/sec                  
[  6] 222.00-223.00 sec  33.2 MBytes   279 Mbits/sec                  
[  6] 223.00-224.00 sec  34.4 MBytes   288 Mbits/sec                  
[  6] 224.00-225.00 sec  38.5 MBytes   323 Mbits/sec                  
[  6] 225.00-226.00 sec  37.9 MBytes   318 Mbits/sec                  
[  6] 226.00-227.00 sec  40.3 MBytes   338 Mbits/sec                  
[  6] 227.00-228.00 sec  44.8 MBytes   376 Mbits/sec                  
[  6] 228.00-229.00 sec  41.1 MBytes   345 Mbits/sec                  
[  6] 229.00-230.00 sec  50.9 MBytes   427 Mbits/sec                  
[  6] 230.00-231.00 sec  49.6 MBytes   416 Mbits/sec                  
[  6] 231.00-232.00 sec  51.2 MBytes   430 Mbits/sec                  
[  6] 232.00-233.00 sec  52.9 MBytes   444 Mbits/sec                  
[  6] 233.00-234.00 sec  56.1 MBytes   471 Mbits/sec                  
[  6] 234.00-235.00 sec  58.1 MBytes   488 Mbits/sec                  
[  6] 235.00-236.00 sec  57.2 MBytes   480 Mbits/sec                  
[  6] 236.00-237.00 sec  56.0 MBytes   470 Mbits/sec                  
[  6] 237.00-238.00 sec  57.3 MBytes   481 Mbits/sec                  
[  6] 238.00-239.00 sec  56.4 MBytes   474 Mbits/sec                  
[  6] 239.00-240.00 sec  52.9 MBytes   444 Mbits/sec                  
[  6] 240.00-241.00 sec  50.1 MBytes   420 Mbits/sec                  
[  6] 241.00-242.00 sec  49.6 MBytes   416 Mbits/sec                  
[  6] 242.00-243.00 sec  47.6 MBytes   399 Mbits/sec                  
[  6] 243.00-244.00 sec  49.0 MBytes   411 Mbits/sec                  
[  6] 244.00-245.00 sec  51.9 MBytes   435 Mbits/sec                  
[  6] 245.00-246.00 sec  49.7 MBytes   417 Mbits/sec                  
[  6] 246.00-247.00 sec  50.0 MBytes   419 Mbits/sec                  
[  6] 247.00-248.00 sec  48.1 MBytes   404 Mbits/sec                  
[  6] 248.00-249.00 sec  49.3 MBytes   413 Mbits/sec                  
[  6] 249.00-250.00 sec  50.2 MBytes   421 Mbits/sec                  
[  6] 250.00-251.00 sec  51.6 MBytes   433 Mbits/sec                  
[  6] 251.00-252.00 sec  48.8 MBytes   410 Mbits/sec                  
[  6] 252.00-253.00 sec  48.6 MBytes   408 Mbits/sec                  
[  6] 253.00-254.00 sec  45.7 MBytes   383 Mbits/sec                  
[  6] 254.00-255.00 sec  50.4 MBytes   423 Mbits/sec                  
[  6] 255.00-256.00 sec  57.4 MBytes   482 Mbits/sec                  
[  6] 256.00-257.00 sec  54.9 MBytes   460 Mbits/sec                  
[  6] 257.00-258.00 sec  59.1 MBytes   496 Mbits/sec                  
[  6] 258.00-259.00 sec  56.7 MBytes   476 Mbits/sec                  
[  6] 259.00-260.00 sec  57.0 MBytes   478 Mbits/sec                  
[  6] 260.00-261.00 sec  58.8 MBytes   493 Mbits/sec                  
[  6] 261.00-262.00 sec  62.2 MBytes   522 Mbits/sec                  
[  6] 262.00-263.00 sec  61.1 MBytes   513 Mbits/sec                  
[  6] 263.00-264.00 sec  65.3 MBytes   548 Mbits/sec                  
[  6] 264.00-265.00 sec  62.9 MBytes   528 Mbits/sec                  
[  6] 265.00-266.00 sec  69.9 MBytes   586 Mbits/sec                  
[  6] 266.00-267.00 sec  74.0 MBytes   621 Mbits/sec                  
[  6] 267.00-268.00 sec  60.8 MBytes   510 Mbits/sec                  
[  6] 268.00-269.00 sec  57.6 MBytes   483 Mbits/sec                  
[  6] 269.00-270.00 sec  63.8 MBytes   535 Mbits/sec                  
[  6] 270.00-271.00 sec  65.4 MBytes   549 Mbits/sec                  
[  6] 271.00-272.00 sec  58.2 MBytes   488 Mbits/sec                  
[  6] 272.00-273.00 sec  1.20 MBytes  10.1 Mbits/sec                  
[  6] 273.00-274.00 sec  23.8 MBytes   200 Mbits/sec                  
[  6] 274.00-275.00 sec  60.8 MBytes   510 Mbits/sec                  
[  6] 275.00-276.00 sec  60.8 MBytes   510 Mbits/sec                  
[  6] 276.00-277.00 sec  59.3 MBytes   498 Mbits/sec                  
[  6] 277.00-278.00 sec  58.8 MBytes   493 Mbits/sec                  
[  6] 278.00-279.00 sec  59.3 MBytes   498 Mbits/sec                  
[  6] 279.00-280.00 sec  57.9 MBytes   485 Mbits/sec                  
[  6] 280.00-281.00 sec  61.7 MBytes   518 Mbits/sec                  
[  6] 281.00-282.00 sec  60.8 MBytes   510 Mbits/sec                  
[  6] 282.00-283.00 sec  60.9 MBytes   511 Mbits/sec                  
[  6] 283.00-284.00 sec  61.0 MBytes   511 Mbits/sec                  
[  6] 284.00-285.00 sec  58.2 MBytes   488 Mbits/sec                  
[  6] 285.00-286.00 sec  58.0 MBytes   487 Mbits/sec                  
[  6] 286.00-287.00 sec  57.6 MBytes   483 Mbits/sec                  
[  6] 287.00-288.00 sec  57.1 MBytes   479 Mbits/sec                  
[  6] 288.00-289.00 sec  57.7 MBytes   484 Mbits/sec                  
[  6] 289.00-290.00 sec  55.2 MBytes   463 Mbits/sec                  
[  6] 290.00-291.00 sec  56.1 MBytes   471 Mbits/sec                  
[  6] 291.00-292.00 sec  53.3 MBytes   447 Mbits/sec                  
[  6] 292.00-293.00 sec  57.7 MBytes   484 Mbits/sec                  
[  6] 293.00-294.00 sec  45.1 MBytes   378 Mbits/sec                  
[  6] 294.00-295.00 sec  58.7 MBytes   492 Mbits/sec                  
[  6] 295.00-296.00 sec  62.1 MBytes   521 Mbits/sec                  
[  6] 296.00-297.00 sec  60.9 MBytes   511 Mbits/sec                  
[  6] 297.00-298.00 sec  62.8 MBytes   527 Mbits/sec                  
[  6] 298.00-299.00 sec  61.0 MBytes   512 Mbits/sec                  
[  6] 299.00-300.00 sec  56.2 MBytes   471 Mbits/sec                  
- - - - - - - - - - - - - - - - - - - - - - - - -
[ ID] Interval           Transfer     Bitrate         Retr
[  6]   0.00-300.00 sec  19.8 GBytes   566 Mbits/sec  1979             sender
[  6]   0.00-300.00 sec  19.8 GBytes   566 Mbits/sec                  receiver

iperf Done.
