1,-78.6963363,35.7274132,0.01,"(0.09954323619604111,-0.10814207792282104,-0.03158092498779297)","(0.0,0.01,0.0)",24.974,2024-04-15 12:23:05.304134,3,16
2,-78.6963364,35.7274132,-0.014,"(0.0993310809135437,-0.1081233024597168,-0.031759850680828094)","(0.0,0.0,0.0)",24.973,2024-04-15 12:23:06.317286,3,16
3,-78.6963364,35.7274132,-0.019,"(0.09955718368291855,-0.10812518745660782,-0.03169551119208336)","(0.0,0.0,0.0)",24.972,2024-04-15 12:23:07.328085,3,16
4,-78.6963363,35.727413,0.001,"(0.09967907518148422,-0.1083947941660881,-0.031649284064769745)","(0.0,0.01,0.0)",24.973,2024-04-15 12:23:08.337851,3,16
5,-78.6963361,35.7274129,0.017,"(0.09974657744169235,-0.10792035609483719,-0.03160236403346062)","(0.0,0.01,-0.01)",24.972,2024-04-15 12:23:09.349351,3,16
6,-78.6963361,35.7274129,0.024,"(0.09968609362840652,-0.10760796070098877,-0.032005324959754944)","(0.0,0.01,-0.01)",24.971,2024-04-15 12:23:10.353880,3,16
7,-78.6963362,35.7274129,-0.008,"(0.09996549040079117,-0.10754802078008652,-0.032270900905132294)","(0.0,0.0,0.0)",24.961,2024-04-15 12:23:11.364004,3,16
8,-78.6963361,35.7274127,-0.025,"(0.10032389312982559,-0.10697272419929504,-0.032168544828891754)","(-0.01,0.0,0.0)",24.969,2024-04-15 12:23:12.374743,3,16
9,-78.696336,35.7274127,-0.024,"(0.10009080171585083,-0.10720282793045044,-0.032157015055418015)","(0.0,0.0,0.0)",24.97,2024-04-15 12:23:13.385620,3,16
10,-78.696336,35.7274127,-0.018,"(0.09997779875993729,-0.10681433230638504,-0.032021664083004)","(0.0,0.0,0.0)",24.97,2024-04-15 12:23:14.395754,3,16
11,-78.6963358,35.7274126,-0.006,"(0.1000988706946373,-0.10613393038511276,-0.031752824783325195)","(0.0,0.01,0.0)",24.969,2024-04-15 12:23:15.406773,3,16
12,-78.6963356,35.7274124,0.034,"(0.10019973665475845,-0.10592979192733765,-0.03188374266028404)","(-0.01,0.01,-0.01)",24.969,2024-04-15 12:23:16.417711,3,16
13,-78.6963355,35.7274123,0.054,"(0.09978148341178894,-0.10579536110162735,-0.03206617385149002)","(0.0,0.01,-0.01)",24.968,2024-04-15 12:23:17.428186,3,16
14,-78.6963352,35.7274122,0.079,"(0.09976036101579666,-0.10583014041185379,-0.03187413141131401)","(0.0,0.01,-0.02)",24.969,2024-04-15 12:23:18.438042,3,16
15,-78.696335,35.7274122,0.091,"(0.09975071996450424,-0.10612551867961884,-0.0318424254655838)","(0.0,0.01,-0.02)",24.969,2024-04-15 12:23:19.448632,3,16
16,-78.6963348,35.7274122,0.092,"(0.09969709068536758,-0.10661628842353821,-0.0315743051469326)","(0.0,0.01,-0.01)",24.968,2024-04-15 12:23:20.459594,3,16
17,-78.6963347,35.7274123,0.072,"(0.09979970753192902,-0.10672002285718918,-0.03182580694556236)","(0.0,0.01,0.0)",24.967,2024-04-15 12:23:21.470693,3,16
18,-78.6963347,35.7274123,0.078,"(0.0998290553689003,-0.10635113716125488,-0.03193825110793114)","(0.0,0.0,0.0)",24.97,2024-04-15 12:23:22.481903,3,16
19,-78.6963346,35.7274123,0.095,"(0.09967909753322601,-0.10601846128702164,-0.031782492995262146)","(0.01,0.0,0.0)",24.969,2024-04-15 12:23:23.492741,3,16
20,-78.6963343,35.7274124,0.106,"(0.09978676587343216,-0.10588183999061584,-0.03159545361995697)","(0.01,0.01,-0.01)",24.97,2024-04-15 12:23:24.503107,3,16
21,-78.6963341,35.7274124,0.095,"(0.0998963788151741,-0.10626228153705597,-0.03179088234901428)","(0.0,0.01,0.0)",24.97,2024-04-15 12:23:25.513820,3,16
22,-78.6963341,35.7274126,0.091,"(0.09983411431312561,-0.1063816025853157,-0.03218625485897064)","(0.01,0.0,0.0)",24.967,2024-04-15 12:23:26.524163,3,16
23,-78.6963339,35.7274126,0.089,"(0.1001705750823021,-0.10646399855613708,-0.03208230063319206)","(0.0,0.0,0.0)",24.97,2024-04-15 12:23:27.534379,3,16
24,-78.6963336,35.7274126,0.096,"(0.10056570172309875,-0.10614091902971268,-0.031930867582559586)","(0.0,0.01,-0.01)",24.969,2024-04-15 12:23:28.538311,3,16
25,-78.6963334,35.7274126,0.09,"(0.10034631192684174,-0.10600750893354416,-0.03177443519234657)","(0.0,0.01,0.0)",24.97,2024-04-15 12:23:29.548903,3,16
26,-78.6963335,35.7274126,0.073,"(0.10046915709972382,-0.10625487565994263,-0.03175366669893265)","(0.0,0.0,0.0)",24.969,2024-04-15 12:23:30.559179,3,16
27,-78.6963334,35.7274126,0.074,"(0.10030866414308548,-0.10612316429615021,-0.0318649522960186)","(0.0,0.0,0.0)",24.963,2024-04-15 12:23:31.569553,3,16
28,-78.6963334,35.7274126,0.092,"(0.10013517737388611,-0.10607869178056717,-0.0319066159427166)","(0.0,0.0,0.0)",24.97,2024-04-15 12:23:32.579816,3,16
29,-78.6963332,35.7274125,0.118,"(0.10082834959030151,-0.10529088228940964,-0.032049067318439484)","(-0.01,0.01,-0.01)",24.968,2024-04-15 12:23:33.590918,3,16
30,-78.696333,35.7274124,0.137,"(0.1007082462310791,-0.1051628589630127,-0.031960684806108475)","(-0.01,0.01,-0.01)",24.967,2024-04-15 12:23:34.601746,3,16
31,-78.696333,35.7274124,0.147,"(0.10052292048931122,-0.1055099368095398,-0.03193384408950806)","(-0.01,0.01,-0.01)",24.968,2024-04-15 12:23:35.612709,3,16
32,-78.696333,35.7274124,0.148,"(0.10012854635715485,-0.10533911734819412,-0.032092541456222534)","(0.0,0.0,-0.01)",24.969,2024-04-15 12:23:36.623246,3,16
33,-78.6963329,35.7274124,0.147,"(0.09989358484745026,-0.10525725036859512,-0.03218883275985718)","(0.0,0.0,0.0)",24.969,2024-04-15 12:23:37.626738,3,16
34,-78.6963328,35.7274124,0.162,"(0.09987518191337585,-0.1056341901421547,-0.032336968928575516)","(0.0,0.0,0.0)",24.971,2024-04-15 12:23:38.636347,3,16
35,-78.6963324,35.7274123,0.153,"(0.10008325427770615,-0.10574083030223846,-0.03200419619679451)","(0.0,0.01,0.0)",24.969,2024-04-15 12:23:39.646696,3,16
36,-78.6963323,35.7274123,0.157,"(0.0997694879770279,-0.10557126253843307,-0.032068099826574326)","(0.0,0.01,-0.01)",24.969,2024-04-15 12:23:40.657715,3,16
37,-78.6963321,35.7274122,0.172,"(0.09957683086395264,-0.10528293997049332,-0.03203762322664261)","(0.0,0.01,-0.01)",24.968,2024-04-15 12:23:41.668692,3,16
38,-78.6963319,35.7274122,0.175,"(0.09972250461578369,-0.10523117333650589,-0.0321434885263443)","(0.0,0.01,-0.01)",24.969,2024-04-15 12:23:42.679350,3,16
39,-78.6963317,35.7274121,0.144,"(0.09953585267066956,-0.10513686388731003,-0.032007019966840744)","(0.0,0.01,0.0)",24.97,2024-04-15 12:23:43.689784,3,16
40,-78.6963313,35.7274121,0.137,"(0.099427230656147,-0.10542977601289749,-0.03179626166820526)","(0.01,0.02,0.0)",24.969,2024-04-15 12:23:44.700685,3,16
41,-78.696331,35.727412,0.122,"(0.09948603808879852,-0.1053575947880745,-0.0321156270802021)","(0.0,0.02,0.0)",24.97,2024-04-15 12:23:45.711136,3,16
42,-78.6963309,35.7274119,0.132,"(0.09946345537900925,-0.10506778955459595,-0.032290007919073105)","(0.0,0.01,0.0)",24.972,2024-04-15 12:23:46.721576,3,16
43,-78.6963305,35.7274118,0.142,"(0.09980351477861404,-0.10505392402410507,-0.03214855119585991)","(0.0,0.02,0.0)",24.968,2024-04-15 12:23:47.731981,3,16
44,-78.6963304,35.7274118,0.124,"(0.09958857297897339,-0.10550778359174728,-0.03246833756566048)","(0.0,0.01,0.0)",24.97,2024-04-15 12:23:48.736765,3,16
45,-78.6963303,35.7274118,0.118,"(0.09962960332632065,-0.10614917427301407,-0.032623257488012314)","(0.0,0.0,0.0)",24.969,2024-04-15 12:23:49.747078,3,16
46,-78.6963303,35.7274117,0.091,"(0.0998532623052597,-0.10618048161268234,-0.03288472071290016)","(0.0,0.0,0.0)",24.969,2024-04-15 12:23:50.757328,3,16
47,-78.6963302,35.7274115,0.109,"(0.09997746348381042,-0.1060110554099083,-0.03248824551701546)","(0.0,0.0,0.0)",24.969,2024-04-15 12:23:51.767715,3,16
48,-78.6963301,35.7274116,0.107,"(0.09973777830600739,-0.10597797483205795,-0.03244945406913757)","(0.0,0.0,0.0)",24.968,2024-04-15 12:23:52.778767,3,16
49,-78.6963301,35.7274116,0.104,"(0.09978609532117844,-0.1064336746931076,-0.03266313672065735)","(0.0,0.0,0.0)",24.969,2024-04-15 12:23:53.788851,3,16
50,-78.6963301,35.7274116,0.102,"(0.0998014509677887,-0.10623288154602051,-0.03235498443245888)","(0.0,0.0,0.0)",24.968,2024-04-15 12:23:54.799626,3,16
51,-78.6963299,35.7274116,0.117,"(0.10002778470516205,-0.10558458417654037,-0.03228946402668953)","(0.0,0.0,0.0)",24.968,2024-04-15 12:23:55.809896,3,16
52,-78.6963298,35.7274117,0.152,"(0.0998934879899025,-0.10523159801959991,-0.032132092863321304)","(0.0,0.01,-0.01)",24.969,2024-04-15 12:23:56.820564,3,16
53,-78.6963296,35.7274116,0.192,"(0.10002429038286209,-0.10498674213886261,-0.03179587051272392)","(-0.01,0.02,-0.02)",24.968,2024-04-15 12:23:57.830642,3,16
54,-78.6963296,35.7274117,0.187,"(0.09968314319849014,-0.10553459078073502,-0.03198598325252533)","(0.0,0.02,-0.01)",24.966,2024-04-15 12:23:58.841319,3,16
55,-78.6963296,35.7274119,0.177,"(0.09943968802690506,-0.10586623847484589,-0.032054975628852844)","(0.0,0.01,0.0)",24.969,2024-04-15 12:23:59.846499,3,16
56,-78.6963295,35.7274121,0.159,"(0.0995870977640152,-0.1056981161236763,-0.03193746507167816)","(0.01,0.01,0.0)",24.968,2024-04-15 12:24:00.856513,3,16
57,-78.6963295,35.7274122,0.157,"(0.09972132742404938,-0.10573972761631012,-0.03171338140964508)","(0.01,0.01,0.0)",24.963,2024-04-15 12:24:01.867594,3,16
58,-78.6963295,35.7274123,0.131,"(0.09980235248804092,-0.10611388832330704,-0.031944241374731064)","(0.0,0.01,0.0)",24.967,2024-04-15 12:24:02.877922,3,16
59,-78.6963297,35.7274125,0.099,"(0.09971416741609573,-0.10624802857637405,-0.03223881497979164)","(0.01,0.0,0.0)",24.967,2024-04-15 12:24:03.888492,3,16
60,-78.6963298,35.7274126,0.06,"(0.09977281838655472,-0.10652051120996475,-0.032237716019153595)","(0.01,0.0,0.01)",24.967,2024-04-15 12:24:04.899198,3,16
61,-78.6963298,35.7274126,0.085,"(0.10004332661628723,-0.10680997371673584,-0.03242740407586098)","(0.0,0.0,0.0)",24.966,2024-04-15 12:24:05.909052,3,16
62,-78.6963298,35.7274126,0.087,"(0.10008205473423004,-0.10705512762069702,-0.03223099187016487)","(0.0,0.0,0.0)",24.966,2024-04-15 12:24:06.919278,3,16
63,-78.6963298,35.7274126,0.089,"(0.10000923275947571,-0.10670945048332214,-0.03224443644285202)","(0.0,0.0,0.0)",24.965,2024-04-15 12:24:07.930504,3,16
64,-78.6963299,35.7274126,0.096,"(0.09990978240966797,-0.1066947877407074,-0.032133057713508606)","(0.0,0.0,0.0)",24.966,2024-04-15 12:24:08.941032,3,16
65,-78.69633,35.7274125,0.102,"(0.10003776848316193,-0.1063331589102745,-0.03219941258430481)","(0.0,0.0,0.0)",24.966,2024-04-15 12:24:09.951772,3,16
66,-78.6963302,35.7274125,0.121,"(0.09981796145439148,-0.10598812252283096,-0.03220480680465698)","(0.0,0.0,-0.01)",24.966,2024-04-15 12:24:10.962015,3,16
67,-78.6963304,35.7274126,0.134,"(0.09999055415391922,-0.10601907968521118,-0.03212574124336243)","(0.0,0.0,-0.02)",24.963,2024-04-15 12:24:11.972190,3,16
68,-78.6963304,35.7274127,0.139,"(0.10014108568429947,-0.10633055865764618,-0.032112620770931244)","(0.0,0.0,-0.02)",24.966,2024-04-15 12:24:12.982465,3,16
69,-78.6963306,35.7274127,0.141,"(0.10026134550571442,-0.10599801689386368,-0.032316651195287704)","(0.0,0.0,-0.01)",24.966,2024-04-15 12:24:13.990329,3,16
70,-78.6963308,35.7274128,0.147,"(0.10048247128725052,-0.1060342788696289,-0.03240638226270676)","(0.0,-0.01,-0.01)",24.965,2024-04-15 12:24:15.000939,3,16
71,-78.696331,35.727413,0.15,"(0.10061020404100418,-0.10592292249202728,-0.03232991695404053)","(0.0,0.0,-0.01)",24.966,2024-04-15 12:24:16.011063,3,16
72,-78.6963309,35.7274131,0.151,"(0.10062423348426819,-0.10537109524011612,-0.0320909209549427)","(0.0,0.0,0.0)",24.965,2024-04-15 12:24:17.022003,3,16
73,-78.6963307,35.7274133,0.145,"(0.10074972361326218,-0.10519742220640182,-0.032120801508426666)","(0.0,0.01,0.0)",24.966,2024-04-15 12:24:18.032982,3,16
74,-78.6963306,35.7274132,0.172,"(0.10101879388093948,-0.1052757278084755,-0.031945426017045975)","(-0.01,0.01,-0.01)",24.966,2024-04-15 12:24:19.043683,3,16
75,-78.6963305,35.7274132,0.187,"(0.101080521941185,-0.1054869070649147,-0.032131388783454895)","(-0.02,0.02,-0.01)",24.965,2024-04-15 12:24:20.054092,3,16
76,-78.6963306,35.7274132,0.15,"(0.10106217116117477,-0.10606032609939575,-0.03261211887001991)","(-0.01,0.0,0.0)",24.965,2024-04-15 12:24:21.065186,3,16
77,-78.6963307,35.7274134,0.142,"(0.10090719908475876,-0.10596062988042831,-0.032718461006879807)","(-0.01,0.0,0.0)",24.964,2024-04-15 12:24:22.075955,3,16
78,-78.6963307,35.7274135,0.148,"(0.10098869353532791,-0.10553418844938278,-0.0327703133225441)","(-0.01,0.0,0.0)",24.966,2024-04-15 12:24:23.087179,3,16
79,-78.6963307,35.7274135,0.138,"(0.10102833062410355,-0.10533380508422852,-0.032522473484277725)","(-0.01,0.0,0.0)",24.963,2024-04-15 12:24:24.097989,3,16
80,-78.6963307,35.7274135,0.118,"(0.10104376822710037,-0.1056455746293068,-0.032869853079319)","(-0.01,0.0,0.0)",24.966,2024-04-15 12:24:25.108140,3,16
81,-78.6963308,35.7274135,0.124,"(0.10072439908981323,-0.10591300576925278,-0.03289439156651497)","(-0.01,0.0,0.0)",24.965,2024-04-15 12:24:26.118730,3,16
82,-78.696331,35.7274136,0.085,"(0.10031504184007645,-0.10590810328722,-0.03308089077472687)","(0.0,0.0,0.01)",24.966,2024-04-15 12:24:27.122419,3,16
83,-78.6963312,35.7274136,0.046,"(0.10029948502779007,-0.10625137388706207,-0.03335253521800041)","(0.0,-0.01,0.01)",24.966,2024-04-15 12:24:28.133277,3,16
84,-78.6963312,35.7274137,0.045,"(0.10049767792224884,-0.10635833442211151,-0.033283691853284836)","(0.0,-0.01,0.0)",24.967,2024-04-15 12:24:29.143251,3,16
85,-78.6963312,35.7274136,0.063,"(0.10090763121843338,-0.10630995780229568,-0.03302798792719841)","(-0.01,-0.01,0.0)",24.965,2024-04-15 12:24:30.147116,3,16
86,-78.6963312,35.7274136,0.056,"(0.1009674072265625,-0.10602107644081116,-0.03291599452495575)","(-0.01,0.0,0.0)",24.966,2024-04-15 12:24:31.157701,3,16
87,-78.6963313,35.7274137,0.095,"(0.10073599964380264,-0.10631260275840759,-0.03303511068224907)","(-0.01,0.0,-0.01)",24.963,2024-04-15 12:24:32.168647,3,16
88,-78.6963314,35.7274137,0.078,"(0.10083731263875961,-0.1058465763926506,-0.03308407962322235)","(-0.01,-0.01,-0.01)",24.965,2024-04-15 12:24:33.176726,3,16
89,-78.6963316,35.7274137,0.066,"(0.10086343437433243,-0.10518044978380203,-0.03289563208818436)","(-0.01,-0.01,-0.01)",24.965,2024-04-15 12:24:34.186855,3,16
90,-78.6963318,35.7274136,0.087,"(0.1006140187382698,-0.10539718717336655,-0.03265796974301338)","(-0.01,-0.01,-0.01)",24.965,2024-04-15 12:24:35.197748,3,16
91,-78.6963319,35.7274136,0.115,"(0.10049924999475479,-0.10466253757476807,-0.03258137404918671)","(0.0,-0.01,-0.01)",24.964,2024-04-15 12:24:36.207739,3,16
92,-78.6963323,35.7274136,0.126,"(0.10020244121551514,-0.10440077632665634,-0.03248099237680435)","(0.0,-0.01,-0.01)",24.964,2024-04-15 12:24:37.218406,3,16
93,-78.6963324,35.7274136,0.143,"(0.10015956312417984,-0.1043657585978508,-0.032214365899562836)","(0.0,-0.01,-0.02)",24.963,2024-04-15 12:24:38.222844,3,16
94,-78.6963324,35.7274136,0.163,"(0.10025213658809662,-0.10369107872247696,-0.03205665200948715)","(0.0,0.0,-0.01)",24.966,2024-04-15 12:24:39.233683,3,16
95,-78.6963323,35.7274136,0.157,"(0.10015147924423218,-0.10334373265504837,-0.032086875289678574)","(0.0,0.0,-0.01)",24.965,2024-04-15 12:24:40.244345,3,16
96,-78.6963323,35.7274136,0.125,"(0.09995981305837631,-0.10333935171365738,-0.03219210356473923)","(0.0,0.0,0.0)",24.963,2024-04-15 12:24:41.254780,3,16
97,-78.6963323,35.7274136,0.106,"(0.10013986378908157,-0.10348375141620636,-0.032064273953437805)","(0.0,0.0,0.0)",24.964,2024-04-15 12:24:42.265731,3,16
98,-78.6963323,35.7274136,0.1,"(0.10029105097055435,-0.10331587493419647,-0.0320839062333107)","(0.0,0.0,0.0)",24.965,2024-04-15 12:24:43.271472,3,16
99,-78.6963323,35.7274136,0.082,"(0.10023684799671173,-0.10343064367771149,-0.032018378376960754)","(0.0,0.01,0.0)",24.964,2024-04-15 12:24:44.281376,3,16
100,-78.6963323,35.7274136,0.08,"(0.10015211999416351,-0.10312772542238235,-0.032178863883018494)","(0.0,0.0,0.0)",24.965,2024-04-15 12:24:45.292065,3,16
101,-78.6963323,35.7274136,0.025,"(0.10005488991737366,-0.10281050205230713,-0.032044947147369385)","(0.0,0.0,0.0)",24.96,2024-04-15 12:24:46.302359,3,16
102,-78.6963323,35.7274136,0.033,"(0.09986693412065506,-0.10291647166013718,-0.03208748623728752)","(0.0,0.0,0.0)",24.961,2024-04-15 12:24:47.315206,3,16
103,-78.6963322,35.7274135,0.059,"(0.09974266588687897,-0.10275205969810486,-0.03163757547736168)","(0.0,0.01,0.0)",24.951,2024-04-15 12:24:48.322707,3,16
104,-78.696332,35.7274134,0.071,"(0.09984379261732101,-0.10073703527450562,-0.031476303935050964)","(-0.01,0.02,0.0)",24.96,2024-04-15 12:24:49.333383,3,16
105,-78.6963319,35.7274135,0.075,"(0.09966824948787689,-0.09943948686122894,-0.03136204555630684)","(0.0,0.01,0.0)",24.958,2024-04-15 12:24:50.343671,3,16
106,-78.6963319,35.7274135,0.061,"(0.09958431869745255,-0.09838904440402985,-0.03132321685552597)","(0.0,0.01,0.0)",24.958,2024-04-15 12:24:51.355209,3,16
107,-78.6963317,35.7274133,0.097,"(0.09971629828214645,-0.09723495692014694,-0.03132087364792824)","(0.0,0.02,-0.01)",24.952,2024-04-15 12:24:52.365960,3,16
108,-78.6963317,35.7274133,0.087,"(0.099148228764534,-0.09635358303785324,-0.031373392790555954)","(0.0,0.01,-0.01)",24.953,2024-04-15 12:24:53.376504,3,16
109,-78.6963315,35.7274126,0.244,"(-0.05177111178636551,-0.1578981876373291,0.00625778641551733)","(-0.11,0.02,-0.5)",24.705,2024-04-15 12:24:54.381355,3,16
110,-78.6963304,35.7274124,1.334,"(-0.024546727538108826,-0.17785875499248505,-0.03331921249628067)","(-0.05,0.08,-1.45)",24.657,2024-04-15 12:24:55.391301,3,16
111,-78.6963303,35.7274122,3.311,"(-0.03091440349817276,-0.17950081825256348,-0.03891047462821007)","(0.06,-0.01,-2.36)",24.617,2024-04-15 12:24:56.401169,3,16
112,-78.6963312,35.7274125,5.738,"(-0.02768361195921898,-0.12938134372234344,-0.017823651432991028)","(-0.01,-0.02,-2.49)",24.644,2024-04-15 12:24:57.411382,3,16
113,-78.6963313,35.7274127,8.185,"(-0.013280225917696953,-0.1432856172323227,-0.03915994241833687)","(-0.04,0.0,-2.52)",24.654,2024-04-15 12:24:58.421371,3,16
114,-78.6963313,35.7274122,10.702,"(-0.04096072167158127,-0.1389627307653427,-0.02578054368495941)","(0.0,-0.01,-2.53)",24.65,2024-04-15 12:24:59.432040,3,16
115,-78.6963314,35.7274122,13.27,"(-0.04371726140379906,-0.12011115998029709,-0.0020324457436800003)","(0.06,-0.02,-2.48)",24.656,2024-04-15 12:25:00.443642,3,16
116,-78.6963311,35.7274136,15.739,"(-0.01230754517018795,-0.11252673715353012,-0.009374545887112617)","(0.12,0.04,-2.46)",24.629,2024-04-15 12:25:01.454071,3,16
117,-78.6963305,35.7274145,18.27,"(0.0019175708293914795,-0.16124533116817474,-0.04142224043607712)","(0.02,0.01,-2.44)",24.624,2024-04-15 12:25:02.464475,3,16
118,-78.6963316,35.7274136,20.724,"(-0.024606868624687195,-0.14906428754329681,-0.024095524102449417)","(-0.24,-0.14,-2.47)",24.616,2024-04-15 12:25:03.474481,3,16
119,-78.6963324,35.7274124,23.193,"(-0.020245760679244995,-0.07640256732702255,-0.01583855040371418)","(-0.07,0.02,-2.53)",24.619,2024-04-15 12:25:04.484437,3,16
120,-78.6963318,35.7274122,25.698,"(-0.046781957149505615,-0.12245216220617294,-0.02050779014825821)","(0.04,0.03,-2.17)",24.647,2024-04-15 12:25:05.494204,3,16
121,-78.6963314,35.7274128,27.605,"(-0.015357555821537971,-0.12625627219676971,-0.026916980743408203)","(0.04,0.03,-1.57)",24.636,2024-04-15 12:25:06.505980,3,16
122,-78.6963308,35.7274128,28.976,"(-0.03527681902050972,-0.13141360878944397,-0.03731759265065193)","(-0.03,0.01,-1.07)",24.639,2024-04-15 12:25:07.516735,3,16
123,-78.6963306,35.7274126,29.834,"(-0.02748381346464157,-0.12621191143989563,-0.0486522875726223)","(-0.06,0.0,-0.54)",24.646,2024-04-15 12:25:08.527995,3,16
124,-78.6963311,35.727412,30.046,"(-0.01872166432440281,-0.13691624999046326,0.028021421283483505)","(-0.01,-0.04,0.09)",24.639,2024-04-15 12:25:09.538440,3,16
125,-78.6963312,35.7274131,29.97,"(-0.01774892397224903,-0.10347681492567062,-0.0010671811178326607)","(0.21,-0.1,0.04)",24.596,2024-04-15 12:25:10.549995,3,16
126,-78.6963317,35.7274141,29.912,"(-0.0009615244343876839,-0.04686650633811951,-0.012326138094067574)","(0.06,0.01,-0.02)",24.619,2024-04-15 12:25:11.561082,3,16
127,-78.6963317,35.7274141,29.944,"(0.026380162686109543,-0.02654150500893593,-0.03265853226184845)","(-0.03,0.0,-0.04)",24.631,2024-04-15 12:25:12.571983,3,16
128,-78.6963343,35.7274029,29.929,"(0.251843124628067,-0.06695904582738876,-0.03960191830992699)","(-2.45,-0.28,0.03)",24.603,2024-04-15 12:25:13.582712,3,16
129,-78.6963402,35.7273713,29.919,"(0.05732714384794235,-0.15650440752506256,-0.07259213924407959)","(-4.18,-0.74,-0.11)",24.608,2024-04-15 12:25:14.593023,3,16
130,-78.6963481,35.7273304,30.011,"(0.025206252932548523,-0.19994203746318817,-0.05067651718854904)","(-4.85,-0.74,-0.08)",24.649,2024-04-15 12:25:15.604392,3,16
131,-78.6963568,35.7272862,30.108,"(0.03443313390016556,-0.19031354784965515,-0.03337588533759117)","(-5.15,-0.8,0.11)",24.622,2024-04-15 12:25:16.614422,3,16
132,-78.6963689,35.7272299,30.134,"(0.023059967905282974,-0.21653634309768677,-0.023225829005241394)","(-4.99,-0.92,0.06)",24.62,2024-04-15 12:25:17.624733,3,16
133,-78.6963776,35.7271851,30.032,"(0.04658536985516548,-0.1883491426706314,-0.022280527278780937)","(-5.0,-0.7,0.07)",24.682,2024-04-15 12:25:18.635603,3,16
134,-78.6963842,35.7271397,29.93,"(-0.007650317158550024,-0.18216294050216675,-0.07520219683647156)","(-5.01,-0.61,-0.01)",24.644,2024-04-15 12:25:19.647279,3,16
135,-78.6963926,35.7270955,29.929,"(0.03668639063835144,-0.1591828465461731,-0.08326615393161774)","(-4.89,-0.76,-0.02)",24.665,2024-04-15 12:25:20.658161,3,16
136,-78.696402,35.7270514,29.839,"(0.04541986063122749,-0.16352838277816772,-0.07674022018909454)","(-4.87,-0.91,-0.04)",24.595,2024-04-15 12:25:21.668890,3,16
137,-78.6964116,35.7270072,29.991,"(0.029571179300546646,-0.14282673597335815,-0.0787729024887085)","(-4.86,-0.78,-0.14)",24.647,2024-04-15 12:25:22.680485,3,16
138,-78.6964206,35.7269635,29.89,"(0.05562852323055267,-0.17021925747394562,-0.09686005115509033)","(-4.81,-0.84,-0.05)",24.647,2024-04-15 12:25:23.691174,3,16
139,-78.6964301,35.7269196,29.84,"(0.07289750874042511,-0.18971192836761475,-0.06726829707622528)","(-4.97,-0.77,-0.11)",24.616,2024-04-15 12:25:24.702734,3,16
140,-78.6964382,35.7268747,29.831,"(0.04138318821787834,-0.1436241716146469,-0.09081900119781494)","(-4.96,-0.76,-0.17)",24.594,2024-04-15 12:25:25.713199,3,16
141,-78.6964468,35.7268304,29.897,"(0.06596724689006805,-0.1575586348772049,-0.10294009745121002)","(-4.94,-0.76,-0.1)",24.595,2024-04-15 12:25:26.724278,3,16
142,-78.6964557,35.7267858,29.899,"(0.047358881682157516,-0.14117316901683807,-0.08324688673019409)","(-5.01,-0.79,-0.1)",24.601,2024-04-15 12:25:27.734893,3,16
143,-78.6964652,35.7267409,29.877,"(0.04889688268303871,-0.12651069462299347,-0.08167661726474762)","(-4.89,-0.85,-0.05)",24.587,2024-04-15 12:25:28.745740,3,16
144,-78.6964742,35.7266969,29.871,"(0.05708262324333191,-0.12681712210178375,-0.0780850499868393)","(-4.91,-0.79,-0.04)",24.562,2024-04-15 12:25:29.752185,3,16
145,-78.6964824,35.7266526,29.957,"(0.05195679888129234,-0.14728699624538422,-0.09510654211044312)","(-4.92,-0.77,-0.09)",24.569,2024-04-15 12:25:30.762695,3,16
146,-78.6964915,35.726608,29.93,"(0.04043852537870407,-0.1752215176820755,-0.07434982061386108)","(-4.94,-0.82,0.0)",24.561,2024-04-15 12:25:31.773454,3,16
147,-78.6965003,35.7265638,29.874,"(0.07361850887537003,-0.15512792766094208,-0.08914390206336975)","(-4.89,-0.75,-0.05)",24.55,2024-04-15 12:25:32.787481,3,16
148,-78.6965086,35.7265195,29.823,"(0.06558972597122192,-0.1541464924812317,-0.1167837530374527)","(-4.9,-0.7,-0.09)",24.526,2024-04-15 12:25:33.799140,3,16
149,-78.6965174,35.726476,29.854,"(0.07547766715288162,-0.1508561223745346,-0.12613160908222198)","(-4.8,-0.8,-0.21)",24.544,2024-04-15 12:25:34.809940,3,16
150,-78.6965278,35.7264318,29.894,"(0.06842903792858124,-0.13004794716835022,-0.07295288145542145)","(-5.03,-0.9,-0.08)",24.556,2024-04-15 12:25:35.820458,3,16
151,-78.6965369,35.7263862,29.918,"(0.031587909907102585,-0.130000501871109,-0.07354623079299927)","(-5.02,-0.78,-0.09)",24.55,2024-04-15 12:25:36.830869,3,16
152,-78.6965452,35.7263417,29.816,"(0.044709160923957825,-0.14280016720294952,-0.07647544145584106)","(-4.96,-0.69,-0.13)",24.521,2024-04-15 12:25:37.841810,3,16
153,-78.6965535,35.7262975,29.85,"(0.04530392214655876,-0.1415848284959793,-0.08336430788040161)","(-4.85,-0.75,-0.13)",24.542,2024-04-15 12:25:38.851905,3,16
154,-78.6965619,35.7262537,29.865,"(0.05672837048768997,-0.11953619122505188,-0.09348241984844208)","(-4.86,-0.78,-0.16)",24.549,2024-04-15 12:25:39.862429,3,16
155,-78.6965725,35.7261987,29.832,"(0.07292329519987106,-0.11681699752807617,-0.11018837988376617)","(-4.92,-0.73,-0.16)",24.538,2024-04-15 12:25:40.873301,3,16
156,-78.6965813,35.7261543,29.827,"(0.07647865265607834,-0.11470168828964233,-0.11239226162433624)","(-4.98,-0.78,-0.17)",24.532,2024-04-15 12:25:41.877077,3,16
157,-78.696591,35.7261098,29.863,"(0.07004663348197937,-0.08528955280780792,-0.09059680998325348)","(-4.87,-0.86,-0.12)",24.532,2024-04-15 12:25:42.887241,3,16
158,-78.6965999,35.7260658,29.778,"(0.08537398278713226,-0.11867428570985794,-0.096589595079422)","(-4.96,-0.75,-0.17)",24.534,2024-04-15 12:25:43.899366,3,16
159,-78.6966081,35.7260213,29.733,"(0.07645072788000107,-0.12382172048091888,-0.12110647559165955)","(-4.98,-0.72,-0.19)",24.502,2024-04-15 12:25:44.910258,3,16
160,-78.6966166,35.7259767,29.739,"(0.0754348486661911,-0.13128799200057983,-0.1378875970840454)","(-4.93,-0.81,-0.22)",24.506,2024-04-15 12:25:45.920560,3,16
161,-78.696626,35.7259321,29.751,"(0.08441640436649323,-0.12807781994342804,-0.12143927812576294)","(-4.92,-0.87,-0.2)",24.48,2024-04-15 12:25:46.924830,3,16
162,-78.6966349,35.7258878,29.791,"(0.06973965466022491,-0.13709287345409393,-0.12362520396709442)","(-4.98,-0.73,-0.26)",24.478,2024-04-15 12:25:47.935187,3,16
163,-78.696644,35.725843,29.803,"(0.05940374732017517,-0.11789124459028244,-0.10748891532421112)","(-4.94,-0.82,-0.12)",24.452,2024-04-15 12:25:48.940954,3,16
164,-78.6966531,35.725799,29.751,"(0.06524033099412918,-0.11666479706764221,-0.10483905673027039)","(-4.93,-0.8,-0.21)",24.433,2024-04-15 12:25:49.951413,3,16
165,-78.6966618,35.7257547,29.865,"(0.07033982872962952,-0.12037824094295502,-0.10750715434551239)","(-4.95,-0.78,-0.19)",24.482,2024-04-15 12:25:50.962345,3,16
166,-78.6966709,35.72571,29.877,"(0.04710904136300087,-0.10833945125341415,-0.09745793044567108)","(-4.94,-0.79,-0.06)",24.456,2024-04-15 12:25:51.972873,3,16
167,-78.6966801,35.725666,29.757,"(0.07698015123605728,-0.0991792157292366,-0.08649131655693054)","(-4.86,-0.84,-0.14)",24.451,2024-04-15 12:25:52.983200,3,16
168,-78.6966891,35.7256218,29.654,"(0.07941886782646179,-0.10288282483816147,-0.06944349408149719)","(-4.94,-0.77,-0.32)",24.446,2024-04-15 12:25:53.993810,3,16
169,-78.6966979,35.725577,29.666,"(0.040380511432886124,-0.1006852462887764,-0.07694034278392792)","(-4.97,-0.76,-0.31)",24.441,2024-04-15 12:25:55.005481,3,16
170,-78.6967064,35.7255326,29.727,"(0.05834079533815384,-0.10806440562009811,-0.07982833683490753)","(-4.86,-0.74,-0.26)",24.444,2024-04-15 12:25:56.018964,3,16
171,-78.6967141,35.7254887,29.74,"(0.06886304914951324,-0.10177593678236008,-0.11411450803279877)","(-4.9,-0.68,-0.19)",24.417,2024-04-15 12:25:57.024790,3,16
172,-78.6967224,35.725445,29.797,"(0.09263647347688675,-0.07808243483304977,-0.11032123863697052)","(-4.89,-0.79,-0.22)",24.479,2024-04-15 12:25:58.035050,3,16
173,-78.6967316,35.7254005,29.801,"(0.0671268031001091,-0.08792169392108917,-0.09590966999530792)","(-4.95,-0.81,-0.22)",24.448,2024-04-15 12:25:59.045440,3,16
174,-78.6967412,35.7253562,29.79,"(0.08795943111181259,-0.0639839619398117,-0.09374696016311646)","(-4.93,-0.88,-0.16)",24.479,2024-04-15 12:26:00.056655,3,16
175,-78.6967505,35.7253114,29.756,"(0.0223873108625412,-0.10737773776054382,-0.06427660584449768)","(-5.05,-0.85,-0.33)",24.457,2024-04-15 12:26:01.067381,3,16
176,-78.6967591,35.7252661,29.938,"(0.026069264858961105,-0.10493715107440948,-0.06334404647350311)","(-5.04,-0.72,-0.09)",24.533,2024-04-15 12:26:02.078418,3,16
177,-78.6967676,35.7252218,29.783,"(0.0351870097219944,-0.11952615529298782,-0.07393361628055573)","(-4.85,-0.79,-0.08)",24.456,2024-04-15 12:26:03.089226,3,16
178,-78.6967764,35.7251785,29.775,"(0.06898225843906403,-0.1344248652458191,-0.07777221500873566)","(-4.85,-0.76,-0.26)",24.486,2024-04-15 12:26:04.103089,3,16
179,-78.6967848,35.7251343,29.772,"(0.05470782518386841,-0.1276683807373047,-0.08377262949943542)","(-4.94,-0.75,-0.21)",24.48,2024-04-15 12:26:05.117031,3,16
180,-78.6967961,35.7250787,29.792,"(0.024429116398096085,-0.11285337805747986,-0.07675907015800476)","(-4.94,-0.82,-0.34)",24.497,2024-04-15 12:26:06.129992,3,16
181,-78.6968055,35.7250341,29.816,"(0.04626285657286644,-0.12110671401023865,-0.061143916100263596)","(-4.98,-0.81,-0.2)",24.533,2024-04-15 12:26:07.140371,3,16
182,-78.6968147,35.72499,29.715,"(0.06734654307365417,-0.10817088931798935,-0.07053539156913757)","(-4.87,-0.85,-0.21)",24.534,2024-04-15 12:26:08.151137,3,16
183,-78.696824,35.7249465,29.697,"(0.08964245766401291,-0.06855663657188416,-0.056899283081293106)","(-4.84,-0.84,-0.33)",24.508,2024-04-15 12:26:09.161434,3,16
184,-78.6968332,35.7249026,29.717,"(0.09132961183786392,0.027724189683794975,-0.03550950065255165)","(-4.87,-0.8,-0.3)",24.539,2024-04-15 12:26:10.171940,3,16
185,-78.6968418,35.7248587,29.663,"(0.10417000204324722,0.06327812373638153,0.011841854080557823)","(-4.95,-0.72,-0.33)",24.525,2024-04-15 12:26:11.176739,3,16
186,-78.6968491,35.7248128,29.66,"(0.08355933427810669,0.02306925319135189,-0.040075063705444336)","(-5.22,-0.64,-0.27)",24.478,2024-04-15 12:26:12.187497,3,16
187,-78.6968567,35.7247673,29.748,"(0.07875966280698776,0.03583182394504547,-0.060160521417856216)","(-4.98,-0.7,-0.29)",24.515,2024-04-15 12:26:13.198077,3,16
188,-78.6968648,35.7247234,29.775,"(0.10469630360603333,0.03277159109711647,-0.07800866663455963)","(-4.88,-0.73,-0.19)",24.505,2024-04-15 12:26:14.208717,3,16
189,-78.6968733,35.72468,29.827,"(0.12060005962848663,-0.06286656856536865,-0.10172693431377411)","(-4.84,-0.82,-0.15)",24.486,2024-04-15 12:26:15.218895,3,16
190,-78.6968827,35.7246363,29.911,"(0.11241528391838074,-0.09921063482761383,-0.09821143746376038)","(-4.94,-0.87,-0.14)",24.49,2024-04-15 12:26:16.224304,3,16
191,-78.696893,35.7245916,29.909,"(0.09910376369953156,-0.09084039181470871,-0.08580765128135681)","(-5.02,-0.9,-0.09)",24.49,2024-04-15 12:26:17.234994,3,16
192,-78.6969025,35.7245468,29.897,"(0.08084393292665482,-0.11259044706821442,-0.07248394191265106)","(-5.0,-0.76,-0.14)",24.48,2024-04-15 12:26:18.245647,3,16
193,-78.6969096,35.7245025,29.744,"(0.07728622853755951,-0.1928943693637848,-0.12503787875175476)","(-4.91,-0.62,-0.11)",24.46,2024-04-15 12:26:19.255508,3,16
194,-78.696918,35.724462,29.723,"(-0.043050337582826614,-0.16876201331615448,-0.06669081747531891)","(-4.07,-0.7,-0.28)",24.464,2024-04-15 12:26:20.265739,3,16
195,-78.6969248,35.724432,29.825,"(-0.11603429913520813,-0.13358017802238464,-0.026357226073741913)","(-2.69,-0.55,-0.19)",24.458,2024-04-15 12:26:21.276112,3,16
196,-78.6969287,35.724416,29.88,"(-0.12616652250289917,-0.15734760463237762,0.004356064833700657)","(-0.97,-0.17,-0.11)",24.432,2024-04-15 12:26:22.286430,3,16
197,-78.6969292,35.7244121,30.02,"(-0.050199512392282486,-0.09275683015584946,-0.042239103466272354)","(-0.03,-0.01,-0.01)",24.433,2024-04-15 12:26:23.297275,3,16
198,-78.6969296,35.7244122,30.04,"(-0.01626499369740486,-0.06834551692008972,-0.03628194332122803)","(0.25,0.02,0.02)",24.431,2024-04-15 12:26:24.310697,3,16
199,-78.696929,35.7244189,29.959,"(-0.25764864683151245,-0.07327970862388611,-0.030597075819969177)","(1.94,0.12,0.0)",24.401,2024-04-15 12:26:25.324413,3,16
200,-78.6969275,35.7244475,29.85,"(-0.3099358081817627,-0.021779917180538177,-0.04693172127008438)","(4.3,0.14,-0.04)",24.392,2024-04-15 12:26:26.335235,3,16
201,-78.6969247,35.7244968,29.739,"(-0.22211290895938873,-0.00142191955819726,-0.1280912458896637)","(6.49,0.2,-0.3)",24.352,2024-04-15 12:26:27.345663,3,16
202,-78.6969245,35.7245574,29.799,"(-0.15933522582054138,-0.06172405555844307,-0.09158240258693695)","(6.97,0.0,-0.27)",24.384,2024-04-15 12:26:28.356106,3,16
203,-78.696925,35.7246202,29.934,"(-0.15210439264774323,-0.07620906084775925,-0.04391387850046158)","(7.19,0.03,-0.14)",24.412,2024-04-15 12:26:29.367139,3,16
204,-78.6969232,35.7247006,29.986,"(-0.12149905413389206,-0.09751322865486145,-0.0781356692314148)","(7.14,0.12,-0.03)",24.446,2024-04-15 12:26:30.377050,3,16
205,-78.6969236,35.7247643,29.936,"(-0.10096215456724167,-0.18649449944496155,-0.014972824603319168)","(7.03,0.06,-0.09)",24.44,2024-04-15 12:26:31.388923,3,16
206,-78.6969225,35.7248279,29.889,"(-0.09658553451299667,-0.1515437364578247,-0.031036537140607834)","(7.06,0.26,-0.15)",24.465,2024-04-15 12:26:32.400532,3,16
207,-78.6969204,35.7248913,29.859,"(-0.08640779554843903,-0.12591120600700378,-0.04109622910618782)","(7.05,0.25,-0.16)",24.48,2024-04-15 12:26:33.412244,3,16
208,-78.6969191,35.7249543,29.788,"(-0.06543833017349243,-0.1603725552558899,-0.03398175537586212)","(6.8,0.13,-0.16)",24.463,2024-04-15 12:26:34.422798,3,16
209,-78.6969183,35.7250165,29.867,"(-0.10862589627504349,-0.14134372770786285,0.003206450492143631)","(6.96,0.21,-0.14)",24.491,2024-04-15 12:26:35.433897,3,16
210,-78.696916,35.7250803,29.908,"(-0.055344369262456894,-0.11553606390953064,-0.03499363362789154)","(7.0,0.17,-0.11)",24.511,2024-04-15 12:26:36.444913,3,16
211,-78.6969154,35.7251427,29.941,"(-0.048714347183704376,-0.12474837154150009,-0.022143224254250526)","(6.78,0.05,-0.05)",24.494,2024-04-15 12:26:37.455983,3,16
212,-78.696915,35.7252039,30.019,"(-0.11167066544294357,-0.12784919142723083,0.017553694546222687)","(6.74,0.1,0.03)",24.466,2024-04-15 12:26:38.466768,3,16
213,-78.6969128,35.7252663,30.081,"(-0.10816087573766708,-0.12444442510604858,-0.02106260135769844)","(7.06,0.25,0.09)",24.439,2024-04-15 12:26:39.477312,3,16
214,-78.6969101,35.7253306,30.169,"(-0.1191248893737793,-0.10876526683568954,-0.04967089742422104)","(7.05,0.2,0.14)",24.454,2024-04-15 12:26:40.487819,3,16
215,-78.6969084,35.7253941,30.151,"(-0.09446735680103302,-0.0999530479311943,-0.052386313676834106)","(6.95,0.1,0.18)",24.421,2024-04-15 12:26:41.498482,3,16
216,-78.6969077,35.7254565,30.169,"(-0.10830207169055939,-0.05918826907873154,-0.051617514342069626)","(6.9,0.06,0.16)",24.399,2024-04-15 12:26:42.508196,3,16
217,-78.6969064,35.7255189,30.177,"(-0.09834542870521545,-0.07519697397947311,-0.06134733930230141)","(6.96,0.04,0.13)",24.402,2024-04-15 12:26:43.519004,3,16
218,-78.6969063,35.7255817,30.082,"(-0.10833094269037247,-0.11585704982280731,-0.038512472063302994)","(6.97,0.02,0.15)",24.393,2024-04-15 12:26:44.529117,3,16
219,-78.696906,35.7256449,30.109,"(-0.08741292357444763,-0.081364206969738,-0.01514178141951561)","(6.99,0.1,0.0)",24.424,2024-04-15 12:26:45.533825,3,16
220,-78.6969045,35.7257079,30.029,"(-0.08353512734174728,-0.10792761296033859,-0.03787494823336601)","(6.98,0.12,0.08)",24.387,2024-04-15 12:26:46.544208,3,16
221,-78.6969035,35.7257711,30.015,"(-0.063596211373806,-0.11431878805160522,-0.04011628404259682)","(6.98,0.09,0.01)",24.372,2024-04-15 12:26:47.554374,3,16
222,-78.6969026,35.7258334,30.082,"(-0.10709113627672195,-0.07925444096326828,-0.023913312703371048)","(6.85,0.13,0.11)",24.387,2024-04-15 12:26:48.564335,3,16
223,-78.6969015,35.7258956,30.063,"(-0.11128411442041397,-0.0889398604631424,-0.012640029191970825)","(6.92,0.09,0.03)",24.379,2024-04-15 12:26:49.574443,3,16
224,-78.6969001,35.7259584,29.957,"(-0.11332287639379501,-0.08485202491283417,-0.017930302768945694)","(7.05,0.23,0.03)",24.378,2024-04-15 12:26:50.586328,3,16
225,-78.6968976,35.7260225,29.848,"(-0.06250038743019104,-0.12640707194805145,-0.03708754852414131)","(7.09,0.13,-0.11)",24.352,2024-04-15 12:26:51.597177,3,16
226,-78.6968968,35.726085,29.871,"(-0.0827111229300499,-0.11996439844369888,-0.020905598998069763)","(6.97,0.09,-0.11)",24.39,2024-04-15 12:26:52.607600,3,16
227,-78.6968956,35.7261478,29.832,"(-0.08247284591197968,-0.10299500823020935,-0.03367342799901962)","(7.0,0.11,-0.14)",24.364,2024-04-15 12:26:53.618793,3,16
228,-78.6968946,35.7262268,29.942,"(-0.08282294869422913,-0.0986543819308281,-0.015150085091590881)","(6.96,0.08,-0.05)",24.369,2024-04-15 12:26:54.628656,3,16
229,-78.6968928,35.7262892,29.975,"(-0.0936669409275055,-0.11677959561347961,-0.039566200226545334)","(6.92,0.15,-0.05)",24.375,2024-04-15 12:26:55.638570,3,15
230,-78.6968922,35.726352,29.966,"(-0.06256814301013947,-0.1255108267068863,-0.023553188890218735)","(6.94,0.07,-0.06)",24.363,2024-04-15 12:26:56.649212,3,15
231,-78.6968918,35.7264146,29.918,"(-0.11422790586948395,-0.15364916622638702,-0.013039389625191689)","(6.97,0.15,0.0)",24.38,2024-04-15 12:26:57.659623,3,15
232,-78.6968894,35.7264782,29.93,"(-0.10152788460254669,-0.14262215793132782,-0.053551461547613144)","(6.99,0.24,-0.09)",24.366,2024-04-15 12:26:58.671368,3,15
233,-78.6968877,35.7265412,30.026,"(-0.10721597820520401,-0.1420128345489502,-0.053594838827848434)","(6.91,0.13,0.02)",24.375,2024-04-15 12:26:59.681777,3,15
234,-78.6968868,35.7266036,30.005,"(-0.12870965898036957,-0.14498624205589294,-0.048318762332201004)","(6.86,0.11,0.03)",24.379,2024-04-15 12:27:00.693452,3,15
235,-78.6968853,35.7266663,30.027,"(-0.12485646456480026,-0.09122773259878159,-0.06670404970645905)","(6.93,0.14,0.01)",24.366,2024-04-15 12:27:01.704222,3,15
236,-78.6968843,35.7267292,30.025,"(-0.11431418359279633,-0.10227323323488235,-0.06451395153999329)","(6.94,0.04,0.0)",24.365,2024-04-15 12:27:02.715140,3,15
237,-78.6968835,35.7267921,30.024,"(-0.12040134519338608,-0.103986456990242,-0.06180241331458092)","(6.94,0.05,0.0)",24.364,2024-04-15 12:27:03.725873,3,15
238,-78.6968831,35.7268547,30.004,"(-0.12290685623884201,-0.10516761988401413,-0.037956394255161285)","(6.99,0.05,0.07)",24.337,2024-04-15 12:27:04.736374,3,15
239,-78.6968821,35.7269183,29.997,"(-0.09212943911552429,-0.10790831595659256,-0.04937484860420227)","(6.99,0.09,-0.03)",24.354,2024-04-15 12:27:05.746503,3,15
240,-78.6968805,35.7269811,29.979,"(-0.10909780114889145,-0.13507089018821716,-0.06006002798676491)","(6.92,0.14,-0.04)",24.356,2024-04-15 12:27:06.757101,3,15
241,-78.6968791,35.7270436,29.994,"(-0.12684950232505798,-0.14048607647418976,-0.0493491031229496)","(6.93,0.1,0.0)",24.359,2024-04-15 12:27:07.767775,3,15
242,-78.696878,35.7271064,29.972,"(-0.12369157373905182,-0.09304467588663101,-0.05498324707150459)","(6.95,0.17,0.0)",24.329,2024-04-15 12:27:08.778284,3,15
243,-78.6968758,35.7271694,29.967,"(-0.11999872326850891,-0.047898177057504654,-0.09097445011138916)","(6.95,0.2,-0.02)",24.301,2024-04-15 12:27:09.788755,3,15
244,-78.696875,35.7272321,30.029,"(-0.1429486870765686,-0.05731591209769249,-0.07716724276542664)","(6.96,0.04,0.05)",24.336,2024-04-15 12:27:10.793572,3,15
245,-78.6968744,35.7272951,30.031,"(-0.132490873336792,-0.07287577539682388,-0.07297486066818237)","(6.91,0.04,-0.07)",24.326,2024-04-15 12:27:11.803976,3,15
246,-78.6968737,35.7273578,29.985,"(-0.1274126023054123,-0.11749336868524551,-0.06495916843414307)","(6.98,0.09,-0.07)",24.346,2024-04-15 12:27:12.814355,3,15
247,-78.6968724,35.7274209,29.962,"(-0.12630827724933624,-0.135443314909935,-0.050117213279008865)","(7.03,0.1,-0.06)",24.346,2024-04-15 12:27:13.824421,3,15
248,-78.6968706,35.7274845,29.862,"(-0.0930120125412941,-0.0529850572347641,-0.09784789383411407)","(7.04,0.27,-0.03)",24.324,2024-04-15 12:27:14.835328,3,15
249,-78.6968693,35.7275478,29.941,"(-0.09848929196596146,-0.087369903922081,-0.07836034893989563)","(6.94,0.01,-0.07)",24.334,2024-04-15 12:27:15.839818,3,15
250,-78.69687,35.7276104,29.921,"(-0.10358720272779465,-0.11941508203744888,-0.03690008819103241)","(6.87,-0.01,-0.08)",24.327,2024-04-15 12:27:16.850172,3,15
251,-78.6968696,35.7276725,29.919,"(-0.11536712944507599,-0.1556955873966217,-0.022376107051968575)","(6.84,0.11,-0.08)",24.324,2024-04-15 12:27:17.860888,3,15
252,-78.6968676,35.7277505,29.913,"(-0.12003274261951447,-0.15832975506782532,-0.015048224478960037)","(6.94,0.18,-0.09)",24.338,2024-04-15 12:27:18.871155,3,15
253,-78.6968662,35.7278134,29.893,"(-0.09625548869371414,-0.13725546002388,-0.012233095243573189)","(6.93,0.11,-0.16)",24.337,2024-04-15 12:27:19.880779,3,16
254,-78.6968653,35.7278766,29.892,"(-0.10244070738554001,-0.13175134360790253,0.019259335473179817)","(6.93,0.09,-0.09)",24.342,2024-04-15 12:27:20.891389,3,16
255,-78.6968629,35.7279398,29.865,"(-0.1027694121003151,-0.13651403784751892,-0.017470374703407288)","(7.16,0.25,-0.13)",24.342,2024-04-15 12:27:21.902481,3,16
256,-78.6968605,35.7280045,29.844,"(-0.07477324455976486,-0.1359712928533554,-0.04409368336200714)","(7.03,0.16,-0.14)",24.329,2024-04-15 12:27:22.913201,3,16
257,-78.6968592,35.7280668,29.895,"(-0.10399488359689713,-0.13909533619880676,-0.050837717950344086)","(6.82,0.08,-0.16)",24.349,2024-04-15 12:27:23.919264,3,16
258,-78.6968585,35.7281281,29.91,"(-0.12562185525894165,-0.1329377442598343,-0.036290109157562256)","(6.84,0.12,0.0)",24.301,2024-04-15 12:27:24.924277,3,16
259,-78.6968565,35.7281904,30.03,"(-0.15362782776355743,-0.08646363765001297,-0.07297751307487488)","(6.9,0.21,0.01)",24.306,2024-04-15 12:27:25.934402,3,16
260,-78.6968545,35.7282529,30.117,"(-0.16189174354076385,-0.03322474658489227,-0.1143990308046341)","(6.88,0.18,0.1)",24.285,2024-04-15 12:27:26.945370,3,16
261,-78.6968535,35.7283157,30.137,"(-0.17869749665260315,-0.01898905262351036,-0.12654881179332733)","(6.95,0.03,0.19)",24.285,2024-04-15 12:27:27.955459,3,16
262,-78.6968537,35.7283787,30.101,"(-0.1650591790676117,-0.05057384818792343,-0.08701905608177185)","(7.0,0.0,0.13)",24.273,2024-04-15 12:27:28.965681,3,16
263,-78.6968531,35.7284421,30.059,"(-0.16530665755271912,-0.04925926402211189,-0.09796860814094543)","(6.99,0.07,-0.02)",24.299,2024-04-15 12:27:29.977188,3,16
264,-78.6968522,35.7285056,30.01,"(-0.16079114377498627,-0.09236680716276169,-0.08439882099628448)","(7.03,0.01,0.12)",24.315,2024-04-15 12:27:30.987648,3,16
265,-78.6968509,35.7285688,29.914,"(-0.13888388872146606,-0.04708963260054588,-0.10950388014316559)","(6.98,0.21,0.01)",24.225,2024-04-15 12:27:31.998275,3,16
266,-78.696849,35.7286318,29.945,"(-0.1402338743209839,-0.03456773981451988,-0.11269792914390564)","(6.99,0.16,-0.07)",24.228,2024-04-15 12:27:33.009121,3,16
267,-78.6968478,35.7286948,29.955,"(-0.14887595176696777,-0.06351058185100555,-0.1167898178100586)","(6.96,0.07,-0.01)",24.231,2024-04-15 12:27:34.019281,3,16
268,-78.6968472,35.7287575,29.945,"(-0.148225799202919,-0.0454983115196228,-0.11433655023574829)","(6.95,0.15,-0.03)",24.24,2024-04-15 12:27:35.029373,3,16
269,-78.6968469,35.7288201,29.946,"(-0.1585666984319687,-0.08994650095701218,-0.08624419569969177)","(6.91,-0.02,-0.02)",24.272,2024-04-15 12:27:36.039568,3,16
270,-78.6968472,35.7288824,29.922,"(-0.17306455969810486,-0.10900676250457764,-0.05075092613697052)","(6.95,0.1,0.03)",24.231,2024-04-15 12:27:37.049756,3,16
271,-78.6968448,35.7289459,29.937,"(-0.13462959229946136,-0.07242072373628616,-0.08743530511856079)","(7.03,0.33,-0.09)",24.206,2024-04-15 12:27:38.060328,3,16
272,-78.6968436,35.7290093,29.984,"(-0.13253021240234375,-0.16838355362415314,-0.05191292613744736)","(6.96,-0.01,-0.02)",24.27,2024-04-15 12:27:39.070422,3,16
273,-78.6968438,35.7290721,29.895,"(-0.060046594589948654,-0.17887508869171143,-0.020061321556568146)","(6.92,0.03,-0.14)",24.28,2024-04-15 12:27:40.080030,3,16
274,-78.6968428,35.7291307,29.739,"(0.05126537010073662,-0.15178176760673523,-0.04519311338663101)","(5.87,0.21,-0.15)",24.294,2024-04-15 12:27:41.090371,3,16
275,-78.6968404,35.7291761,29.743,"(0.037488777190446854,-0.15434794127941132,-0.08087581396102905)","(4.43,0.33,-0.24)",24.238,2024-04-15 12:27:42.100762,3,16
276,-78.6968386,35.7292099,29.933,"(0.07562097162008286,-0.0947200283408165,-0.08058685064315796)","(3.03,0.16,-0.07)",24.245,2024-04-15 12:27:43.111288,3,16
277,-78.6968383,35.7292319,30.062,"(0.09779258817434311,-0.1010424867272377,-0.07836894690990448)","(0.84,0.02,0.03)",24.206,2024-04-15 12:27:44.122523,3,16
278,-78.6968387,35.7292356,30.118,"(-0.010386775247752666,-0.06900260597467422,-0.053394872695207596)","(-0.03,-0.01,0.13)",24.189,2024-04-15 12:27:45.133364,3,16
279,-78.6968388,35.729236,30.172,"(-0.021918904036283493,-0.0701490044593811,-0.06436055898666382)","(-0.26,0.02,0.12)",24.192,2024-04-15 12:27:46.145804,3,16
280,-78.6968452,35.7292349,30.111,"(-0.06307150423526764,-0.07435533404350281,-0.31250548362731934)","(-0.19,-1.69,0.12)",24.144,2024-04-15 12:27:47.156557,3,16
281,-78.6968787,35.7292358,30.076,"(-0.040864262729883194,-0.07839184254407883,-0.35345572233200073)","(0.12,-3.97,0.06)",24.183,2024-04-15 12:27:48.167123,3,16
282,-78.6969358,35.7292377,30.043,"(-0.008267108350992203,-0.08956669270992279,-0.3608989417552948)","(0.06,-6.31,0.1)",24.106,2024-04-15 12:27:49.178979,3,16
283,-78.6970092,35.7292389,30.056,"(-0.02214893512427807,-0.04383372142910957,-0.26916444301605225)","(0.19,-6.87,0.02)",24.163,2024-04-15 12:27:50.189965,3,16
284,-78.6970863,35.729241,30.015,"(-0.02651507407426834,-0.06658287346363068,-0.215794637799263)","(0.23,-7.3,0.07)",24.139,2024-04-15 12:27:51.200313,3,16
285,-78.697165,35.7292425,30.052,"(-0.05452364310622215,-0.016521532088518143,-0.24795472621917725)","(0.23,-7.18,0.04)",24.215,2024-04-15 12:27:52.211234,3,16
286,-78.697244,35.7292452,30.038,"(-0.03558414801955223,-0.021074695512652397,-0.21279950439929962)","(0.37,-7.19,0.01)",24.202,2024-04-15 12:27:53.221779,3,16
287,-78.6973223,35.7292483,30.036,"(-0.050741344690322876,-0.004877810832113028,-0.225261390209198)","(0.33,-7.04,0.07)",24.198,2024-04-15 12:27:54.233495,3,16
288,-78.6973998,35.7292514,30.013,"(-0.03831737861037254,-0.02473496086895466,-0.22495058178901672)","(0.34,-7.01,0.0)",24.161,2024-04-15 12:27:55.244253,3,16
289,-78.6974777,35.7292545,30.005,"(-0.040583111345767975,-0.019611669704318047,-0.21869659423828125)","(0.35,-6.99,-0.04)",24.168,2024-04-15 12:27:56.254952,3,16
290,-78.6975558,35.7292577,29.977,"(-0.033607132732868195,-0.027998296543955803,-0.23022329807281494)","(0.39,-6.9,0.06)",24.186,2024-04-15 12:27:57.266093,3,16
291,-78.6976329,35.7292609,29.939,"(-0.02750372141599655,-0.05680312588810921,-0.22820496559143066)","(0.31,-6.96,-0.05)",24.162,2024-04-15 12:27:58.277646,3,16
292,-78.697711,35.7292631,29.919,"(-0.0519636794924736,-0.05155190825462341,-0.19488286972045898)","(0.26,-6.96,-0.06)",24.158,2024-04-15 12:27:59.288582,3,16
293,-78.6977884,35.7292662,29.915,"(-0.026636868715286255,-0.07661068439483643,-0.21877101063728333)","(0.33,-6.87,-0.12)",24.18,2024-04-15 12:28:00.299438,3,16
294,-78.6978652,35.7292691,29.851,"(-0.036541976034641266,-0.07479632645845413,-0.20633390545845032)","(0.17,-6.99,-0.24)",24.178,2024-04-15 12:28:01.306346,3,16
295,-78.6979427,35.7292711,29.877,"(-0.04550652578473091,-0.07017331570386887,-0.20197905600070953)","(0.26,-7.02,-0.1)",24.193,2024-04-15 12:28:02.316812,3,16
296,-78.6980208,35.7292737,29.838,"(-0.05642398074269295,-0.07572725415229797,-0.17945526540279388)","(0.25,-7.02,-0.18)",24.204,2024-04-15 12:28:03.327298,3,16
297,-78.6980985,35.7292769,29.774,"(-0.040333520621061325,-0.08982928097248077,-0.16543345153331757)","(0.3,-6.97,-0.24)",24.198,2024-04-15 12:28:04.338702,3,16
298,-78.6981749,35.7292801,29.843,"(-0.035385582596063614,-0.07093223184347153,-0.20445877313613892)","(0.35,-6.78,-0.1)",24.155,2024-04-15 12:28:05.348843,3,16
299,-78.698251,35.7292839,29.842,"(-0.006507746875286102,-0.10840783268213272,-0.2090516984462738)","(0.31,-6.9,-0.1)",24.121,2024-04-15 12:28:06.360082,3,16
300,-78.6983481,35.7292863,29.93,"(-0.04930984228849411,-0.08722043037414551,-0.17753726243972778)","(0.16,-7.04,-0.15)",24.137,2024-04-15 12:28:07.370538,3,16
301,-78.6984254,35.7292891,29.942,"(-0.02224627323448658,-0.09164267778396606,-0.21904383599758148)","(0.31,-6.9,-0.01)",24.135,2024-04-15 12:28:08.380807,3,16
302,-78.6985025,35.729292,29.901,"(-0.022212248295545578,-0.09904475510120392,-0.20449672639369965)","(0.23,-7.03,-0.17)",24.145,2024-04-15 12:28:09.392232,3,16
303,-78.6985806,35.729294,29.92,"(-0.04186646640300751,-0.0854046419262886,-0.1965283453464508)","(0.23,-7.02,-0.01)",24.131,2024-04-15 12:28:10.401976,3,16
304,-78.6986579,35.7292961,29.937,"(-0.04723314195871353,-0.07130244374275208,-0.18692366778850555)","(0.32,-7.02,-0.06)",24.126,2024-04-15 12:28:11.412524,3,16
305,-78.6987342,35.7292993,29.964,"(-0.01833447813987732,-0.08133658021688461,-0.07732099294662476)","(0.35,-6.58,-0.07)",24.155,2024-04-15 12:28:12.422907,3,16
306,-78.6987998,35.7293019,29.953,"(-0.012055189348757267,-0.10894221812486649,-0.013367410749197006)","(0.23,-5.35,-0.02)",24.149,2024-04-15 12:28:13.433626,3,16
307,-78.6988509,35.7293033,29.864,"(-0.018011800944805145,-0.12323178350925446,0.036173008382320404)","(0.13,-3.99,-0.12)",24.151,2024-04-15 12:28:14.444607,3,16
308,-78.6988864,35.7293046,29.805,"(0.013572019524872303,-0.1492040604352951,0.09304718673229218)","(0.07,-2.38,-0.18)",24.139,2024-04-15 12:28:15.455141,3,16
309,-78.6989031,35.7293035,29.714,"(-0.009951199404895306,-0.19132739305496216,0.09048004448413849)","(-0.16,-0.73,-0.14)",24.146,2024-04-15 12:28:16.466398,3,16
310,-78.6989066,35.7293037,29.654,"(-0.06326150894165039,-0.23627668619155884,0.048305150121450424)","(0.21,0.21,-0.36)",24.145,2024-04-15 12:28:17.471763,3,16
311,-78.6989042,35.729306,29.756,"(0.00437498465180397,-0.23651497066020966,-0.027891751378774643)","(0.13,0.41,-0.28)",24.149,2024-04-15 12:28:18.475835,3,16
312,-78.6989016,35.7292967,29.836,"(0.17737798392772675,-0.2126864641904831,-0.08396634459495544)","(-2.18,0.37,-0.17)",24.118,2024-04-15 12:28:19.486911,3,16
313,-78.6989003,35.7292659,29.913,"(0.2742011249065399,-0.255718857049942,-0.11789388954639435)","(-4.52,0.1,-0.09)",24.107,2024-04-15 12:28:20.497366,3,16
314,-78.6989007,35.7292132,30.048,"(0.14482685923576355,-0.1922079175710678,-0.07277408242225647)","(-6.8,0.0,-0.06)",24.169,2024-04-15 12:28:21.507938,3,16
315,-78.698901,35.7291505,30.003,"(0.08563831448554993,-0.14641933143138885,-0.02557625249028206)","(-7.33,0.08,0.0)",24.157,2024-04-15 12:28:22.518340,3,16
316,-78.6988998,35.7290861,30.036,"(0.05083542689681053,-0.15185102820396423,-0.06336241960525513)","(-7.38,0.1,0.0)",24.139,2024-04-15 12:28:23.522827,3,16
317,-78.698899,35.729022,30.045,"(0.043237388134002686,-0.1488795280456543,-0.059864211827516556)","(-7.2,-0.04,0.01)",24.135,2024-04-15 12:28:24.533778,3,16
318,-78.6988996,35.7289588,30.048,"(0.0469670332968235,-0.1392149031162262,-0.0514264777302742)","(-7.08,-0.1,0.02)",24.155,2024-04-15 12:28:25.544534,3,16
319,-78.6989002,35.7288955,30.022,"(0.0387459360063076,-0.13934843242168427,-0.05174333602190018)","(-7.06,-0.03,0.01)",24.15,2024-04-15 12:28:26.555155,3,16
320,-78.6988996,35.7288322,30.042,"(0.03225622698664665,-0.19673795998096466,-0.08838966488838196)","(-6.96,0.01,0.02)",24.165,2024-04-15 12:28:27.565247,3,16
321,-78.6989006,35.7287693,29.989,"(0.05865171551704407,-0.16567647457122803,-0.05812608078122139)","(-6.88,-0.16,0.0)",24.127,2024-04-15 12:28:28.569948,3,16
322,-78.698902,35.7287069,29.941,"(0.06480155885219574,-0.15068122744560242,-0.045630842447280884)","(-6.91,-0.08,-0.08)",24.11,2024-04-15 12:28:29.579955,3,16
323,-78.6989027,35.7286444,29.937,"(0.06395786255598068,-0.11909473687410355,-0.041957903653383255)","(-6.97,0.01,-0.1)",24.117,2024-04-15 12:28:30.590971,3,16
324,-78.6989029,35.7285819,29.896,"(0.09102074801921844,-0.04043084383010864,-0.03823813423514366)","(-6.91,-0.02,-0.07)",24.151,2024-04-15 12:28:31.602815,3,16
325,-78.698903,35.7285195,29.781,"(0.11684846878051758,-0.10062186419963837,-0.04715283587574959)","(-7.01,0.1,-0.07)",24.059,2024-04-15 12:28:32.613734,3,16
326,-78.6989013,35.7284398,29.96,"(0.07171300053596497,-0.127899631857872,-0.08621105551719666)","(-7.07,0.03,-0.13)",24.107,2024-04-15 12:28:33.625128,3,16
327,-78.6989021,35.7283764,29.957,"(0.07152355462312698,-0.07974845170974731,-0.05115444213151932)","(-6.98,-0.12,0.03)",24.151,2024-04-15 12:28:34.635640,3,16
328,-78.6989033,35.728314,29.901,"(0.09865789115428925,-0.0960698053240776,-0.04521128907799721)","(-6.93,-0.02,-0.08)",24.093,2024-04-15 12:28:35.647090,3,16
329,-78.6989034,35.7282513,29.907,"(0.08956875652074814,-0.12899935245513916,-0.0547294057905674)","(-6.97,0.02,-0.07)",24.078,2024-04-15 12:28:36.657078,3,16
330,-78.6989032,35.7281884,29.889,"(0.0821751281619072,-0.16048158705234528,-0.0632379949092865)","(-7.01,0.01,-0.06)",24.058,2024-04-15 12:28:37.669075,3,16
331,-78.6989035,35.7281254,29.914,"(0.07395852357149124,-0.15328791737556458,-0.06387320160865784)","(-7.03,-0.01,-0.04)",24.072,2024-04-15 12:28:38.680155,3,16
332,-78.6989039,35.7280622,29.863,"(0.06218799948692322,-0.15430673956871033,-0.06487077474594116)","(-6.98,-0.04,-0.08)",24.038,2024-04-15 12:28:39.685811,3,16
333,-78.6989043,35.7279992,29.842,"(0.07314261049032211,-0.16190429031848907,-0.057698603719472885)","(-6.98,-0.02,-0.12)",24.046,2024-04-15 12:28:40.696614,3,16
334,-78.6989041,35.7279364,29.802,"(0.060993343591690063,-0.16981394588947296,-0.0774712860584259)","(-6.99,0.04,-0.19)",24.033,2024-04-15 12:28:41.706474,3,16
335,-78.6989043,35.7278737,29.793,"(0.06895048171281815,-0.14120864868164062,-0.07656113803386688)","(-6.95,-0.12,-0.2)",24.073,2024-04-15 12:28:42.716774,3,16
336,-78.6989059,35.7278109,29.886,"(0.07302317023277283,-0.12742702662944794,-0.04607982188463211)","(-6.98,-0.08,-0.14)",24.088,2024-04-15 12:28:43.728148,3,16
337,-78.6989067,35.7277484,29.912,"(0.08354107290506363,-0.11585686355829239,-0.05257880687713623)","(-6.96,-0.01,-0.12)",24.099,2024-04-15 12:28:44.738525,3,16
338,-78.6989074,35.7276859,29.912,"(0.07494580000638962,-0.040524743497371674,-0.018382981419563293)","(-6.94,-0.02,-0.12)",24.15,2024-04-15 12:28:45.749212,3,16
339,-78.6989073,35.7276231,29.738,"(0.08526039123535156,-0.06462937593460083,-0.019590727984905243)","(-7.03,0.03,-0.18)",24.096,2024-04-15 12:28:46.760005,3,16
340,-78.6989066,35.7275594,29.849,"(0.06234993040561676,-0.07613709568977356,-0.034284256398677826)","(-7.13,0.09,-0.29)",24.147,2024-04-15 12:28:47.771757,3,16
341,-78.698906,35.7274959,29.769,"(0.0565682053565979,-0.03996190056204796,-0.026621121913194656)","(-7.03,0.02,-0.18)",24.144,2024-04-15 12:28:48.782107,3,16
342,-78.6989057,35.7274329,29.797,"(0.06263047456741333,-0.09795355051755905,-0.04795948788523674)","(-7.08,0.02,-0.22)",24.176,2024-04-15 12:28:49.792789,3,16
343,-78.6989056,35.7273702,29.811,"(0.06238285452127457,-0.10523808002471924,-0.051737476140260696)","(-6.89,-0.08,-0.17)",24.143,2024-04-15 12:28:50.802888,3,16
344,-78.6989069,35.7273081,29.861,"(0.05946910381317139,-0.06984972953796387,-0.027858231216669083)","(-6.91,-0.14,-0.15)",24.118,2024-04-15 12:28:51.814269,3,16
345,-78.6989073,35.7272455,29.888,"(0.09246455878019333,-0.10141941159963608,-0.049854375422000885)","(-7.0,0.07,-0.01)",24.094,2024-04-15 12:28:52.824988,3,16
346,-78.6989068,35.7271824,29.957,"(0.06932332366704941,-0.15942122042179108,-0.06456005573272705)","(-7.01,0.01,-0.08)",24.095,2024-04-15 12:28:53.836003,3,16
347,-78.6989071,35.7271198,29.949,"(0.07762715965509415,-0.1576453596353531,-0.061659518629312515)","(-6.96,0.0,-0.08)",24.07,2024-04-15 12:28:54.845861,3,16
348,-78.6989077,35.7270572,29.936,"(0.07534673064947128,-0.12669529020786285,-0.08366911113262177)","(-7.0,-0.04,-0.1)",24.088,2024-04-15 12:28:55.856645,3,16
349,-78.6989084,35.726978,29.896,"(0.056511811912059784,-0.14399847388267517,-0.06899236142635345)","(-7.09,0.05,-0.05)",24.117,2024-04-15 12:28:56.867212,3,16
350,-78.6989081,35.7269151,29.831,"(0.09938815981149673,-0.158691868185997,-0.08506688475608826)","(-6.89,0.09,-0.1)",24.049,2024-04-15 12:28:57.877474,3,16
351,-78.698908,35.7268534,29.869,"(0.12867888808250427,-0.1531042754650116,-0.1176687479019165)","(-6.92,-0.06,-0.12)",24.106,2024-04-15 12:28:58.887747,3,16
352,-78.6989091,35.7267905,29.884,"(0.12765300273895264,-0.1414390206336975,-0.0926198959350586)","(-7.06,-0.08,-0.06)",24.056,2024-04-15 12:28:59.897882,3,16
353,-78.6989094,35.726727,29.906,"(0.10892238467931747,-0.13956984877586365,-0.11389712989330292)","(-7.09,0.01,-0.16)",24.096,2024-04-15 12:29:00.908127,3,16
354,-78.6989107,35.7266627,29.893,"(0.08169303089380264,-0.08074432611465454,-0.037099942564964294)","(-7.18,-0.12,-0.18)",24.168,2024-04-15 12:29:01.918656,3,16
355,-78.698911,35.7265989,29.713,"(0.07446696609258652,-0.1394670158624649,-0.057109903544187546)","(-6.93,0.1,-0.05)",24.102,2024-04-15 12:29:02.928964,3,16
356,-78.6989089,35.7265382,29.684,"(0.1250932216644287,-0.16534054279327393,-0.11439424753189087)","(-6.82,0.1,-0.3)",24.053,2024-04-15 12:29:03.940021,3,16
357,-78.6989083,35.7264751,29.757,"(0.08752157539129257,-0.18155211210250854,-0.12826216220855713)","(-7.08,-0.02,-0.24)",24.055,2024-04-15 12:29:04.952156,3,16
358,-78.6989091,35.726412,29.739,"(0.08812744170427322,-0.1750286966562271,-0.1073843389749527)","(-7.03,-0.16,-0.26)",24.063,2024-04-15 12:29:05.957138,3,16
359,-78.6989107,35.7263486,29.701,"(0.07722117006778717,-0.1784164011478424,-0.09522074460983276)","(-6.99,-0.09,-0.24)",24.042,2024-04-15 12:29:06.968044,3,16
360,-78.698911,35.7262865,29.621,"(0.11469055712223053,-0.20318762958049774,-0.12827284634113312)","(-6.9,0.02,-0.33)",24.011,2024-04-15 12:29:07.978958,3,16
361,-78.6989115,35.7262237,29.688,"(0.11195060610771179,-0.19071567058563232,-0.10983921587467194)","(-7.02,-0.04,-0.32)",24.018,2024-04-15 12:29:08.989736,3,16
362,-78.6989116,35.7261601,29.685,"(0.0897306278347969,-0.1842135488986969,-0.11883781850337982)","(-7.04,-0.01,-0.28)",24.017,2024-04-15 12:29:10.000648,3,16
363,-78.6989114,35.7260972,29.61,"(0.09110875427722931,-0.18404406309127808,-0.1322011649608612)","(-7.0,-0.01,-0.32)",23.983,2024-04-15 12:29:11.004769,3,16
364,-78.6989122,35.7260341,29.615,"(0.08538643270730972,-0.16564449667930603,-0.10377690196037292)","(-7.02,-0.09,-0.39)",23.984,2024-04-15 12:29:12.016218,3,16
365,-78.6989123,35.7259714,29.644,"(0.07182659953832626,-0.1698949933052063,-0.10986658930778503)","(-7.03,-0.01,-0.32)",23.972,2024-04-15 12:29:13.026895,3,16
366,-78.6989127,35.7259085,29.647,"(0.0700603574514389,-0.15621691942214966,-0.10483603179454803)","(-7.0,-0.06,-0.36)",23.971,2024-04-15 12:29:14.038758,3,16
367,-78.6989136,35.7258455,29.676,"(0.06820739805698395,-0.13638430833816528,-0.07491084933280945)","(-6.98,-0.06,-0.37)",23.97,2024-04-15 12:29:15.049574,3,16
368,-78.6989138,35.7257828,29.776,"(0.0720110759139061,-0.11998088657855988,-0.08065122365951538)","(-6.97,-0.06,-0.25)",24.005,2024-04-15 12:29:16.061002,3,16
369,-78.6989146,35.7257201,29.852,"(0.07211316376924515,-0.08036436885595322,-0.06203319504857063)","(-6.92,-0.09,-0.25)",24.019,2024-04-15 12:29:17.071340,3,16
370,-78.6989147,35.7256574,29.874,"(0.07901817560195923,-0.03363265469670296,-0.05245370790362358)","(-7.03,0.04,-0.06)",24.02,2024-04-15 12:29:18.081730,3,16
371,-78.6989139,35.7255943,29.821,"(0.08798259496688843,-0.0486130490899086,-0.06617002189159393)","(-6.99,0.03,-0.06)",24.038,2024-04-15 12:29:19.091794,3,16
372,-78.6989128,35.7255318,29.77,"(0.0903000459074974,-0.12657353281974792,-0.1019422709941864)","(-6.92,0.07,-0.22)",24.006,2024-04-15 12:29:20.101785,3,16
373,-78.6989127,35.7254693,29.702,"(0.08593031018972397,-0.1338297724723816,-0.10802444815635681)","(-7.02,-0.07,-0.29)",24.005,2024-04-15 12:29:21.112395,3,16
374,-78.6989145,35.7253901,29.759,"(0.07738099992275238,-0.0931350588798523,-0.07903073728084564)","(-7.07,-0.15,-0.28)",24.026,2024-04-15 12:29:22.122124,3,16
375,-78.698916,35.7253271,29.834,"(0.08863573521375656,-0.05612235143780708,-0.04889075085520744)","(-6.99,-0.06,-0.17)",24.041,2024-04-15 12:29:23.132453,3,16
376,-78.6989163,35.7252643,29.835,"(0.09440206736326218,-0.057205114513635635,-0.05750945582985878)","(-6.94,0.01,-0.14)",24.038,2024-04-15 12:29:24.136852,3,16
377,-78.698916,35.7252018,29.809,"(0.1042669266462326,-0.0750264823436737,-0.07356099784374237)","(-6.98,0.06,-0.14)",24.028,2024-04-15 12:29:25.149121,3,16
378,-78.6989156,35.7251388,29.801,"(0.09621086716651917,-0.1035175547003746,-0.08381591737270355)","(-7.03,0.04,-0.19)",24.025,2024-04-15 12:29:26.159134,3,16
379,-78.6989157,35.7250756,29.809,"(0.08970467746257782,-0.09782877564430237,-0.07568195462226868)","(-7.0,-0.02,-0.19)",24.032,2024-04-15 12:29:27.168734,3,16
380,-78.6989168,35.7250128,29.789,"(0.08988062292337418,-0.0901583731174469,-0.054112669080495834)","(-7.0,-0.05,-0.2)",24.023,2024-04-15 12:29:28.178393,3,16
381,-78.6989175,35.7249499,29.789,"(0.10338468104600906,-0.07503755390644073,-0.06113141402602196)","(-6.99,0.03,-0.14)",24.046,2024-04-15 12:29:29.182731,3,16
382,-78.6989166,35.7248872,29.817,"(0.09630302339792252,-0.15706074237823486,-0.09159575402736664)","(-6.97,0.12,-0.22)",24.003,2024-04-15 12:29:30.193316,3,16
383,-78.6989161,35.7248244,29.854,"(0.09618020802736282,-0.1775050014257431,-0.0971653163433075)","(-6.98,0.0,-0.1)",23.975,2024-04-15 12:29:31.203721,3,16
384,-78.6989171,35.7247616,29.834,"(0.10744769871234894,-0.16809679567813873,-0.08342795073986053)","(-6.99,-0.02,-0.13)",23.985,2024-04-15 12:29:32.213443,3,16
385,-78.6989173,35.7246986,29.765,"(0.09527367353439331,-0.19285880029201508,-0.10132753849029541)","(-7.0,0.06,-0.15)",23.943,2024-04-15 12:29:33.224048,3,16
386,-78.6989171,35.7246359,29.847,"(0.1148342564702034,-0.15697023272514343,-0.13673008978366852)","(-6.97,-0.01,-0.3)",24.012,2024-04-15 12:29:34.239324,3,16
387,-78.6989182,35.7245738,29.948,"(-0.011616786010563374,-0.09623225778341293,-0.08269482851028442)","(-6.6,-0.11,-0.11)",24.047,2024-04-15 12:29:35.242765,3,16
388,-78.6989191,35.7245205,29.867,"(-0.09165734797716141,-0.11824517697095871,-0.03820022940635681)","(-5.29,-0.12,-0.17)",24.043,2024-04-15 12:29:36.253779,3,16
389,-78.6989194,35.7244796,29.843,"(-0.12206505984067917,-0.11233319342136383,-0.019395537674427032)","(-3.89,0.01,-0.12)",24.055,2024-04-15 12:29:37.263984,3,16
390,-78.6989188,35.7244522,29.874,"(-0.15935064852237701,-0.12301576137542725,-0.030204173177480698)","(-2.28,0.03,-0.02)",24.059,2024-04-15 12:29:38.274403,3,16
391,-78.6989179,35.7244398,29.985,"(-0.11957062780857086,-0.15513408184051514,-0.02403108775615692)","(-0.51,0.04,-0.01)",24.011,2024-04-15 12:29:39.285814,3,16
392,-78.6989184,35.7244376,30.023,"(-0.03418368473649025,-0.16064706444740295,-0.033917732536792755)","(0.07,-0.09,0.06)",23.992,2024-04-15 12:29:40.296858,3,16
393,-78.6989195,35.7244376,29.945,"(-0.05519859492778778,-0.1578732430934906,0.005150494631379843)","(0.18,-0.04,-0.03)",23.978,2024-04-15 12:29:41.307364,3,16
394,-78.6989122,35.7244475,29.928,"(-0.20261932909488678,-0.11840096116065979,0.13194222748279572)","(2.11,1.39,-0.08)",23.963,2024-04-15 12:29:42.317400,3,16
395,-78.6988887,35.7244756,29.821,"(-0.22791707515716553,-0.05996350198984146,0.1554727554321289)","(4.07,2.75,-0.16)",23.967,2024-04-15 12:29:43.328503,3,16
396,-78.698851,35.7245201,29.887,"(-0.10971736162900925,-0.06837981939315796,0.07460814714431763)","(5.56,3.78,-0.14)",23.98,2024-04-15 12:29:44.338983,3,16
397,-78.6988079,35.7245704,29.994,"(-0.07827940583229065,-0.042734723538160324,0.055004678666591644)","(5.82,4.12,-0.07)",23.98,2024-04-15 12:29:45.349012,3,16
398,-78.6987624,35.7246223,30.074,"(-0.0608065202832222,-0.040710240602493286,0.04265284538269043)","(5.86,4.21,0.07)",23.975,2024-04-15 12:29:46.360197,3,16
399,-78.6987052,35.7246878,30.076,"(-0.05234778672456741,-0.046989887952804565,0.028859052807092667)","(5.76,4.25,0.03)",23.984,2024-04-15 12:29:47.370881,3,16
400,-78.6986599,35.7247393,29.965,"(-0.05347144603729248,-0.07063693553209305,0.015454528853297234)","(5.71,4.11,0.0)",23.955,2024-04-15 12:29:48.382546,3,16
401,-78.6986153,35.7247911,30.007,"(-0.03787565976381302,-0.08184053748846054,0.01813383772969246)","(5.67,4.06,0.02)",23.968,2024-04-15 12:29:49.392483,3,16
402,-78.6985708,35.7248423,29.989,"(-0.04749536141753197,-0.08959273248910904,0.009553696028888226)","(5.57,4.07,-0.04)",23.968,2024-04-15 12:29:50.403143,3,16
403,-78.6985262,35.7248932,29.963,"(-0.06643161177635193,-0.08496055006980896,0.011733300052583218)","(5.6,4.03,-0.01)",23.963,2024-04-15 12:29:51.414454,3,16
404,-78.6984813,35.7249446,29.925,"(-0.050113074481487274,-0.08203033357858658,-0.0005076350644230843)","(5.64,4.13,-0.07)",23.962,2024-04-15 12:29:52.425547,3,16
405,-78.6984374,35.724996,30.036,"(-0.06418876349925995,-0.10342492908239365,0.03212503343820572)","(5.63,3.92,0.03)",23.961,2024-04-15 12:29:53.435976,3,16
406,-78.6983933,35.7250477,30.06,"(-0.06098122522234917,-0.06611388176679611,0.037216782569885254)","(5.61,4.0,0.11)",23.941,2024-04-15 12:29:54.447069,3,16
407,-78.6983485,35.7250976,30.125,"(-0.10436750203371048,-0.05984936282038689,0.04014561325311661)","(5.55,4.13,0.08)",23.95,2024-04-15 12:29:55.457983,3,16
408,-78.698303,35.7251488,30.186,"(-0.11036089062690735,-0.05901357904076576,0.047686297446489334)","(5.64,4.06,0.19)",23.985,2024-04-15 12:29:56.468989,3,16
409,-78.6982585,35.7251998,30.057,"(-0.1012214720249176,-0.05335749313235283,0.0423644557595253)","(5.74,4.03,0.06)",23.983,2024-04-15 12:29:57.479958,3,16
410,-78.6982139,35.725252,29.946,"(-0.09257005155086517,-0.05959305167198181,0.048486292362213135)","(5.82,4.01,-0.02)",23.964,2024-04-15 12:29:58.490113,3,16
411,-78.6981694,35.7253042,29.938,"(-0.08364472538232803,-0.05459403619170189,0.05176033452153206)","(5.78,4.05,-0.03)",23.975,2024-04-15 12:29:59.500364,3,16
412,-78.6981248,35.7253558,29.958,"(-0.0915912389755249,-0.051915451884269714,0.05327453836798668)","(5.65,4.07,-0.02)",23.978,2024-04-15 12:30:00.510442,3,16
413,-78.6980798,35.7254065,29.962,"(-0.08107341825962067,-0.06400200724601746,0.042174212634563446)","(5.56,4.19,-0.06)",23.985,2024-04-15 12:30:01.520657,3,16
414,-78.698034,35.7254566,29.864,"(-0.11845698952674866,-0.07080038636922836,0.022352203726768494)","(5.63,4.11,-0.09)",23.991,2024-04-15 12:30:02.530648,3,16
415,-78.6979891,35.7255086,29.824,"(-0.10918357968330383,-0.08662457764148712,0.02414427325129509)","(5.8,4.07,-0.13)",23.986,2024-04-15 12:30:03.540187,3,16
416,-78.6979444,35.7255607,29.833,"(-0.10324890166521072,-0.1031297966837883,0.0187477245926857)","(5.76,3.94,-0.16)",24.007,2024-04-15 12:30:04.551675,3,16
417,-78.6979008,35.7256128,29.844,"(-0.11354293674230576,-0.0968390554189682,0.02091974765062332)","(5.77,3.97,-0.03)",23.949,2024-04-15 12:30:05.562765,3,16
418,-78.6978567,35.7256645,30.114,"(-0.08713851869106293,-0.10150692611932755,0.03745752573013306)","(5.65,4.09,0.04)",23.975,2024-04-15 12:30:06.573907,3,16
419,-78.6978113,35.725715,30.147,"(-0.0878666415810585,-0.11064593493938446,0.017170310020446777)","(5.53,4.13,0.11)",23.979,2024-04-15 12:30:07.584684,3,16
420,-78.6977662,35.7257655,29.857,"(-0.12517352402210236,-0.12314796447753906,-0.006049118936061859)","(5.67,4.12,0.0)",23.934,2024-04-15 12:30:08.595075,3,16
421,-78.6977213,35.7258176,29.958,"(-0.09571218490600586,-0.11597104370594025,-0.009514784440398216)","(5.74,4.09,-0.04)",23.964,2024-04-15 12:30:09.607042,3,16
422,-78.6976653,35.7258824,29.98,"(-0.06719792634248734,-0.13557590544223785,-0.01074015349149704)","(5.69,4.03,-0.03)",23.958,2024-04-15 12:30:10.617394,3,16
423,-78.6976212,35.7259337,29.95,"(-0.0784766674041748,-0.13745516538619995,-0.0029799416661262512)","(5.73,3.98,-0.08)",23.935,2024-04-15 12:30:11.627836,3,16
424,-78.6975772,35.7259854,30.067,"(-0.06580829620361328,-0.13251763582229614,-0.01246892660856247)","(5.68,4.04,0.11)",23.921,2024-04-15 12:30:12.637451,3,16
425,-78.6975329,35.7260362,30.136,"(-0.08128488063812256,-0.13216251134872437,0.011657960712909698)","(5.61,4.04,0.15)",23.937,2024-04-15 12:30:13.647473,3,16
426,-78.6974884,35.7260872,30.046,"(-0.059335701167583466,-0.12335719913244247,0.02619851566851139)","(5.6,4.05,0.03)",23.919,2024-04-15 12:30:14.658386,3,16
427,-78.6974424,35.7261379,29.969,"(-0.1001720279455185,-0.10974238812923431,-0.00833958201110363)","(5.68,4.14,0.04)",23.934,2024-04-15 12:30:15.670294,3,16
428,-78.6973976,35.7261896,29.899,"(-0.10189809650182724,-0.14583389461040497,-0.015736009925603867)","(5.78,4.07,-0.04)",23.935,2024-04-15 12:30:16.681346,3,16
429,-78.6973535,35.7262423,29.916,"(-0.05704953894019127,-0.13523848354816437,-0.005123659037053585)","(5.81,4.05,-0.02)",23.925,2024-04-15 12:30:17.691916,3,16
430,-78.6973083,35.7262938,29.962,"(-0.06725062429904938,-0.12170537561178207,-0.02794773131608963)","(5.63,4.1,-0.05)",23.921,2024-04-15 12:30:18.702295,3,16
431,-78.6972638,35.7263442,30.022,"(-0.10485610365867615,-0.13330405950546265,-0.02199762873351574)","(5.53,4.01,0.06)",23.939,2024-04-15 12:30:19.713952,3,16
432,-78.6972201,35.7263943,29.988,"(-0.14065007865428925,-0.09204817563295364,0.02019444853067398)","(5.61,3.98,0.08)",23.905,2024-04-15 12:30:20.723918,3,16
433,-78.697175,35.7264465,30.148,"(-0.07360903918743134,-0.11612847447395325,-0.005521096289157867)","(5.86,4.08,0.1)",23.918,2024-04-15 12:30:21.734445,3,16
434,-78.6971296,35.7264988,30.01,"(-0.04662714898586273,-0.12499596923589706,-0.02721630409359932)","(5.76,4.05,0.08)",23.897,2024-04-15 12:30:22.744891,3,16
435,-78.6970854,35.7265497,29.997,"(-0.08188705891370773,-0.12879295647144318,0.009250474162399769)","(5.61,3.98,0.0)",23.901,2024-04-15 12:30:23.755852,3,16
436,-78.6970412,35.7266005,30.045,"(-0.07780753076076508,-0.11836521327495575,0.011170993559062481)","(5.61,4.0,0.03)",23.906,2024-04-15 12:30:24.767861,3,16
437,-78.6969969,35.7266519,29.942,"(-0.08739915490150452,-0.0810648649930954,0.006393362767994404)","(5.73,4.01,0.07)",23.899,2024-04-15 12:30:25.773100,3,16
438,-78.6969517,35.7267047,29.888,"(-0.03831440955400467,-0.09589683264493942,-0.0033297836780548096)","(5.83,4.15,-0.06)",23.883,2024-04-15 12:30:26.783732,3,16
439,-78.6969071,35.7267555,29.91,"(-0.08076514303684235,-0.061119288206100464,0.026139700785279274)","(5.47,4.03,-0.05)",23.912,2024-04-15 12:30:27.793919,3,16
440,-78.6968626,35.7268059,29.964,"(-0.0931839868426323,-0.06544121354818344,0.02876412495970726)","(5.7,4.01,-0.02)",23.902,2024-04-15 12:30:28.805491,3,16
441,-78.6968179,35.7268578,30.044,"(-0.0686563178896904,-0.06481261551380157,0.03283429890871048)","(5.7,4.08,0.06)",23.901,2024-04-15 12:30:29.815910,3,16
442,-78.6967723,35.7269092,30.002,"(-0.06868170201778412,-0.09406142681837082,0.01884477585554123)","(5.68,4.09,0.06)",23.893,2024-04-15 12:30:30.819722,3,16
443,-78.6967275,35.7269607,30.012,"(-0.06635212153196335,-0.08980540186166763,0.027284087613224983)","(5.67,4.0,0.03)",23.892,2024-04-15 12:30:31.829930,3,16
444,-78.6966824,35.7270117,30.053,"(-0.09210047125816345,-0.10185594856739044,0.010833235457539558)","(5.64,4.06,0.08)",23.881,2024-04-15 12:30:32.840761,3,16
445,-78.6966379,35.7270631,30.181,"(-0.07576259225606918,-0.11289039254188538,0.025282036513090134)","(5.68,3.92,0.19)",23.894,2024-04-15 12:30:33.850899,3,16
446,-78.6965946,35.7271142,30.032,"(-0.08523216098546982,-0.0720016360282898,0.046341072767972946)","(5.66,3.95,0.08)",23.878,2024-04-15 12:30:34.861154,3,16
447,-78.6965386,35.7271785,29.977,"(-0.09833227843046188,-0.06910797953605652,0.029861724004149437)","(5.72,4.12,0.02)",23.886,2024-04-15 12:30:35.865965,3,16
448,-78.6964933,35.7272305,29.965,"(-0.07157744467258453,-0.07771175354719162,0.0337098091840744)","(5.75,4.08,0.0)",23.875,2024-04-15 12:30:36.871218,3,16
449,-78.6964483,35.7272819,29.949,"(-0.03723975643515587,-0.09388051182031631,-0.0036685802042484283)","(5.66,3.99,-0.01)",23.871,2024-04-15 12:30:37.882612,3,16
450,-78.6964077,35.7273292,29.891,"(0.027052223682403564,-0.05604974925518036,-0.041191719472408295)","(4.77,3.37,-0.09)",23.874,2024-04-15 12:30:38.893366,3,16
451,-78.6963742,35.7273672,29.822,"(0.020750008523464203,-0.09583935886621475,-0.07556386291980743)","(3.75,2.74,-0.09)",23.862,2024-04-15 12:30:39.903843,3,16
452,-78.6963492,35.7273969,29.799,"(0.09571550041437149,-0.14822262525558472,-0.11227700114250183)","(2.7,1.88,-0.15)",23.867,2024-04-15 12:30:40.908681,3,15
453,-78.6963353,35.7274132,29.646,"(0.18337146937847137,-0.1590343564748764,-0.20118512213230133)","(0.8,0.6,0.46)",23.886,2024-04-15 12:30:41.918857,3,15
454,-78.6963327,35.7274168,28.623,"(0.057540521025657654,-0.17408937215805054,-0.04362761601805687)","(0.06,0.07,1.5)",23.884,2024-04-15 12:30:42.928767,3,15
455,-78.6963317,35.7274169,27.223,"(0.019478950649499893,-0.19306300580501556,-0.06160225346684456)","(-0.36,-0.09,1.55)",23.885,2024-04-15 12:30:43.939355,3,15
456,-78.6963336,35.7274143,25.82,"(-0.013621103018522263,-0.15957124531269073,-0.0006766002625226974)","(-0.32,-0.21,1.63)",23.889,2024-04-15 12:30:44.950438,3,15
457,-78.696334,35.7274128,24.258,"(-0.04054249823093414,-0.16174526512622833,-0.024729274213314056)","(-0.16,-0.04,1.64)",23.846,2024-04-15 12:30:45.955312,3,15
458,-78.6963347,35.7274124,22.763,"(-0.016361797228455544,-0.15582029521465302,0.01448255404829979)","(0.01,0.0,1.58)",23.857,2024-04-15 12:30:46.959680,3,15
459,-78.6963342,35.7274119,21.221,"(-0.029862504452466965,-0.18923981487751007,-0.030704490840435028)","(-0.01,0.02,1.59)",23.853,2024-04-15 12:30:47.969935,3,16
460,-78.6963344,35.7274119,19.775,"(-0.014872612431645393,-0.16415080428123474,-0.002097945660352707)","(0.01,0.02,1.57)",23.872,2024-04-15 12:30:48.980829,3,16
461,-78.6963343,35.7274119,18.322,"(-0.00864630751311779,-0.16623684763908386,0.008586605079472065)","(0.08,0.05,1.58)",23.879,2024-04-15 12:30:49.992108,3,16
462,-78.6963336,35.7274116,16.878,"(-0.06979146599769592,-0.17999085783958435,-0.027394309639930725)","(0.01,0.06,1.73)",23.86,2024-04-15 12:30:51.002592,3,16
463,-78.6963341,35.7274123,15.269,"(-0.006647670641541481,-0.14790666103363037,-0.0017532967031002045)","(0.22,-0.07,1.71)",23.832,2024-04-15 12:30:52.012891,3,16
464,-78.6963345,35.7274136,13.67,"(0.0011655278503894806,-0.13087545335292816,-0.03019709140062332)","(0.16,-0.03,1.5)",23.838,2024-04-15 12:30:53.022825,3,16
465,-78.6963344,35.7274141,12.215,"(0.02006172388792038,-0.1424749493598938,-0.025111697614192963)","(0.03,0.08,1.53)",23.833,2024-04-15 12:30:54.037064,3,16
466,-78.6963338,35.727414,10.718,"(0.019320707768201828,-0.10528867691755295,-0.038720373064279556)","(-0.05,0.03,1.56)",23.825,2024-04-15 12:30:55.047483,3,16
467,-78.6963335,35.727413,9.178,"(-0.010275502689182758,-0.1312684714794159,-0.01557810790836811)","(-0.17,0.02,1.53)",23.814,2024-04-15 12:30:56.057691,3,16
468,-78.6963331,35.7274125,7.638,"(-0.015764234587550163,-0.10795755684375763,-0.038109615445137024)","(-0.03,-0.03,1.42)",23.807,2024-04-15 12:30:57.068447,3,16
469,-78.6963339,35.7274124,6.755,"(-0.021787673234939575,-0.11600881069898605,-0.004008254036307335)","(0.02,-0.07,0.44)",23.769,2024-04-15 12:30:58.078347,3,16
470,-78.6963344,35.7274127,6.3,"(-0.026521243155002594,-0.08468575030565262,-0.006490040570497513)","(0.09,-0.02,0.55)",23.789,2024-04-15 12:30:59.088617,3,16
471,-78.6963344,35.7274135,5.791,"(-0.008960097096860409,-0.0935923159122467,-0.007030179724097252)","(0.04,0.02,0.53)",23.781,2024-04-15 12:31:00.099306,3,16
472,-78.6963341,35.7274134,5.281,"(-0.019095493480563164,-0.09621883183717728,0.0005219951272010803)","(-0.01,-0.01,0.55)",23.786,2024-04-15 12:31:01.109764,3,16
473,-78.6963341,35.7274132,4.695,"(-0.023631952702999115,-0.06404895335435867,-0.0038392338901758194)","(-0.01,0.01,0.54)",23.783,2024-04-15 12:31:02.119728,3,16
474,-78.6963341,35.7274134,4.157,"(-0.017602132633328438,-0.04134941101074219,0.0076072304509580135)","(0.0,0.01,0.56)",23.768,2024-04-15 12:31:03.129609,3,16
475,-78.696334,35.7274136,3.68,"(-0.016431841999292374,-0.06183646246790886,0.0021987734362483025)","(0.0,0.0,0.54)",23.773,2024-04-15 12:31:04.139613,3,16
476,-78.6963339,35.7274138,3.204,"(-0.015217741951346397,-0.09215916693210602,0.0026639732532203197)","(-0.01,0.04,0.57)",23.755,2024-04-15 12:31:05.143965,3,16
477,-78.6963335,35.7274137,2.736,"(-0.020114421844482422,-0.08997143805027008,-0.01103055477142334)","(-0.02,0.03,0.59)",23.749,2024-04-15 12:31:06.154087,3,16
478,-78.6963336,35.7274135,2.251,"(-0.013136696070432663,-0.10428111255168915,-0.002908354625105858)","(-0.03,-0.03,0.64)",23.746,2024-04-15 12:31:07.164929,3,16
479,-78.696334,35.7274133,1.696,"(-0.0232778899371624,-0.10580658912658691,0.00153724430128932)","(-0.03,-0.01,0.59)",23.722,2024-04-15 12:31:08.175572,3,16
480,-78.6963342,35.7274132,1.135,"(-0.018492400646209717,-0.11158869415521622,0.010195917449891567)","(-0.01,-0.01,0.51)",23.752,2024-04-15 12:31:09.186442,3,16
481,-78.6963341,35.727413,0.7,"(-0.01715187355875969,-0.10018466413021088,0.00041865184903144836)","(0.0,0.0,0.47)",23.766,2024-04-15 12:31:10.196539,3,16
482,-78.6963341,35.7274131,0.647,"(-0.12588292360305786,-0.09917765110731125,-0.01966703310608864)","(0.01,0.0,0.11)",23.996,2024-04-15 12:31:11.207145,3,16
483,-78.696334,35.727413,0.603,"(-0.12257063388824463,-0.09932402521371841,-0.019748298451304436)","(-0.01,0.01,0.09)",24.01,2024-04-15 12:31:12.217946,3,16
