Connecting to host 192.168.94.3, port 5201
Reverse mode, remote host 192.168.94.3 is sending
[  6] local 192.168.89.2 port 44032 connected to 192.168.94.3 port 5201
[ ID] Interval           Transfer     Bitrate
[  6]   0.00-1.00   sec  21.4 MBytes   180 Mbits/sec                  
[  6]   1.00-2.00   sec  70.8 MBytes   594 Mbits/sec                  
[  6]   2.00-3.00   sec  73.2 MBytes   614 Mbits/sec                  
[  6]   3.00-4.00   sec  75.8 MBytes   636 Mbits/sec                  
[  6]   4.00-5.00   sec  80.2 MBytes   673 Mbits/sec                  
[  6]   5.00-6.00   sec  76.1 MBytes   638 Mbits/sec                  
[  6]   6.00-7.00   sec  78.5 MBytes   658 Mbits/sec                  
[  6]   7.00-8.00   sec  75.7 MBytes   635 Mbits/sec                  
[  6]   8.00-9.00   sec  76.3 MBytes   640 Mbits/sec                  
[  6]   9.00-10.00  sec  77.7 MBytes   652 Mbits/sec                  
[  6]  10.00-11.00  sec  77.3 MBytes   648 Mbits/sec                  
[  6]  11.00-12.00  sec  76.3 MBytes   640 Mbits/sec                  
[  6]  12.00-13.00  sec  77.3 MBytes   649 Mbits/sec                  
[  6]  13.00-14.00  sec  77.9 MBytes   653 Mbits/sec                  
[  6]  14.00-15.00  sec  77.3 MBytes   649 Mbits/sec                  
[  6]  15.00-16.00  sec  77.0 MBytes   646 Mbits/sec                  
[  6]  16.00-17.00  sec  77.6 MBytes   651 Mbits/sec                  
[  6]  17.00-18.00  sec  79.0 MBytes   663 Mbits/sec                  
[  6]  18.00-19.00  sec  79.5 MBytes   667 Mbits/sec                  
[  6]  19.00-20.00  sec  79.1 MBytes   664 Mbits/sec                  
[  6]  20.00-21.00  sec  78.5 MBytes   659 Mbits/sec                  
[  6]  21.00-22.00  sec  79.8 MBytes   669 Mbits/sec                  
[  6]  22.00-23.00  sec  81.1 MBytes   680 Mbits/sec                  
[  6]  23.00-24.00  sec  79.8 MBytes   669 Mbits/sec                  
[  6]  24.00-25.00  sec  77.6 MBytes   650 Mbits/sec                  
[  6]  25.00-26.00  sec  78.6 MBytes   660 Mbits/sec                  
[  6]  26.00-27.00  sec  77.4 MBytes   649 Mbits/sec                  
[  6]  27.00-28.00  sec  77.8 MBytes   653 Mbits/sec                  
[  6]  28.00-29.00  sec  76.3 MBytes   640 Mbits/sec                  
[  6]  29.00-30.00  sec  78.5 MBytes   659 Mbits/sec                  
[  6]  30.00-31.00  sec  78.3 MBytes   656 Mbits/sec                  
[  6]  31.00-32.00  sec  78.6 MBytes   659 Mbits/sec                  
[  6]  32.00-33.00  sec  79.2 MBytes   664 Mbits/sec                  
[  6]  33.00-34.00  sec  78.2 MBytes   656 Mbits/sec                  
[  6]  34.00-35.00  sec  78.0 MBytes   654 Mbits/sec                  
[  6]  35.00-36.00  sec  78.6 MBytes   659 Mbits/sec                  
[  6]  36.00-37.00  sec  78.8 MBytes   661 Mbits/sec                  
[  6]  37.00-38.00  sec  79.2 MBytes   665 Mbits/sec                  
[  6]  38.00-39.00  sec  79.8 MBytes   669 Mbits/sec                  
[  6]  39.00-40.00  sec  78.9 MBytes   661 Mbits/sec                  
[  6]  40.00-41.00  sec  76.5 MBytes   642 Mbits/sec                  
[  6]  41.00-42.00  sec  78.2 MBytes   656 Mbits/sec                  
[  6]  42.00-43.00  sec  69.7 MBytes   585 Mbits/sec                  
[  6]  43.00-44.00  sec  53.5 MBytes   448 Mbits/sec                  
[  6]  44.00-45.00  sec  52.0 MBytes   437 Mbits/sec                  
[  6]  45.00-46.00  sec  53.9 MBytes   452 Mbits/sec                  
[  6]  46.00-47.00  sec  54.3 MBytes   456 Mbits/sec                  
[  6]  47.00-48.00  sec  54.5 MBytes   457 Mbits/sec                  
[  6]  48.00-49.00  sec  53.4 MBytes   448 Mbits/sec                  
[  6]  49.00-50.00  sec  54.0 MBytes   453 Mbits/sec                  
[  6]  50.00-51.00  sec  54.9 MBytes   461 Mbits/sec                  
[  6]  51.00-52.00  sec  55.4 MBytes   465 Mbits/sec                  
[  6]  52.00-53.00  sec  54.9 MBytes   461 Mbits/sec                  
[  6]  53.00-54.00  sec  53.9 MBytes   452 Mbits/sec                  
[  6]  54.00-55.00  sec  53.1 MBytes   445 Mbits/sec                  
[  6]  55.00-56.00  sec  53.5 MBytes   448 Mbits/sec                  
[  6]  56.00-57.00  sec  53.0 MBytes   444 Mbits/sec                  
[  6]  57.00-58.00  sec  55.0 MBytes   461 Mbits/sec                  
[  6]  58.00-59.00  sec  53.1 MBytes   445 Mbits/sec                  
[  6]  59.00-60.00  sec  43.7 MBytes   367 Mbits/sec                  
[  6]  60.00-61.00  sec  53.7 MBytes   451 Mbits/sec                  
[  6]  61.00-62.00  sec  53.5 MBytes   449 Mbits/sec                  
[  6]  62.00-63.00  sec  53.2 MBytes   446 Mbits/sec                  
[  6]  63.00-64.00  sec  53.9 MBytes   452 Mbits/sec                  
[  6]  64.00-65.00  sec  53.3 MBytes   447 Mbits/sec                  
[  6]  65.00-66.00  sec  52.9 MBytes   444 Mbits/sec                  
[  6]  66.00-67.00  sec  54.2 MBytes   455 Mbits/sec                  
[  6]  67.00-68.00  sec  54.0 MBytes   453 Mbits/sec                  
[  6]  68.00-69.00  sec  53.6 MBytes   450 Mbits/sec                  
[  6]  69.00-70.00  sec  53.2 MBytes   446 Mbits/sec                  
[  6]  70.00-71.00  sec  52.9 MBytes   443 Mbits/sec                  
[  6]  71.00-72.00  sec  54.1 MBytes   454 Mbits/sec                  
[  6]  72.00-73.00  sec  52.3 MBytes   438 Mbits/sec                  
[  6]  73.00-74.00  sec  54.7 MBytes   459 Mbits/sec                  
[  6]  74.00-75.00  sec  54.9 MBytes   460 Mbits/sec                  
[  6]  75.00-76.00  sec  53.6 MBytes   450 Mbits/sec                  
[  6]  76.00-77.00  sec  54.4 MBytes   456 Mbits/sec                  
[  6]  77.00-78.00  sec  54.5 MBytes   457 Mbits/sec                  
[  6]  78.00-79.00  sec  53.6 MBytes   449 Mbits/sec                  
[  6]  79.00-80.00  sec  53.6 MBytes   450 Mbits/sec                  
[  6]  80.00-81.00  sec  54.6 MBytes   458 Mbits/sec                  
[  6]  81.00-82.00  sec  54.4 MBytes   456 Mbits/sec                  
[  6]  82.00-83.00  sec  53.6 MBytes   449 Mbits/sec                  
[  6]  83.00-84.00  sec  53.6 MBytes   450 Mbits/sec                  
[  6]  84.00-85.00  sec  54.5 MBytes   457 Mbits/sec                  
[  6]  85.00-86.00  sec  53.9 MBytes   452 Mbits/sec                  
[  6]  86.00-87.00  sec  53.8 MBytes   451 Mbits/sec                  
[  6]  87.00-88.00  sec  53.9 MBytes   452 Mbits/sec                  
[  6]  88.00-89.00  sec  52.7 MBytes   442 Mbits/sec                  
[  6]  89.00-90.00  sec  53.1 MBytes   445 Mbits/sec                  
[  6]  90.00-91.00  sec  54.0 MBytes   453 Mbits/sec                  
[  6]  91.00-92.00  sec  53.6 MBytes   450 Mbits/sec                  
[  6]  92.00-93.00  sec  52.8 MBytes   443 Mbits/sec                  
[  6]  93.00-94.00  sec  53.4 MBytes   448 Mbits/sec                  
[  6]  94.00-95.00  sec  53.1 MBytes   446 Mbits/sec                  
[  6]  95.00-96.00  sec  53.6 MBytes   450 Mbits/sec                  
[  6]  96.00-97.00  sec  53.4 MBytes   448 Mbits/sec                  
[  6]  97.00-98.00  sec  53.9 MBytes   453 Mbits/sec                  
[  6]  98.00-99.00  sec  53.8 MBytes   451 Mbits/sec                  
[  6]  99.00-100.00 sec  52.5 MBytes   440 Mbits/sec                  
[  6] 100.00-101.00 sec  54.7 MBytes   459 Mbits/sec                  
[  6] 101.00-102.00 sec  53.3 MBytes   447 Mbits/sec                  
[  6] 102.00-103.00 sec  53.8 MBytes   452 Mbits/sec                  
[  6] 103.00-104.00 sec  53.1 MBytes   446 Mbits/sec                  
[  6] 104.00-105.00 sec  53.0 MBytes   445 Mbits/sec                  
[  6] 105.00-106.00 sec  53.2 MBytes   447 Mbits/sec                  
[  6] 106.00-107.00 sec  53.1 MBytes   445 Mbits/sec                  
[  6] 107.00-108.00 sec  52.2 MBytes   438 Mbits/sec                  
[  6] 108.00-109.00 sec  53.1 MBytes   445 Mbits/sec                  
[  6] 109.00-110.00 sec  48.5 MBytes   407 Mbits/sec                  
[  6] 110.00-111.00 sec  50.7 MBytes   425 Mbits/sec                  
[  6] 111.00-112.00 sec  50.9 MBytes   427 Mbits/sec                  
[  6] 112.00-113.00 sec  50.5 MBytes   424 Mbits/sec                  
[  6] 113.00-114.00 sec  50.6 MBytes   424 Mbits/sec                  
[  6] 114.00-115.00 sec  48.2 MBytes   405 Mbits/sec                  
[  6] 115.00-116.00 sec  44.3 MBytes   372 Mbits/sec                  
[  6] 116.00-117.00 sec  40.7 MBytes   341 Mbits/sec                  
[  6] 117.00-118.00 sec  49.5 MBytes   415 Mbits/sec                  
[  6] 118.00-119.00 sec  49.0 MBytes   411 Mbits/sec                  
[  6] 119.00-120.00 sec  65.4 MBytes   549 Mbits/sec                  
[  6] 120.00-121.00 sec  73.7 MBytes   618 Mbits/sec                  
[  6] 121.00-122.00 sec  77.9 MBytes   653 Mbits/sec                  
[  6] 122.00-123.00 sec  56.1 MBytes   470 Mbits/sec                  
[  6] 123.00-124.00 sec  53.3 MBytes   447 Mbits/sec                  
[  6] 124.00-125.00 sec  55.4 MBytes   465 Mbits/sec                  
[  6] 125.00-126.00 sec  53.7 MBytes   451 Mbits/sec                  
[  6] 126.00-127.00 sec  56.2 MBytes   472 Mbits/sec                  
[  6] 127.00-128.00 sec  58.0 MBytes   486 Mbits/sec                  
[  6] 128.00-129.00 sec  50.8 MBytes   426 Mbits/sec                  
[  6] 129.00-130.00 sec  52.8 MBytes   443 Mbits/sec                  
[  6] 130.00-131.00 sec  53.7 MBytes   450 Mbits/sec                  
[  6] 131.00-132.00 sec  53.5 MBytes   448 Mbits/sec                  
[  6] 132.00-133.00 sec  50.8 MBytes   426 Mbits/sec                  
[  6] 133.00-134.00 sec  51.4 MBytes   431 Mbits/sec                  
[  6] 134.00-135.00 sec  52.2 MBytes   438 Mbits/sec                  
[  6] 135.00-136.00 sec  51.5 MBytes   432 Mbits/sec                  
[  6] 136.00-137.00 sec  44.3 MBytes   371 Mbits/sec                  
[  6] 137.00-138.00 sec  43.8 MBytes   367 Mbits/sec                  
[  6] 138.00-139.00 sec  35.8 MBytes   300 Mbits/sec                  
[  6] 139.00-140.00 sec  46.7 MBytes   391 Mbits/sec                  
[  6] 140.00-141.00 sec  44.1 MBytes   370 Mbits/sec                  
[  6] 141.00-142.00 sec  46.0 MBytes   386 Mbits/sec                  
[  6] 142.00-143.00 sec  48.0 MBytes   402 Mbits/sec                  
[  6] 143.00-144.00 sec  49.0 MBytes   411 Mbits/sec                  
[  6] 144.00-145.00 sec  41.8 MBytes   351 Mbits/sec                  
[  6] 145.00-146.00 sec  41.2 MBytes   345 Mbits/sec                  
[  6] 146.00-147.00 sec  41.3 MBytes   346 Mbits/sec                  
[  6] 147.00-148.00 sec  44.2 MBytes   371 Mbits/sec                  
[  6] 148.00-149.00 sec  44.9 MBytes   377 Mbits/sec                  
[  6] 149.00-150.00 sec  44.0 MBytes   369 Mbits/sec                  
[  6] 150.00-151.00 sec  46.9 MBytes   394 Mbits/sec                  
[  6] 151.00-152.00 sec  46.5 MBytes   390 Mbits/sec                  
[  6] 152.00-153.00 sec  41.0 MBytes   344 Mbits/sec                  
[  6] 153.00-154.00 sec  35.6 MBytes   299 Mbits/sec                  
[  6] 154.00-155.00 sec  37.3 MBytes   313 Mbits/sec                  
[  6] 155.00-156.00 sec  39.0 MBytes   327 Mbits/sec                  
[  6] 156.00-157.00 sec  42.0 MBytes   352 Mbits/sec                  
[  6] 157.00-158.00 sec  49.9 MBytes   419 Mbits/sec                  
[  6] 158.00-159.00 sec  53.1 MBytes   446 Mbits/sec                  
[  6] 159.00-160.00 sec  53.6 MBytes   450 Mbits/sec                  
[  6] 160.00-161.00 sec  52.6 MBytes   441 Mbits/sec                  
[  6] 161.00-162.00 sec  50.3 MBytes   422 Mbits/sec                  
[  6] 162.00-163.00 sec  49.7 MBytes   417 Mbits/sec                  
[  6] 163.00-164.00 sec  49.8 MBytes   418 Mbits/sec                  
[  6] 164.00-165.00 sec  50.0 MBytes   420 Mbits/sec                  
[  6] 165.00-166.00 sec  47.1 MBytes   395 Mbits/sec                  
[  6] 166.00-167.00 sec  44.5 MBytes   373 Mbits/sec                  
[  6] 167.00-168.00 sec  46.0 MBytes   386 Mbits/sec                  
[  6] 168.00-169.00 sec  44.5 MBytes   374 Mbits/sec                  
[  6] 169.00-170.00 sec  41.4 MBytes   348 Mbits/sec                  
[  6] 170.00-171.00 sec  40.4 MBytes   339 Mbits/sec                  
[  6] 171.00-172.00 sec  38.1 MBytes   319 Mbits/sec                  
[  6] 172.00-173.00 sec  37.1 MBytes   311 Mbits/sec                  
[  6] 173.00-174.00 sec  38.0 MBytes   319 Mbits/sec                  
[  6] 174.00-175.00 sec  36.1 MBytes   302 Mbits/sec                  
[  6] 175.00-176.00 sec  39.2 MBytes   328 Mbits/sec                  
[  6] 176.00-177.00 sec  41.3 MBytes   347 Mbits/sec                  
[  6] 177.00-178.00 sec  37.2 MBytes   312 Mbits/sec                  
[  6] 178.00-179.00 sec  39.6 MBytes   332 Mbits/sec                  
[  6] 179.00-180.00 sec  36.0 MBytes   302 Mbits/sec                  
[  6] 180.00-181.00 sec  37.2 MBytes   312 Mbits/sec                  
[  6] 181.00-182.00 sec  34.5 MBytes   289 Mbits/sec                  
[  6] 182.00-183.00 sec  34.4 MBytes   288 Mbits/sec                  
[  6] 183.00-184.00 sec  32.7 MBytes   275 Mbits/sec                  
[  6] 184.00-185.00 sec  30.9 MBytes   259 Mbits/sec                  
[  6] 185.00-186.00 sec  31.2 MBytes   262 Mbits/sec                  
[  6] 186.00-187.00 sec  30.5 MBytes   256 Mbits/sec                  
[  6] 187.00-188.00 sec  33.8 MBytes   284 Mbits/sec                  
[  6] 188.00-189.00 sec  32.9 MBytes   276 Mbits/sec                  
[  6] 189.00-190.00 sec  32.2 MBytes   270 Mbits/sec                  
[  6] 190.00-191.00 sec  33.5 MBytes   281 Mbits/sec                  
[  6] 191.00-192.00 sec  33.3 MBytes   279 Mbits/sec                  
[  6] 192.00-193.00 sec  30.3 MBytes   254 Mbits/sec                  
[  6] 193.00-194.00 sec  30.8 MBytes   258 Mbits/sec                  
[  6] 194.00-195.00 sec  28.5 MBytes   239 Mbits/sec                  
[  6] 195.00-196.00 sec  33.6 MBytes   282 Mbits/sec                  
[  6] 196.00-197.00 sec  31.7 MBytes   266 Mbits/sec                  
[  6] 197.00-198.00 sec  29.1 MBytes   244 Mbits/sec                  
[  6] 198.00-199.00 sec  31.9 MBytes   267 Mbits/sec                  
[  6] 199.00-200.00 sec  31.9 MBytes   268 Mbits/sec                  
[  6] 200.00-201.00 sec  31.9 MBytes   268 Mbits/sec                  
[  6] 201.00-202.00 sec  33.7 MBytes   283 Mbits/sec                  
[  6] 202.00-203.00 sec  33.1 MBytes   278 Mbits/sec                  
[  6] 203.00-204.00 sec  32.0 MBytes   269 Mbits/sec                  
[  6] 204.00-205.00 sec  28.2 MBytes   237 Mbits/sec                  
[  6] 205.00-206.00 sec  31.0 MBytes   260 Mbits/sec                  
[  6] 206.00-207.00 sec  32.8 MBytes   275 Mbits/sec                  
[  6] 207.00-208.00 sec  32.2 MBytes   270 Mbits/sec                  
[  6] 208.00-209.00 sec  31.9 MBytes   267 Mbits/sec                  
[  6] 209.00-210.00 sec  32.0 MBytes   268 Mbits/sec                  
[  6] 210.00-211.00 sec  30.3 MBytes   254 Mbits/sec                  
[  6] 211.00-212.00 sec  32.3 MBytes   271 Mbits/sec                  
[  6] 212.00-213.00 sec  33.4 MBytes   280 Mbits/sec                  
[  6] 213.00-214.00 sec  35.3 MBytes   296 Mbits/sec                  
[  6] 214.00-215.00 sec  42.4 MBytes   356 Mbits/sec                  
[  6] 215.00-216.00 sec  40.3 MBytes   338 Mbits/sec                  
[  6] 216.00-217.00 sec  42.7 MBytes   358 Mbits/sec                  
[  6] 217.00-218.00 sec  47.6 MBytes   399 Mbits/sec                  
[  6] 218.00-219.00 sec  43.4 MBytes   364 Mbits/sec                  
[  6] 219.00-220.00 sec  45.7 MBytes   383 Mbits/sec                  
[  6] 220.00-221.00 sec  51.2 MBytes   430 Mbits/sec                  
[  6] 221.00-222.00 sec  49.7 MBytes   417 Mbits/sec                  
[  6] 222.00-223.00 sec  54.4 MBytes   457 Mbits/sec                  
[  6] 223.00-224.00 sec  55.8 MBytes   468 Mbits/sec                  
[  6] 224.00-225.00 sec  54.4 MBytes   456 Mbits/sec                  
[  6] 225.00-226.00 sec  53.8 MBytes   451 Mbits/sec                  
[  6] 226.00-227.00 sec  53.9 MBytes   453 Mbits/sec                  
[  6] 227.00-228.00 sec  52.3 MBytes   438 Mbits/sec                  
[  6] 228.00-229.00 sec  51.2 MBytes   429 Mbits/sec                  
[  6] 229.00-230.00 sec  45.4 MBytes   381 Mbits/sec                  
[  6] 230.00-231.00 sec  46.4 MBytes   389 Mbits/sec                  
[  6] 231.00-232.00 sec  47.7 MBytes   400 Mbits/sec                  
[  6] 232.00-233.00 sec  53.1 MBytes   445 Mbits/sec                  
[  6] 233.00-234.00 sec  58.7 MBytes   493 Mbits/sec                  
[  6] 234.00-235.00 sec  57.4 MBytes   481 Mbits/sec                  
[  6] 235.00-236.00 sec  57.4 MBytes   481 Mbits/sec                  
[  6] 236.00-237.00 sec  50.9 MBytes   427 Mbits/sec                  
[  6] 237.00-238.00 sec  56.2 MBytes   472 Mbits/sec                  
[  6] 238.00-239.00 sec  56.6 MBytes   475 Mbits/sec                  
[  6] 239.00-240.00 sec  55.0 MBytes   461 Mbits/sec                  
[  6] 240.00-241.00 sec  53.7 MBytes   451 Mbits/sec                  
[  6] 241.00-242.00 sec  51.4 MBytes   431 Mbits/sec                  
[  6] 242.00-243.00 sec  51.2 MBytes   429 Mbits/sec                  
[  6] 243.00-244.00 sec  54.5 MBytes   457 Mbits/sec                  
[  6] 244.00-245.00 sec  58.8 MBytes   493 Mbits/sec                  
[  6] 245.00-246.00 sec  56.2 MBytes   472 Mbits/sec                  
[  6] 246.00-247.00 sec  55.8 MBytes   468 Mbits/sec                  
[  6] 247.00-248.00 sec  54.5 MBytes   457 Mbits/sec                  
[  6] 248.00-249.00 sec  55.3 MBytes   464 Mbits/sec                  
[  6] 249.00-250.00 sec  56.4 MBytes   473 Mbits/sec                  
[  6] 250.00-251.00 sec  58.2 MBytes   488 Mbits/sec                  
[  6] 251.00-252.00 sec  60.5 MBytes   507 Mbits/sec                  
[  6] 252.00-253.00 sec  63.9 MBytes   536 Mbits/sec                  
[  6] 253.00-254.00 sec  65.6 MBytes   550 Mbits/sec                  
[  6] 254.00-255.00 sec  72.3 MBytes   607 Mbits/sec                  
[  6] 255.00-256.00 sec  82.0 MBytes   688 Mbits/sec                  
[  6] 256.00-257.00 sec  67.9 MBytes   570 Mbits/sec                  
[  6] 257.00-258.00 sec  67.8 MBytes   569 Mbits/sec                  
[  6] 258.00-259.00 sec  67.2 MBytes   564 Mbits/sec                  
[  6] 259.00-260.00 sec  58.4 MBytes   490 Mbits/sec                  
[  6] 260.00-261.00 sec  61.5 MBytes   516 Mbits/sec                  
[  6] 261.00-262.00 sec  25.0 MBytes   210 Mbits/sec                  
[  6] 262.00-263.00 sec  3.06 MBytes  25.6 Mbits/sec                  
[  6] 263.00-264.00 sec  1.56 MBytes  13.1 Mbits/sec                  
[  6] 264.00-265.00 sec  2.12 MBytes  17.8 Mbits/sec                  
[  6] 265.00-266.00 sec  19.5 MBytes   164 Mbits/sec                  
[  6] 266.00-267.00 sec  66.1 MBytes   555 Mbits/sec                  
[  6] 267.00-268.00 sec  63.5 MBytes   533 Mbits/sec                  
[  6] 268.00-269.00 sec  63.7 MBytes   534 Mbits/sec                  
[  6] 269.00-270.00 sec  62.8 MBytes   527 Mbits/sec                  
[  6] 270.00-271.00 sec  56.5 MBytes   474 Mbits/sec                  
[  6] 271.00-272.00 sec  53.4 MBytes   448 Mbits/sec                  
[  6] 272.00-273.00 sec  57.6 MBytes   483 Mbits/sec                  
[  6] 273.00-274.00 sec  61.9 MBytes   520 Mbits/sec                  
[  6] 274.00-275.00 sec  57.2 MBytes   480 Mbits/sec                  
[  6] 275.00-276.00 sec  58.8 MBytes   493 Mbits/sec                  
[  6] 276.00-277.00 sec  57.3 MBytes   481 Mbits/sec                  
[  6] 277.00-278.00 sec  57.8 MBytes   485 Mbits/sec                  
[  6] 278.00-279.00 sec  55.4 MBytes   465 Mbits/sec                  
[  6] 279.00-280.00 sec  54.1 MBytes   454 Mbits/sec                  
[  6] 280.00-281.00 sec  54.5 MBytes   457 Mbits/sec                  
[  6] 281.00-282.00 sec  53.8 MBytes   451 Mbits/sec                  
[  6] 282.00-283.00 sec  57.0 MBytes   478 Mbits/sec                  
[  6] 283.00-284.00 sec  55.2 MBytes   463 Mbits/sec                  
[  6] 284.00-285.00 sec  56.5 MBytes   474 Mbits/sec                  
[  6] 285.00-286.00 sec  58.9 MBytes   494 Mbits/sec                  
[  6] 286.00-287.00 sec  53.1 MBytes   446 Mbits/sec                  
[  6] 287.00-288.00 sec  57.4 MBytes   481 Mbits/sec                  
[  6] 288.00-289.00 sec  45.1 MBytes   378 Mbits/sec                  
[  6] 289.00-290.00 sec  56.3 MBytes   472 Mbits/sec                  
[  6] 290.00-291.00 sec  53.1 MBytes   446 Mbits/sec                  
[  6] 291.00-292.00 sec  50.3 MBytes   422 Mbits/sec                  
[  6] 292.00-293.00 sec  50.3 MBytes   422 Mbits/sec                  
[  6] 293.00-294.00 sec  51.9 MBytes   435 Mbits/sec                  
[  6] 294.00-295.00 sec  52.0 MBytes   437 Mbits/sec                  
[  6] 295.00-296.00 sec  53.4 MBytes   448 Mbits/sec                  
[  6] 296.00-297.00 sec  52.0 MBytes   436 Mbits/sec                  
[  6] 297.00-298.00 sec  50.2 MBytes   421 Mbits/sec                  
[  6] 298.00-299.00 sec  52.5 MBytes   440 Mbits/sec                  
[  6] 299.00-300.00 sec  53.9 MBytes   452 Mbits/sec                  
[  6] 300.00-301.00 sec  53.4 MBytes   448 Mbits/sec                  
[  6] 301.00-302.00 sec  54.4 MBytes   456 Mbits/sec                  
[  6] 302.00-303.00 sec  55.9 MBytes   469 Mbits/sec                  
[  6] 303.00-304.00 sec  56.7 MBytes   475 Mbits/sec                  
[  6] 304.00-305.00 sec  57.0 MBytes   478 Mbits/sec                  
[  6] 305.00-306.00 sec  54.4 MBytes   456 Mbits/sec                  
[  6] 306.00-307.00 sec  53.3 MBytes   447 Mbits/sec                  
[  6] 307.00-308.00 sec  50.8 MBytes   427 Mbits/sec                  
[  6] 308.00-309.00 sec  60.9 MBytes   511 Mbits/sec                  
[  6] 309.00-310.00 sec  59.3 MBytes   497 Mbits/sec                  
[  6] 310.00-311.00 sec  62.7 MBytes   526 Mbits/sec                  
[  6] 311.00-312.00 sec  63.7 MBytes   534 Mbits/sec                  
[  6] 312.00-313.00 sec  62.9 MBytes   527 Mbits/sec                  
[  6] 313.00-314.00 sec  61.3 MBytes   514 Mbits/sec                  
[  6] 314.00-315.00 sec  54.2 MBytes   455 Mbits/sec                  
[  6] 315.00-316.00 sec  50.7 MBytes   426 Mbits/sec                  
[  6] 316.00-317.00 sec  50.0 MBytes   420 Mbits/sec                  
[  6] 317.00-318.00 sec  53.9 MBytes   452 Mbits/sec                  
[  6] 318.00-319.00 sec  57.2 MBytes   480 Mbits/sec                  
[  6] 319.00-320.00 sec  50.6 MBytes   424 Mbits/sec                  
[  6] 320.00-321.00 sec  46.5 MBytes   390 Mbits/sec                  
[  6] 321.00-322.00 sec  48.6 MBytes   408 Mbits/sec                  
[  6] 322.00-323.00 sec  49.0 MBytes   411 Mbits/sec                  
[  6] 323.00-324.00 sec  54.8 MBytes   459 Mbits/sec                  
[  6] 324.00-325.00 sec  58.6 MBytes   492 Mbits/sec                  
[  6] 325.00-326.00 sec  62.3 MBytes   522 Mbits/sec                  
[  6] 326.00-327.00 sec  63.2 MBytes   530 Mbits/sec                  
[  6] 327.00-328.00 sec  60.8 MBytes   510 Mbits/sec                  
[  6] 328.00-329.00 sec  56.9 MBytes   478 Mbits/sec                  
[  6] 329.00-330.00 sec  59.2 MBytes   496 Mbits/sec                  
[  6] 330.00-331.00 sec  56.5 MBytes   474 Mbits/sec                  
[  6] 331.00-332.00 sec  60.0 MBytes   504 Mbits/sec                  
[  6] 332.00-333.00 sec  59.6 MBytes   500 Mbits/sec                  
[  6] 333.00-334.00 sec  62.7 MBytes   526 Mbits/sec                  
[  6] 334.00-335.00 sec  66.6 MBytes   559 Mbits/sec                  
[  6] 335.00-336.00 sec  66.2 MBytes   555 Mbits/sec                  
[  6] 336.00-337.00 sec  68.7 MBytes   576 Mbits/sec                  
[  6] 337.00-338.00 sec  70.2 MBytes   589 Mbits/sec                  
[  6] 338.00-339.00 sec  69.2 MBytes   580 Mbits/sec                  
[  6] 339.00-340.00 sec  69.8 MBytes   585 Mbits/sec                  
[  6] 340.00-341.00 sec  70.7 MBytes   593 Mbits/sec                  
[  6] 341.00-342.00 sec  71.8 MBytes   602 Mbits/sec                  
[  6] 342.00-343.00 sec  68.7 MBytes   576 Mbits/sec                  
[  6] 343.00-344.00 sec  71.0 MBytes   596 Mbits/sec                  
[  6] 344.00-345.00 sec  68.3 MBytes   573 Mbits/sec                  
[  6] 345.00-346.00 sec  63.5 MBytes   532 Mbits/sec                  
[  6] 346.00-347.00 sec  72.6 MBytes   609 Mbits/sec                  
[  6] 347.00-348.00 sec  66.9 MBytes   561 Mbits/sec                  
[  6] 348.00-349.00 sec  44.7 MBytes   375 Mbits/sec                  
[  6] 349.00-350.00 sec  62.0 MBytes   519 Mbits/sec                  
[  6] 350.00-351.00 sec  45.3 MBytes   380 Mbits/sec                  
[  6] 351.00-352.00 sec  67.0 MBytes   562 Mbits/sec                  
[  6] 352.00-353.00 sec  65.6 MBytes   551 Mbits/sec                  
[  6] 353.00-354.00 sec  65.9 MBytes   553 Mbits/sec                  
[  6] 354.00-355.00 sec  63.2 MBytes   530 Mbits/sec                  
[  6] 355.00-356.00 sec  57.8 MBytes   485 Mbits/sec                  
[  6] 356.00-357.00 sec  56.1 MBytes   471 Mbits/sec                  
[  6] 357.00-358.00 sec  57.9 MBytes   486 Mbits/sec                  
[  6] 358.00-359.00 sec  59.4 MBytes   499 Mbits/sec                  
[  6] 359.00-360.00 sec  59.4 MBytes   498 Mbits/sec                  
[  6] 360.00-361.00 sec  58.9 MBytes   494 Mbits/sec                  
[  6] 361.00-362.00 sec  59.1 MBytes   496 Mbits/sec                  
[  6] 362.00-363.00 sec  61.0 MBytes   512 Mbits/sec                  
[  6] 363.00-364.00 sec  58.0 MBytes   486 Mbits/sec                  
[  6] 364.00-365.00 sec  56.4 MBytes   473 Mbits/sec                  
[  6] 365.00-366.00 sec  57.9 MBytes   485 Mbits/sec                  
[  6] 366.00-367.00 sec  54.5 MBytes   457 Mbits/sec                  
[  6] 367.00-368.00 sec  50.8 MBytes   426 Mbits/sec                  
[  6] 368.00-369.00 sec  50.7 MBytes   426 Mbits/sec                  
[  6] 369.00-370.00 sec  51.2 MBytes   430 Mbits/sec                  
[  6] 370.00-371.00 sec  50.3 MBytes   422 Mbits/sec                  
[  6] 371.00-372.00 sec  47.3 MBytes   396 Mbits/sec                  
[  6] 372.00-373.00 sec  43.6 MBytes   366 Mbits/sec                  
[  6] 373.00-374.00 sec  43.8 MBytes   367 Mbits/sec                  
[  6] 374.00-375.00 sec  43.4 MBytes   364 Mbits/sec                  
[  6] 375.00-376.00 sec  42.2 MBytes   354 Mbits/sec                  
[  6] 376.00-377.00 sec  41.9 MBytes   351 Mbits/sec                  
[  6] 377.00-378.00 sec  40.4 MBytes   339 Mbits/sec                  
[  6] 378.00-379.00 sec  31.9 MBytes   268 Mbits/sec                  
[  6] 379.00-380.00 sec  37.0 MBytes   311 Mbits/sec                  
[  6] 380.00-381.00 sec  38.4 MBytes   322 Mbits/sec                  
[  6] 381.00-382.00 sec  40.1 MBytes   336 Mbits/sec                  
[  6] 382.00-383.00 sec  36.8 MBytes   309 Mbits/sec                  
[  6] 383.00-384.00 sec  34.0 MBytes   285 Mbits/sec                  
[  6] 384.00-385.00 sec  37.3 MBytes   313 Mbits/sec                  
[  6] 385.00-386.00 sec  35.8 MBytes   301 Mbits/sec                  
[  6] 386.00-387.00 sec  33.4 MBytes   281 Mbits/sec                  
[  6] 387.00-388.00 sec  35.6 MBytes   298 Mbits/sec                  
[  6] 388.00-389.00 sec  40.4 MBytes   339 Mbits/sec                  
[  6] 389.00-390.00 sec  39.7 MBytes   333 Mbits/sec                  
[  6] 390.00-391.00 sec  40.0 MBytes   335 Mbits/sec                  
[  6] 391.00-392.00 sec  38.5 MBytes   323 Mbits/sec                  
[  6] 392.00-393.00 sec  43.8 MBytes   367 Mbits/sec                  
[  6] 393.00-394.00 sec  40.8 MBytes   342 Mbits/sec                  
[  6] 394.00-395.00 sec  38.6 MBytes   324 Mbits/sec                  
[  6] 395.00-396.00 sec  38.4 MBytes   322 Mbits/sec                  
[  6] 396.00-397.00 sec  35.7 MBytes   300 Mbits/sec                  
[  6] 397.00-398.00 sec  38.9 MBytes   326 Mbits/sec                  
[  6] 398.00-399.00 sec  37.9 MBytes   318 Mbits/sec                  
[  6] 399.00-400.00 sec  32.2 MBytes   270 Mbits/sec                  
[  6] 400.00-401.00 sec  34.2 MBytes   287 Mbits/sec                  
[  6] 401.00-402.00 sec  36.2 MBytes   303 Mbits/sec                  
[  6] 402.00-403.00 sec  31.9 MBytes   268 Mbits/sec                  
[  6] 403.00-404.00 sec  31.1 MBytes   261 Mbits/sec                  
[  6] 404.00-405.00 sec  31.4 MBytes   264 Mbits/sec                  
[  6] 405.00-406.00 sec  36.3 MBytes   304 Mbits/sec                  
[  6] 406.00-407.00 sec  37.9 MBytes   318 Mbits/sec                  
[  6] 407.00-408.00 sec  36.3 MBytes   305 Mbits/sec                  
[  6] 408.00-409.00 sec  34.5 MBytes   289 Mbits/sec                  
[  6] 409.00-410.00 sec  35.4 MBytes   297 Mbits/sec                  
[  6] 410.00-411.00 sec  32.5 MBytes   273 Mbits/sec                  
[  6] 411.00-412.00 sec  32.9 MBytes   276 Mbits/sec                  
[  6] 412.00-413.00 sec  36.0 MBytes   302 Mbits/sec                  
[  6] 413.00-414.00 sec  33.0 MBytes   277 Mbits/sec                  
[  6] 414.00-415.00 sec  35.8 MBytes   300 Mbits/sec                  
[  6] 415.00-416.00 sec  38.9 MBytes   326 Mbits/sec                  
[  6] 416.00-417.00 sec  38.2 MBytes   320 Mbits/sec                  
[  6] 417.00-418.00 sec  35.4 MBytes   297 Mbits/sec                  
[  6] 418.00-419.00 sec  37.9 MBytes   318 Mbits/sec                  
[  6] 419.00-420.00 sec  42.1 MBytes   353 Mbits/sec                  
[  6] 420.00-421.00 sec  36.7 MBytes   308 Mbits/sec                  
[  6] 421.00-422.00 sec  44.4 MBytes   372 Mbits/sec                  
[  6] 422.00-423.00 sec  42.3 MBytes   355 Mbits/sec                  
[  6] 423.00-424.00 sec  44.1 MBytes   370 Mbits/sec                  
[  6] 424.00-425.00 sec  43.7 MBytes   366 Mbits/sec                  
[  6] 425.00-426.00 sec  45.9 MBytes   385 Mbits/sec                  
[  6] 426.00-427.00 sec  45.3 MBytes   380 Mbits/sec                  
[  6] 427.00-428.00 sec  45.0 MBytes   377 Mbits/sec                  
[  6] 428.00-429.00 sec  47.4 MBytes   398 Mbits/sec                  
[  6] 429.00-430.00 sec  47.5 MBytes   398 Mbits/sec                  
[  6] 430.00-431.00 sec  46.1 MBytes   386 Mbits/sec                  
[  6] 431.00-432.00 sec  47.3 MBytes   397 Mbits/sec                  
[  6] 432.00-433.00 sec  48.1 MBytes   404 Mbits/sec                  
[  6] 433.00-434.00 sec  39.5 MBytes   331 Mbits/sec                  
[  6] 434.00-435.00 sec  45.6 MBytes   382 Mbits/sec                  
[  6] 435.00-436.00 sec  47.2 MBytes   396 Mbits/sec                  
[  6] 436.00-437.00 sec  47.5 MBytes   398 Mbits/sec                  
[  6] 437.00-438.00 sec  47.4 MBytes   398 Mbits/sec                  
[  6] 438.00-439.00 sec  46.4 MBytes   389 Mbits/sec                  
[  6] 439.00-440.00 sec  49.6 MBytes   416 Mbits/sec                  
[  6] 440.00-441.00 sec  45.0 MBytes   378 Mbits/sec                  
[  6] 441.00-442.00 sec  43.2 MBytes   362 Mbits/sec                  
[  6] 442.00-443.00 sec  45.8 MBytes   384 Mbits/sec                  
[  6] 443.00-444.00 sec  48.0 MBytes   403 Mbits/sec                  
[  6] 444.00-445.00 sec  50.4 MBytes   423 Mbits/sec                  
[  6] 445.00-446.00 sec  50.0 MBytes   420 Mbits/sec                  
[  6] 446.00-447.00 sec  51.4 MBytes   431 Mbits/sec                  
[  6] 447.00-448.00 sec  54.6 MBytes   457 Mbits/sec                  
[  6] 448.00-449.00 sec  57.9 MBytes   487 Mbits/sec                  
[  6] 449.00-450.00 sec  59.0 MBytes   495 Mbits/sec                  
[  6] 450.00-451.00 sec  59.2 MBytes   496 Mbits/sec                  
[  6] 451.00-452.00 sec  57.8 MBytes   483 Mbits/sec                  
[  6] 452.00-453.00 sec  53.6 MBytes   452 Mbits/sec                  
[  6] 453.00-454.00 sec  53.6 MBytes   449 Mbits/sec                  
[  6] 454.00-455.00 sec  58.9 MBytes   494 Mbits/sec                  
[  6] 455.00-456.00 sec  62.2 MBytes   522 Mbits/sec                  
[  6] 456.00-457.00 sec  64.7 MBytes   543 Mbits/sec                  
[  6] 457.00-458.00 sec  67.4 MBytes   565 Mbits/sec                  
[  6] 458.00-459.00 sec  68.3 MBytes   573 Mbits/sec                  
[  6] 459.00-460.00 sec  72.7 MBytes   610 Mbits/sec                  
[  6] 460.00-461.00 sec  77.8 MBytes   653 Mbits/sec                  
[  6] 461.00-462.00 sec  79.4 MBytes   666 Mbits/sec                  
[  6] 462.00-463.00 sec  80.1 MBytes   672 Mbits/sec                  
[  6] 463.00-464.00 sec  79.5 MBytes   667 Mbits/sec                  
[  6] 464.00-465.00 sec  80.5 MBytes   675 Mbits/sec                  
[  6] 465.00-466.00 sec  76.3 MBytes   640 Mbits/sec                  
[  6] 466.00-467.00 sec  79.0 MBytes   663 Mbits/sec                  
[  6] 467.00-468.00 sec  75.1 MBytes   630 Mbits/sec                  
[  6] 468.00-469.00 sec  79.5 MBytes   667 Mbits/sec                  
[  6] 469.00-470.00 sec  80.5 MBytes   675 Mbits/sec                  
[  6] 470.00-471.00 sec  78.9 MBytes   662 Mbits/sec                  
[  6] 471.00-472.00 sec  75.7 MBytes   635 Mbits/sec                  
[  6] 472.00-473.00 sec  77.2 MBytes   648 Mbits/sec                  
[  6] 473.00-474.00 sec  72.7 MBytes   610 Mbits/sec                  
[  6] 474.00-475.00 sec  71.6 MBytes   601 Mbits/sec                  
[  6] 475.00-476.00 sec  66.0 MBytes   554 Mbits/sec                  
[  6] 476.00-477.00 sec  64.9 MBytes   544 Mbits/sec                  
[  6] 477.00-478.00 sec  68.6 MBytes   576 Mbits/sec                  
[  6] 478.00-479.00 sec  72.5 MBytes   608 Mbits/sec                  
[  6] 479.00-480.00 sec  79.0 MBytes   663 Mbits/sec                  
[  6] 480.00-481.00 sec  80.1 MBytes   672 Mbits/sec                  
[  6] 481.00-482.00 sec  83.0 MBytes   696 Mbits/sec                  
[  6] 482.00-483.00 sec  86.1 MBytes   723 Mbits/sec                  
[  6] 483.00-484.00 sec  74.5 MBytes   625 Mbits/sec                  
[  6] 484.00-485.00 sec  77.0 MBytes   646 Mbits/sec                  
[  6] 485.00-486.00 sec  81.0 MBytes   680 Mbits/sec                  
[  6] 486.00-487.00 sec  80.1 MBytes   672 Mbits/sec                  
[  6] 487.00-488.00 sec  77.3 MBytes   649 Mbits/sec                  
[  6] 488.00-489.00 sec  66.7 MBytes   560 Mbits/sec                  
[  6] 489.00-490.00 sec  66.2 MBytes   555 Mbits/sec                  
[  6] 490.00-491.00 sec  70.5 MBytes   591 Mbits/sec                  
[  6] 491.00-492.00 sec  80.6 MBytes   676 Mbits/sec                  
[  6] 492.00-493.00 sec  82.6 MBytes   693 Mbits/sec                  
[  6] 493.00-494.00 sec  83.8 MBytes   703 Mbits/sec                  
[  6] 494.00-495.00 sec  81.7 MBytes   685 Mbits/sec                  
[  6] 495.00-496.00 sec  82.7 MBytes   694 Mbits/sec                  
[  6] 496.00-497.00 sec  83.1 MBytes   697 Mbits/sec                  
[  6] 497.00-498.00 sec  79.3 MBytes   665 Mbits/sec                  
[  6] 498.00-499.00 sec  84.0 MBytes   705 Mbits/sec                  
[  6] 499.00-500.00 sec  82.9 MBytes   695 Mbits/sec                  
[  6] 500.00-501.00 sec  82.2 MBytes   690 Mbits/sec                  
[  6] 501.00-502.00 sec  83.1 MBytes   697 Mbits/sec                  
[  6] 502.00-503.00 sec  82.4 MBytes   691 Mbits/sec                  
[  6] 503.00-504.00 sec  80.4 MBytes   674 Mbits/sec                  
[  6] 504.00-505.00 sec  81.7 MBytes   686 Mbits/sec                  
[  6] 505.00-506.00 sec  83.0 MBytes   696 Mbits/sec                  
[  6] 506.00-507.00 sec  80.8 MBytes   678 Mbits/sec                  
[  6] 507.00-508.00 sec  82.0 MBytes   688 Mbits/sec                  
[  6] 508.00-509.00 sec  82.2 MBytes   690 Mbits/sec                  
[  6] 509.00-510.00 sec  80.3 MBytes   674 Mbits/sec                  
[  6] 510.00-511.00 sec  83.7 MBytes   702 Mbits/sec                  
[  6] 511.00-512.00 sec  80.1 MBytes   672 Mbits/sec                  
[  6] 512.00-513.00 sec  81.8 MBytes   686 Mbits/sec                  
[  6] 513.00-514.00 sec  82.2 MBytes   689 Mbits/sec                  
[  6] 514.00-515.00 sec  82.6 MBytes   693 Mbits/sec                  
[  6] 515.00-516.00 sec  81.7 MBytes   686 Mbits/sec                  
[  6] 516.00-517.00 sec  81.4 MBytes   683 Mbits/sec                  
[  6] 517.00-518.00 sec  81.5 MBytes   684 Mbits/sec                  
[  6] 518.00-519.00 sec  83.3 MBytes   699 Mbits/sec                  
[  6] 519.00-520.00 sec  80.7 MBytes   677 Mbits/sec                  
[  6] 520.00-521.00 sec  82.4 MBytes   691 Mbits/sec                  
[  6] 521.00-522.00 sec  83.6 MBytes   701 Mbits/sec                  
[  6] 522.00-523.00 sec  82.2 MBytes   690 Mbits/sec                  
[  6] 523.00-524.00 sec  81.2 MBytes   681 Mbits/sec                  
[  6] 524.00-525.00 sec  81.4 MBytes   683 Mbits/sec                  
[  6] 525.00-526.00 sec  82.4 MBytes   691 Mbits/sec                  
[  6] 526.00-527.00 sec  82.7 MBytes   694 Mbits/sec                  
[  6] 527.00-528.00 sec  81.3 MBytes   682 Mbits/sec                  
[  6] 528.00-529.00 sec  81.1 MBytes   681 Mbits/sec                  
[  6] 529.00-530.00 sec  82.4 MBytes   691 Mbits/sec                  
[  6] 530.00-531.00 sec  80.7 MBytes   678 Mbits/sec                  
[  6] 531.00-532.00 sec  81.3 MBytes   682 Mbits/sec                  
[  6] 532.00-533.00 sec  83.2 MBytes   698 Mbits/sec                  
[  6] 533.00-534.00 sec  83.0 MBytes   697 Mbits/sec                  
[  6] 534.00-535.00 sec  82.1 MBytes   689 Mbits/sec                  
[  6] 535.00-536.00 sec  81.9 MBytes   687 Mbits/sec                  
[  6] 536.00-537.00 sec  81.6 MBytes   684 Mbits/sec                  
[  6] 537.00-538.00 sec  82.7 MBytes   693 Mbits/sec                  
[  6] 538.00-539.00 sec  82.7 MBytes   694 Mbits/sec                  
[  6] 539.00-540.00 sec  82.5 MBytes   692 Mbits/sec                  
[  6] 540.00-541.00 sec  84.1 MBytes   705 Mbits/sec                  
[  6] 541.00-542.00 sec  82.7 MBytes   694 Mbits/sec                  
[  6] 542.00-543.00 sec  83.8 MBytes   703 Mbits/sec                  
[  6] 543.00-544.00 sec  82.3 MBytes   691 Mbits/sec                  
[  6] 544.00-545.00 sec  81.2 MBytes   682 Mbits/sec                  
[  6] 545.00-546.00 sec  83.0 MBytes   696 Mbits/sec                  
[  6] 546.00-547.00 sec  83.8 MBytes   703 Mbits/sec                  
[  6] 547.00-548.00 sec  82.1 MBytes   689 Mbits/sec                  
[  6] 548.00-549.00 sec  82.9 MBytes   695 Mbits/sec                  
[  6] 549.00-550.00 sec  82.1 MBytes   689 Mbits/sec                  
[  6] 550.00-551.00 sec  82.4 MBytes   691 Mbits/sec                  
[  6] 551.00-552.00 sec  80.5 MBytes   676 Mbits/sec                  
[  6] 552.00-553.00 sec  82.6 MBytes   693 Mbits/sec                  
[  6] 553.00-554.00 sec  83.2 MBytes   698 Mbits/sec                  
[  6] 554.00-555.00 sec  81.8 MBytes   686 Mbits/sec                  
[  6] 555.00-556.00 sec  81.7 MBytes   686 Mbits/sec                  
[  6] 556.00-557.00 sec  78.9 MBytes   662 Mbits/sec                  
[  6] 557.00-558.00 sec  82.4 MBytes   691 Mbits/sec                  
[  6] 558.00-559.00 sec  81.4 MBytes   683 Mbits/sec                  
[  6] 559.00-560.00 sec  83.4 MBytes   700 Mbits/sec                  
[  6] 560.00-561.00 sec  80.7 MBytes   677 Mbits/sec                  
[  6] 561.00-562.00 sec  81.4 MBytes   682 Mbits/sec                  
[  6] 562.00-563.00 sec  82.1 MBytes   689 Mbits/sec                  
[  6] 563.00-564.00 sec  83.1 MBytes   697 Mbits/sec                  
[  6] 564.00-565.00 sec  82.7 MBytes   694 Mbits/sec                  
[  6] 565.00-566.00 sec  80.6 MBytes   676 Mbits/sec                  
[  6] 566.00-567.00 sec  82.6 MBytes   693 Mbits/sec                  
[  6] 567.00-568.00 sec  83.0 MBytes   696 Mbits/sec                  
[  6] 568.00-569.00 sec  81.9 MBytes   687 Mbits/sec                  
[  6] 569.00-570.00 sec  81.9 MBytes   687 Mbits/sec                  
[  6] 570.00-571.00 sec  83.1 MBytes   697 Mbits/sec                  
[  6] 571.00-572.00 sec  80.8 MBytes   678 Mbits/sec                  
[  6] 572.00-573.00 sec  80.7 MBytes   677 Mbits/sec                  
[  6] 573.00-574.00 sec  83.2 MBytes   698 Mbits/sec                  
[  6] 574.00-575.00 sec  81.2 MBytes   681 Mbits/sec                  
[  6] 575.00-576.00 sec  83.0 MBytes   696 Mbits/sec                  
[  6] 576.00-577.00 sec  82.1 MBytes   689 Mbits/sec                  
[  6] 577.00-578.00 sec  64.0 MBytes   537 Mbits/sec                  
[  6] 578.00-579.00 sec  83.0 MBytes   696 Mbits/sec                  
[  6] 579.00-580.00 sec  80.6 MBytes   676 Mbits/sec                  
[  6] 580.00-581.00 sec  82.1 MBytes   688 Mbits/sec                  
[  6] 581.00-582.00 sec  82.4 MBytes   692 Mbits/sec                  
[  6] 582.00-583.00 sec  81.0 MBytes   680 Mbits/sec                  
[  6] 583.00-584.00 sec  83.8 MBytes   702 Mbits/sec                  
[  6] 584.00-585.00 sec  81.0 MBytes   679 Mbits/sec                  
[  6] 585.00-586.00 sec  81.3 MBytes   682 Mbits/sec                  
[  6] 586.00-587.00 sec  82.6 MBytes   693 Mbits/sec                  
[  6] 587.00-588.00 sec  81.5 MBytes   684 Mbits/sec                  
[  6] 588.00-589.00 sec  81.8 MBytes   686 Mbits/sec                  
[  6] 589.00-590.00 sec  82.4 MBytes   692 Mbits/sec                  
[  6] 590.00-591.00 sec  81.4 MBytes   682 Mbits/sec                  
[  6] 591.00-592.00 sec  81.0 MBytes   679 Mbits/sec                  
[  6] 592.00-593.00 sec  82.4 MBytes   692 Mbits/sec                  
[  6] 593.00-594.00 sec  80.5 MBytes   675 Mbits/sec                  
[  6] 594.00-595.00 sec  81.7 MBytes   685 Mbits/sec                  
[  6] 595.00-596.00 sec  78.8 MBytes   661 Mbits/sec                  
[  6] 596.00-597.00 sec  83.3 MBytes   699 Mbits/sec                  
[  6] 597.00-598.00 sec  81.5 MBytes   684 Mbits/sec                  
[  6] 598.00-599.00 sec  82.3 MBytes   691 Mbits/sec                  
[  6] 599.00-600.00 sec  80.6 MBytes   677 Mbits/sec                  
[  6] 600.00-601.00 sec  79.6 MBytes   668 Mbits/sec                  
[  6] 601.00-602.00 sec  79.3 MBytes   665 Mbits/sec                  
[  6] 602.00-603.00 sec  81.7 MBytes   686 Mbits/sec                  
[  6] 603.00-604.00 sec  78.6 MBytes   660 Mbits/sec                  
[  6] 604.00-605.00 sec  80.7 MBytes   677 Mbits/sec                  
[  6] 605.00-606.00 sec  81.5 MBytes   684 Mbits/sec                  
[  6] 606.00-607.00 sec  79.6 MBytes   668 Mbits/sec                  
[  6] 607.00-608.00 sec  80.0 MBytes   671 Mbits/sec                  
[  6] 608.00-609.00 sec  81.1 MBytes   681 Mbits/sec                  
[  6] 609.00-610.00 sec  77.6 MBytes   651 Mbits/sec                  
[  6] 610.00-611.00 sec  84.6 MBytes   710 Mbits/sec                  
[  6] 611.00-612.00 sec  81.6 MBytes   685 Mbits/sec                  
[  6] 612.00-613.00 sec  79.8 MBytes   670 Mbits/sec                  
[  6] 613.00-614.00 sec  81.9 MBytes   687 Mbits/sec                  
[  6] 614.00-615.00 sec  79.6 MBytes   668 Mbits/sec                  
[  6] 615.00-616.00 sec  84.6 MBytes   710 Mbits/sec                  
[  6] 616.00-617.00 sec  81.5 MBytes   683 Mbits/sec                  
[  6] 617.00-618.00 sec  82.8 MBytes   694 Mbits/sec                  
[  6] 618.00-619.00 sec  81.1 MBytes   680 Mbits/sec                  
[  6] 619.00-620.00 sec  82.6 MBytes   693 Mbits/sec                  
[  6] 620.00-621.00 sec  80.4 MBytes   675 Mbits/sec                  
[  6] 621.00-622.00 sec  82.6 MBytes   693 Mbits/sec                  
[  6] 622.00-623.00 sec  76.5 MBytes   642 Mbits/sec                  
[  6] 623.00-624.00 sec  71.4 MBytes   599 Mbits/sec                  
[  6] 624.00-625.00 sec  73.4 MBytes   616 Mbits/sec                  
[  6] 625.00-626.00 sec  69.5 MBytes   583 Mbits/sec                  
[  6] 626.00-627.00 sec  66.0 MBytes   554 Mbits/sec                  
[  6] 627.00-628.00 sec  64.6 MBytes   542 Mbits/sec                  
[  6] 628.00-629.00 sec  71.0 MBytes   596 Mbits/sec                  
[  6] 629.00-630.00 sec  77.8 MBytes   653 Mbits/sec                  
[  6] 630.00-631.00 sec  78.7 MBytes   660 Mbits/sec                  
[  6] 631.00-632.00 sec  76.7 MBytes   643 Mbits/sec                  
[  6] 632.00-633.00 sec  69.7 MBytes   584 Mbits/sec                  
[  6] 633.00-634.00 sec  70.8 MBytes   594 Mbits/sec                  
[  6] 634.00-635.00 sec  70.5 MBytes   592 Mbits/sec                  
[  6] 635.00-636.00 sec  69.2 MBytes   580 Mbits/sec                  
[  6] 636.00-637.00 sec  71.9 MBytes   604 Mbits/sec                  
[  6] 637.00-638.00 sec  73.2 MBytes   614 Mbits/sec                  
[  6] 638.00-639.00 sec  67.7 MBytes   568 Mbits/sec                  
[  6] 639.00-640.00 sec  70.9 MBytes   595 Mbits/sec                  
[  6] 640.00-641.00 sec  70.3 MBytes   590 Mbits/sec                  
[  6] 641.00-642.00 sec  70.2 MBytes   589 Mbits/sec                  
[  6] 642.00-643.00 sec  71.5 MBytes   600 Mbits/sec                  
[  6] 643.00-644.00 sec  71.1 MBytes   597 Mbits/sec                  
[  6] 644.00-645.00 sec  67.2 MBytes   564 Mbits/sec                  
[  6] 645.00-646.00 sec  70.7 MBytes   593 Mbits/sec                  
[  6] 646.00-647.00 sec  71.4 MBytes   599 Mbits/sec                  
[  6] 647.00-648.00 sec  68.5 MBytes   575 Mbits/sec                  
[  6] 648.00-649.00 sec  75.9 MBytes   637 Mbits/sec                  
[  6] 649.00-650.00 sec  68.6 MBytes   576 Mbits/sec                  
[  6] 650.00-651.00 sec  82.4 MBytes   691 Mbits/sec                  
[  6] 651.00-652.00 sec  79.1 MBytes   663 Mbits/sec                  
[  6] 652.00-653.00 sec  77.4 MBytes   650 Mbits/sec                  
[  6] 653.00-654.00 sec  90.0 MBytes   755 Mbits/sec                  
[  6] 654.00-655.00 sec  83.2 MBytes   698 Mbits/sec                  
[  6] 655.00-656.00 sec  88.9 MBytes   745 Mbits/sec                  
[  6] 656.00-657.00 sec  82.2 MBytes   689 Mbits/sec                  
[  6] 657.00-658.00 sec  81.9 MBytes   687 Mbits/sec                  
[  6] 658.00-659.00 sec  83.9 MBytes   704 Mbits/sec                  
[  6] 659.00-660.00 sec  86.5 MBytes   726 Mbits/sec                  
[  6] 660.00-661.00 sec  77.2 MBytes   648 Mbits/sec                  
[  6] 661.00-662.00 sec  69.7 MBytes   585 Mbits/sec                  
[  6] 662.00-663.00 sec  79.7 MBytes   669 Mbits/sec                  
[  6] 663.00-664.00 sec  90.3 MBytes   757 Mbits/sec                  
[  6] 664.00-665.00 sec  75.7 MBytes   635 Mbits/sec                  
[  6] 665.00-666.00 sec  81.1 MBytes   681 Mbits/sec                  
[  6] 666.00-667.00 sec  80.8 MBytes   678 Mbits/sec                  
[  6] 667.00-668.00 sec  79.5 MBytes   667 Mbits/sec                  
[  6] 668.00-669.00 sec  73.5 MBytes   616 Mbits/sec                  
[  6] 669.00-670.00 sec  74.9 MBytes   628 Mbits/sec                  
[  6] 670.00-671.00 sec  74.5 MBytes   625 Mbits/sec                  
[  6] 671.00-672.00 sec  76.6 MBytes   642 Mbits/sec                  
[  6] 672.00-673.00 sec  77.2 MBytes   648 Mbits/sec                  
[  6] 673.00-674.00 sec  73.3 MBytes   616 Mbits/sec                  
[  6] 674.00-675.00 sec  71.4 MBytes   599 Mbits/sec                  
[  6] 675.00-676.00 sec  78.1 MBytes   655 Mbits/sec                  
[  6] 676.00-677.00 sec  79.8 MBytes   669 Mbits/sec                  
[  6] 677.00-678.00 sec  74.0 MBytes   621 Mbits/sec                  
[  6] 678.00-679.00 sec  75.3 MBytes   631 Mbits/sec                  
[  6] 679.00-680.00 sec  78.5 MBytes   659 Mbits/sec                  
[  6] 680.00-681.00 sec  79.1 MBytes   664 Mbits/sec                  
[  6] 681.00-682.00 sec  84.4 MBytes   708 Mbits/sec                  
[  6] 682.00-683.00 sec  82.4 MBytes   691 Mbits/sec                  
[  6] 683.00-684.00 sec  82.3 MBytes   690 Mbits/sec                  
[  6] 684.00-685.00 sec  83.3 MBytes   699 Mbits/sec                  
[  6] 685.00-686.00 sec  70.5 MBytes   592 Mbits/sec                  
[  6] 686.00-687.00 sec  90.2 MBytes   757 Mbits/sec                  
[  6] 687.00-688.00 sec  90.3 MBytes   758 Mbits/sec                  
[  6] 688.00-689.00 sec  89.7 MBytes   751 Mbits/sec                  
[  6] 689.00-690.00 sec  88.8 MBytes   746 Mbits/sec                  
[  6] 690.00-691.00 sec  86.3 MBytes   724 Mbits/sec                  
[  6] 691.00-692.00 sec  90.7 MBytes   760 Mbits/sec                  
[  6] 692.00-693.00 sec  90.6 MBytes   760 Mbits/sec                  
[  6] 693.00-694.00 sec  11.3 MBytes  95.0 Mbits/sec                  
[  6] 694.00-695.00 sec  24.9 MBytes   209 Mbits/sec                  
[  6] 695.00-696.00 sec  83.4 MBytes   700 Mbits/sec                  
[  6] 696.00-697.00 sec  88.9 MBytes   746 Mbits/sec                  
[  6] 697.00-698.00 sec  96.8 MBytes   812 Mbits/sec                  
[  6] 698.00-699.00 sec  98.3 MBytes   824 Mbits/sec                  
[  6] 699.00-700.00 sec  96.7 MBytes   811 Mbits/sec                  
[  6] 700.00-701.00 sec  96.7 MBytes   812 Mbits/sec                  
[  6] 701.00-702.00 sec   100 MBytes   842 Mbits/sec                  
[  6] 702.00-703.00 sec   106 MBytes   891 Mbits/sec                  
[  6] 703.00-704.00 sec  91.4 MBytes   767 Mbits/sec                  
[  6] 704.00-705.00 sec  63.8 MBytes   535 Mbits/sec                  
[  6] 705.00-706.00 sec  68.3 MBytes   573 Mbits/sec                  
[  6] 706.00-707.00 sec  66.4 MBytes   557 Mbits/sec                  
[  6] 707.00-708.00 sec  62.7 MBytes   526 Mbits/sec                  
[  6] 708.00-709.00 sec  63.4 MBytes   532 Mbits/sec                  
[  6] 709.00-710.00 sec  66.9 MBytes   561 Mbits/sec                  
[  6] 710.00-711.00 sec  64.7 MBytes   543 Mbits/sec                  
[  6] 711.00-712.00 sec  75.1 MBytes   630 Mbits/sec                  
[  6] 712.00-713.00 sec  67.4 MBytes   566 Mbits/sec                  
[  6] 713.00-714.00 sec  50.8 MBytes   426 Mbits/sec                  
[  6] 714.00-715.00 sec  53.5 MBytes   448 Mbits/sec                  
[  6] 715.00-716.00 sec  55.7 MBytes   468 Mbits/sec                  
[  6] 716.00-717.00 sec  59.8 MBytes   501 Mbits/sec                  
[  6] 717.00-718.00 sec  47.3 MBytes   398 Mbits/sec                  
[  6] 718.00-719.00 sec  52.4 MBytes   439 Mbits/sec                  
[  6] 719.00-720.00 sec  59.7 MBytes   501 Mbits/sec                  
[  6] 720.00-721.00 sec  55.2 MBytes   464 Mbits/sec                  
[  6] 721.00-722.00 sec  54.3 MBytes   456 Mbits/sec                  
[  6] 722.00-723.00 sec  52.8 MBytes   443 Mbits/sec                  
[  6] 723.00-724.00 sec  54.5 MBytes   457 Mbits/sec                  
[  6] 724.00-725.00 sec  52.5 MBytes   441 Mbits/sec                  
[  6] 725.00-726.00 sec  60.5 MBytes   508 Mbits/sec                  
[  6] 726.00-727.00 sec  53.9 MBytes   452 Mbits/sec                  
[  6] 727.00-728.00 sec  57.5 MBytes   482 Mbits/sec                  
[  6] 728.00-729.00 sec  53.3 MBytes   447 Mbits/sec                  
[  6] 729.00-730.00 sec  53.2 MBytes   447 Mbits/sec                  
[  6] 730.00-731.00 sec  51.7 MBytes   434 Mbits/sec                  
[  6] 731.00-732.00 sec  56.7 MBytes   475 Mbits/sec                  
[  6] 732.00-733.00 sec  54.8 MBytes   460 Mbits/sec                  
[  6] 733.00-734.00 sec  55.6 MBytes   466 Mbits/sec                  
[  6] 734.00-735.00 sec  59.0 MBytes   495 Mbits/sec                  
[  6] 735.00-736.00 sec  59.5 MBytes   499 Mbits/sec                  
[  6] 736.00-737.00 sec  59.9 MBytes   503 Mbits/sec                  
[  6] 737.00-738.00 sec  58.1 MBytes   487 Mbits/sec                  
[  6] 738.00-739.00 sec  57.7 MBytes   484 Mbits/sec                  
[  6] 739.00-740.00 sec  63.5 MBytes   532 Mbits/sec                  
[  6] 740.00-741.00 sec  60.9 MBytes   510 Mbits/sec                  
[  6] 741.00-742.00 sec  63.4 MBytes   532 Mbits/sec                  
[  6] 742.00-743.00 sec  67.1 MBytes   563 Mbits/sec                  
[  6] 743.00-744.00 sec  36.3 MBytes   305 Mbits/sec                  
[  6] 744.00-745.00 sec  64.4 MBytes   540 Mbits/sec                  
[  6] 745.00-746.00 sec  56.3 MBytes   472 Mbits/sec                  
[  6] 746.00-747.00 sec  58.9 MBytes   494 Mbits/sec                  
[  6] 747.00-748.00 sec  58.1 MBytes   487 Mbits/sec                  
[  6] 748.00-749.00 sec  57.4 MBytes   481 Mbits/sec                  
[  6] 749.00-750.00 sec  66.8 MBytes   560 Mbits/sec                  
[  6] 750.00-751.00 sec  65.0 MBytes   546 Mbits/sec                  
[  6] 751.00-752.00 sec  60.3 MBytes   506 Mbits/sec                  
[  6] 752.00-753.00 sec  37.4 MBytes   314 Mbits/sec                  
[  6] 753.00-754.00 sec  2.21 MBytes  18.6 Mbits/sec                  
[  6] 754.00-755.00 sec  37.1 MBytes   311 Mbits/sec                  
[  6] 755.00-756.00 sec  55.1 MBytes   462 Mbits/sec                  
[  6] 756.00-757.00 sec  60.0 MBytes   503 Mbits/sec                  
[  6] 757.00-758.00 sec  60.7 MBytes   509 Mbits/sec                  
[  6] 758.00-759.00 sec  60.2 MBytes   505 Mbits/sec                  
[  6] 759.00-760.00 sec  54.0 MBytes   453 Mbits/sec                  
[  6] 760.00-761.00 sec  52.9 MBytes   444 Mbits/sec                  
[  6] 761.00-762.00 sec  59.9 MBytes   502 Mbits/sec                  
[  6] 762.00-763.00 sec  62.8 MBytes   527 Mbits/sec                  
[  6] 763.00-764.00 sec  61.0 MBytes   512 Mbits/sec                  
[  6] 764.00-765.00 sec  58.0 MBytes   486 Mbits/sec                  
[  6] 765.00-766.00 sec  60.5 MBytes   508 Mbits/sec                  
[  6] 766.00-767.00 sec  63.0 MBytes   529 Mbits/sec                  
[  6] 767.00-768.00 sec  65.5 MBytes   549 Mbits/sec                  
[  6] 768.00-769.00 sec  62.3 MBytes   522 Mbits/sec                  
[  6] 769.00-770.00 sec  61.0 MBytes   512 Mbits/sec                  
[  6] 770.00-771.00 sec  62.0 MBytes   520 Mbits/sec                  
[  6] 771.00-772.00 sec  63.5 MBytes   533 Mbits/sec                  
[  6] 772.00-773.00 sec  66.0 MBytes   553 Mbits/sec                  
[  6] 773.00-774.00 sec  56.3 MBytes   472 Mbits/sec                  
[  6] 774.00-775.00 sec  59.9 MBytes   502 Mbits/sec                  
[  6] 775.00-776.00 sec  66.1 MBytes   554 Mbits/sec                  
[  6] 776.00-777.00 sec  62.3 MBytes   523 Mbits/sec                  
[  6] 777.00-778.00 sec  57.9 MBytes   486 Mbits/sec                  
[  6] 778.00-779.00 sec  56.8 MBytes   476 Mbits/sec                  
[  6] 779.00-780.00 sec  61.7 MBytes   518 Mbits/sec                  
[  6] 780.00-781.00 sec  57.6 MBytes   483 Mbits/sec                  
[  6] 781.00-782.00 sec  56.8 MBytes   476 Mbits/sec                  
[  6] 782.00-783.00 sec  59.8 MBytes   502 Mbits/sec                  
[  6] 783.00-784.00 sec  57.3 MBytes   481 Mbits/sec                  
[  6] 784.00-785.00 sec  57.5 MBytes   482 Mbits/sec                  
[  6] 785.00-786.00 sec  62.9 MBytes   528 Mbits/sec                  
[  6] 786.00-787.00 sec  59.4 MBytes   498 Mbits/sec                  
[  6] 787.00-788.00 sec  58.1 MBytes   488 Mbits/sec                  
[  6] 788.00-789.00 sec  61.6 MBytes   517 Mbits/sec                  
[  6] 789.00-790.00 sec  51.1 MBytes   428 Mbits/sec                  
[  6] 790.00-791.00 sec  55.5 MBytes   466 Mbits/sec                  
[  6] 791.00-792.00 sec  41.8 MBytes   350 Mbits/sec                  
[  6] 792.00-793.00 sec  58.9 MBytes   494 Mbits/sec                  
[  6] 793.00-794.00 sec  57.6 MBytes   483 Mbits/sec                  
[  6] 794.00-795.00 sec  58.8 MBytes   494 Mbits/sec                  
[  6] 795.00-796.00 sec  63.7 MBytes   534 Mbits/sec                  
[  6] 796.00-797.00 sec  58.2 MBytes   488 Mbits/sec                  
[  6] 797.00-798.00 sec  61.9 MBytes   519 Mbits/sec                  
[  6] 798.00-799.00 sec  61.3 MBytes   514 Mbits/sec                  
[  6] 799.00-800.00 sec  63.2 MBytes   530 Mbits/sec                  
[  6] 800.00-801.00 sec  62.6 MBytes   525 Mbits/sec                  
[  6] 801.00-802.00 sec  64.7 MBytes   543 Mbits/sec                  
[  6] 802.00-803.00 sec  69.1 MBytes   579 Mbits/sec                  
[  6] 803.00-804.00 sec  69.8 MBytes   586 Mbits/sec                  
[  6] 804.00-805.00 sec  69.7 MBytes   585 Mbits/sec                  
[  6] 805.00-806.00 sec  63.7 MBytes   535 Mbits/sec                  
[  6] 806.00-807.00 sec  55.9 MBytes   469 Mbits/sec                  
[  6] 807.00-808.00 sec  55.0 MBytes   462 Mbits/sec                  
[  6] 808.00-809.00 sec  53.8 MBytes   451 Mbits/sec                  
[  6] 809.00-810.00 sec  55.7 MBytes   467 Mbits/sec                  
[  6] 810.00-811.00 sec  60.6 MBytes   509 Mbits/sec                  
[  6] 811.00-812.00 sec  55.3 MBytes   464 Mbits/sec                  
[  6] 812.00-813.00 sec  60.6 MBytes   508 Mbits/sec                  
[  6] 813.00-814.00 sec  61.7 MBytes   518 Mbits/sec                  
[  6] 814.00-815.00 sec  14.1 MBytes   118 Mbits/sec                  
[  6] 815.00-816.00 sec  4.64 MBytes  39.0 Mbits/sec                  
[  6] 816.00-817.00 sec  3.53 MBytes  29.6 Mbits/sec                  
[  6] 817.00-818.00 sec   788 KBytes  6.45 Mbits/sec                  
[  6] 818.00-819.00 sec  4.58 MBytes  38.4 Mbits/sec                  
[  6] 819.00-820.00 sec  5.19 MBytes  43.6 Mbits/sec                  
[  6] 820.00-821.00 sec  4.07 MBytes  34.2 Mbits/sec                  
[  6] 821.00-822.00 sec  3.12 MBytes  26.2 Mbits/sec                  
[  6] 822.00-823.00 sec  4.38 MBytes  36.7 Mbits/sec                  
[  6] 823.00-824.00 sec  2.67 MBytes  22.4 Mbits/sec                  
[  6] 824.00-825.00 sec  2.18 MBytes  18.2 Mbits/sec                  
[  6] 825.00-826.00 sec  3.65 MBytes  30.6 Mbits/sec                  
[  6] 826.00-827.00 sec  3.50 MBytes  29.3 Mbits/sec                  
[  6] 827.00-828.00 sec  3.51 MBytes  29.4 Mbits/sec                  
[  6] 828.00-829.00 sec  5.10 MBytes  42.8 Mbits/sec                  
[  6] 829.00-830.00 sec  5.11 MBytes  42.8 Mbits/sec                  
[  6] 830.00-831.00 sec  4.83 MBytes  40.5 Mbits/sec                  
[  6] 831.00-832.00 sec  4.55 MBytes  38.2 Mbits/sec                  
[  6] 832.00-833.00 sec  4.93 MBytes  41.4 Mbits/sec                  
[  6] 833.00-834.00 sec  4.48 MBytes  37.6 Mbits/sec                  
[  6] 834.00-835.00 sec  4.74 MBytes  39.8 Mbits/sec                  
[  6] 835.00-836.00 sec  5.03 MBytes  42.2 Mbits/sec                  
[  6] 836.00-837.00 sec  4.47 MBytes  37.5 Mbits/sec                  
[  6] 837.00-838.00 sec  4.26 MBytes  35.7 Mbits/sec                  
[  6] 838.00-839.00 sec  4.47 MBytes  37.5 Mbits/sec                  
[  6] 839.00-840.00 sec  4.63 MBytes  38.8 Mbits/sec                  
[  6] 840.00-841.00 sec  4.08 MBytes  34.3 Mbits/sec                  
[  6] 841.00-842.00 sec  4.06 MBytes  34.1 Mbits/sec                  
[  6] 842.00-843.00 sec  4.13 MBytes  34.6 Mbits/sec                  
[  6] 843.00-844.00 sec  3.40 MBytes  28.5 Mbits/sec                  
[  6] 844.00-845.00 sec  4.93 MBytes  41.4 Mbits/sec                  
[  6] 845.00-846.00 sec  4.08 MBytes  34.3 Mbits/sec                  
[  6] 846.00-847.00 sec  4.48 MBytes  37.6 Mbits/sec                  
[  6] 847.00-848.00 sec  4.25 MBytes  35.6 Mbits/sec                  
[  6] 848.00-849.00 sec  4.68 MBytes  39.3 Mbits/sec                  
[  6] 849.00-850.00 sec  5.02 MBytes  42.1 Mbits/sec                  
[  6] 850.00-851.00 sec  4.77 MBytes  40.0 Mbits/sec                  
[  6] 851.00-852.00 sec  4.75 MBytes  39.9 Mbits/sec                  
[  6] 852.00-853.00 sec  4.71 MBytes  39.5 Mbits/sec                  
[  6] 853.00-854.00 sec  4.53 MBytes  38.0 Mbits/sec                  
[  6] 854.00-855.00 sec  4.71 MBytes  39.6 Mbits/sec                  
[  6] 855.00-856.00 sec  4.57 MBytes  38.3 Mbits/sec                  
[  6] 856.00-857.00 sec  4.25 MBytes  35.7 Mbits/sec                  
[  6] 857.00-858.00 sec  4.49 MBytes  37.7 Mbits/sec                  
[  6] 858.00-859.00 sec  4.56 MBytes  38.3 Mbits/sec                  
[  6] 859.00-860.00 sec  4.65 MBytes  39.0 Mbits/sec                  
[  6] 860.00-861.00 sec  4.71 MBytes  39.5 Mbits/sec                  
[  6] 861.00-862.00 sec  4.73 MBytes  39.7 Mbits/sec                  
[  6] 862.00-863.00 sec  5.00 MBytes  41.9 Mbits/sec                  
[  6] 863.00-864.00 sec  4.57 MBytes  38.3 Mbits/sec                  
[  6] 864.00-865.00 sec  4.71 MBytes  39.5 Mbits/sec                  
[  6] 865.00-866.00 sec  4.58 MBytes  38.4 Mbits/sec                  
[  6] 866.00-867.00 sec  4.47 MBytes  37.5 Mbits/sec                  
[  6] 867.00-868.00 sec  4.37 MBytes  36.7 Mbits/sec                  
[  6] 868.00-869.00 sec  4.42 MBytes  37.1 Mbits/sec                  
[  6] 869.00-870.00 sec  4.54 MBytes  38.1 Mbits/sec                  
[  6] 870.00-871.00 sec  4.37 MBytes  36.7 Mbits/sec                  
[  6] 871.00-872.00 sec  4.39 MBytes  36.8 Mbits/sec                  
[  6] 872.00-873.00 sec  4.71 MBytes  39.5 Mbits/sec                  
[  6] 873.00-874.00 sec  4.38 MBytes  36.8 Mbits/sec                  
[  6] 874.00-875.00 sec  4.49 MBytes  37.6 Mbits/sec                  
[  6] 875.00-876.00 sec  4.42 MBytes  37.1 Mbits/sec                  
[  6] 876.00-877.00 sec  4.53 MBytes  38.0 Mbits/sec                  
[  6] 877.00-878.00 sec  4.35 MBytes  36.5 Mbits/sec                  
[  6] 878.00-879.00 sec  4.72 MBytes  39.6 Mbits/sec                  
[  6] 879.00-880.00 sec  4.30 MBytes  36.1 Mbits/sec                  
[  6] 880.00-881.00 sec  4.17 MBytes  35.0 Mbits/sec                  
[  6] 881.00-882.00 sec  4.59 MBytes  38.5 Mbits/sec                  
[  6] 882.00-883.00 sec  4.64 MBytes  39.0 Mbits/sec                  
[  6] 883.00-884.00 sec  4.68 MBytes  39.3 Mbits/sec                  
[  6] 884.00-885.00 sec  4.29 MBytes  36.0 Mbits/sec                  
[  6] 885.00-886.00 sec  4.54 MBytes  38.1 Mbits/sec                  
[  6] 886.00-887.00 sec  4.57 MBytes  38.4 Mbits/sec                  
[  6] 887.00-888.00 sec  4.23 MBytes  35.5 Mbits/sec                  
[  6] 888.00-889.00 sec  4.43 MBytes  37.2 Mbits/sec                  
[  6] 889.00-890.00 sec  4.02 MBytes  33.8 Mbits/sec                  
[  6] 890.00-891.00 sec  3.16 MBytes  26.5 Mbits/sec                  
[  6] 891.00-892.00 sec  2.64 MBytes  22.1 Mbits/sec                  
[  6] 892.00-893.00 sec  2.63 MBytes  22.0 Mbits/sec                  
[  6] 893.00-894.00 sec  3.42 MBytes  28.7 Mbits/sec                  
[  6] 894.00-895.00 sec  3.44 MBytes  28.9 Mbits/sec                  
[  6] 895.00-896.00 sec  3.26 MBytes  27.4 Mbits/sec                  
[  6] 896.00-897.00 sec  4.56 MBytes  38.3 Mbits/sec                  
[  6] 897.00-898.00 sec  4.69 MBytes  39.4 Mbits/sec                  
[  6] 898.00-899.00 sec  4.23 MBytes  35.4 Mbits/sec                  
[  6] 899.00-900.00 sec  4.57 MBytes  38.3 Mbits/sec                  
[  6] 900.00-901.00 sec  4.74 MBytes  39.7 Mbits/sec                  
[  6] 901.00-902.00 sec  4.82 MBytes  40.5 Mbits/sec                  
[  6] 902.00-903.00 sec  4.82 MBytes  40.4 Mbits/sec                  
[  6] 903.00-904.00 sec  4.99 MBytes  41.9 Mbits/sec                  
[  6] 904.00-905.00 sec  4.76 MBytes  39.9 Mbits/sec                  
[  6] 905.00-906.00 sec  5.21 MBytes  43.7 Mbits/sec                  
[  6] 906.00-907.00 sec  4.69 MBytes  39.3 Mbits/sec                  
[  6] 907.00-908.00 sec  4.49 MBytes  37.7 Mbits/sec                  
[  6] 908.00-909.00 sec  5.02 MBytes  42.1 Mbits/sec                  
[  6] 909.00-910.00 sec  4.58 MBytes  38.4 Mbits/sec                  
[  6] 910.00-911.00 sec  4.92 MBytes  41.3 Mbits/sec                  
[  6] 911.00-912.00 sec  5.14 MBytes  43.2 Mbits/sec                  
[  6] 912.00-913.00 sec  4.77 MBytes  40.0 Mbits/sec                  
[  6] 913.00-914.00 sec  5.08 MBytes  42.6 Mbits/sec                  
[  6] 914.00-915.00 sec  4.51 MBytes  37.8 Mbits/sec                  
[  6] 915.00-916.00 sec  4.92 MBytes  41.2 Mbits/sec                  
[  6] 916.00-917.00 sec  4.57 MBytes  38.3 Mbits/sec                  
[  6] 917.00-918.00 sec  4.68 MBytes  39.3 Mbits/sec                  
[  6] 918.00-919.00 sec  4.74 MBytes  39.8 Mbits/sec                  
[  6] 919.00-920.00 sec  4.58 MBytes  38.5 Mbits/sec                  
[  6] 920.00-921.00 sec  4.59 MBytes  38.5 Mbits/sec                  
[  6] 921.00-922.00 sec  5.00 MBytes  42.0 Mbits/sec                  
[  6] 922.00-923.00 sec  4.80 MBytes  40.3 Mbits/sec                  
[  6] 923.00-924.00 sec  4.81 MBytes  40.4 Mbits/sec                  
[  6] 924.00-925.00 sec  4.98 MBytes  41.8 Mbits/sec                  
[  6] 925.00-926.00 sec  5.20 MBytes  43.6 Mbits/sec                  
[  6] 926.00-927.00 sec  5.04 MBytes  42.3 Mbits/sec                  
[  6] 927.00-928.00 sec  4.85 MBytes  40.7 Mbits/sec                  
[  6] 928.00-929.00 sec  5.04 MBytes  42.3 Mbits/sec                  
[  6] 929.00-930.00 sec  4.87 MBytes  40.8 Mbits/sec                  
[  6] 930.00-931.00 sec  5.06 MBytes  42.5 Mbits/sec                  
[  6] 931.00-932.00 sec  5.08 MBytes  42.6 Mbits/sec                  
[  6] 932.00-933.00 sec  5.03 MBytes  42.2 Mbits/sec                  
[  6] 933.00-934.00 sec  5.07 MBytes  42.6 Mbits/sec                  
[  6] 934.00-935.00 sec  5.24 MBytes  43.9 Mbits/sec                  
[  6] 935.00-936.00 sec  5.25 MBytes  44.0 Mbits/sec                  
[  6] 936.00-937.00 sec  5.35 MBytes  44.8 Mbits/sec                  
[  6] 937.00-938.00 sec  5.29 MBytes  44.4 Mbits/sec                  
[  6] 938.00-939.00 sec  5.32 MBytes  44.6 Mbits/sec                  
[  6] 939.00-940.00 sec  5.18 MBytes  43.5 Mbits/sec                  
[  6] 940.00-941.00 sec  5.23 MBytes  43.9 Mbits/sec                  
[  6] 941.00-942.00 sec  5.12 MBytes  43.0 Mbits/sec                  
[  6] 942.00-943.00 sec  5.25 MBytes  44.1 Mbits/sec                  
[  6] 943.00-944.00 sec  5.21 MBytes  43.7 Mbits/sec                  
[  6] 944.00-945.00 sec  4.91 MBytes  41.2 Mbits/sec                  
[  6] 945.00-946.00 sec  5.01 MBytes  42.0 Mbits/sec                  
[  6] 946.00-947.00 sec  5.34 MBytes  44.8 Mbits/sec                  
[  6] 947.00-948.00 sec  5.23 MBytes  43.9 Mbits/sec                  
[  6] 948.00-949.00 sec  5.06 MBytes  42.4 Mbits/sec                  
[  6] 949.00-950.00 sec  4.96 MBytes  41.6 Mbits/sec                  
[  6] 950.00-951.00 sec  4.63 MBytes  38.8 Mbits/sec                  
[  6] 951.00-952.00 sec  5.06 MBytes  42.5 Mbits/sec                  
[  6] 952.00-953.00 sec  5.14 MBytes  43.1 Mbits/sec                  
[  6] 953.00-954.00 sec  4.90 MBytes  41.1 Mbits/sec                  
[  6] 954.00-955.00 sec  5.00 MBytes  41.9 Mbits/sec                  
[  6] 955.00-956.00 sec  4.73 MBytes  39.7 Mbits/sec                  
[  6] 956.00-957.00 sec  5.23 MBytes  43.9 Mbits/sec                  
[  6] 957.00-958.00 sec  5.21 MBytes  43.7 Mbits/sec                  
[  6] 958.00-959.00 sec  5.11 MBytes  42.9 Mbits/sec                  
[  6] 959.00-960.00 sec  5.12 MBytes  43.0 Mbits/sec                  
[  6] 960.00-961.00 sec  5.22 MBytes  43.8 Mbits/sec                  
[  6] 961.00-962.00 sec  5.08 MBytes  42.6 Mbits/sec                  
[  6] 962.00-963.00 sec  5.24 MBytes  43.9 Mbits/sec                  
[  6] 963.00-964.00 sec  5.18 MBytes  43.5 Mbits/sec                  
[  6] 964.00-965.00 sec  5.06 MBytes  42.4 Mbits/sec                  
[  6] 965.00-966.00 sec  4.91 MBytes  41.2 Mbits/sec                  
[  6] 966.00-967.00 sec  4.89 MBytes  41.0 Mbits/sec                  
[  6] 967.00-968.00 sec  5.22 MBytes  43.8 Mbits/sec                  
[  6] 968.00-969.00 sec  5.22 MBytes  43.7 Mbits/sec                  
[  6] 969.00-970.00 sec  5.06 MBytes  42.5 Mbits/sec                  
[  6] 970.00-971.00 sec  5.15 MBytes  43.2 Mbits/sec                  
[  6] 971.00-972.00 sec  4.97 MBytes  41.7 Mbits/sec                  
[  6] 972.00-973.00 sec  4.98 MBytes  41.8 Mbits/sec                  
[  6] 973.00-974.00 sec  4.83 MBytes  40.6 Mbits/sec                  
[  6] 974.00-975.00 sec  5.10 MBytes  42.7 Mbits/sec                  
[  6] 975.00-976.00 sec  5.23 MBytes  43.8 Mbits/sec                  
[  6] 976.00-977.00 sec  5.18 MBytes  43.4 Mbits/sec                  
[  6] 977.00-978.00 sec  5.18 MBytes  43.4 Mbits/sec                  
[  6] 978.00-979.00 sec  5.18 MBytes  43.5 Mbits/sec                  
[  6] 979.00-980.00 sec  5.17 MBytes  43.3 Mbits/sec                  
[  6] 980.00-981.00 sec  4.90 MBytes  41.1 Mbits/sec                  
[  6] 981.00-982.00 sec  4.99 MBytes  41.9 Mbits/sec                  
[  6] 982.00-983.00 sec  5.26 MBytes  44.1 Mbits/sec                  
[  6] 983.00-984.00 sec  5.02 MBytes  42.1 Mbits/sec                  
[  6] 984.00-985.00 sec  4.33 MBytes  36.3 Mbits/sec                  
[  6] 985.00-986.00 sec  4.61 MBytes  38.6 Mbits/sec                  
[  6] 986.00-987.00 sec  4.92 MBytes  41.3 Mbits/sec                  
[  6] 987.00-988.00 sec  4.93 MBytes  41.4 Mbits/sec                  
[  6] 988.00-989.00 sec  5.13 MBytes  43.0 Mbits/sec                  
[  6] 989.00-990.00 sec  4.66 MBytes  39.1 Mbits/sec                  
[  6] 990.00-991.00 sec  4.98 MBytes  41.7 Mbits/sec                  
[  6] 991.00-992.00 sec  4.58 MBytes  38.4 Mbits/sec                  
[  6] 992.00-993.00 sec  4.68 MBytes  39.2 Mbits/sec                  
[  6] 993.00-994.00 sec  4.84 MBytes  40.6 Mbits/sec                  
[  6] 994.00-995.00 sec  4.78 MBytes  40.1 Mbits/sec                  
[  6] 995.00-996.00 sec  4.62 MBytes  38.7 Mbits/sec                  
[  6] 996.00-997.00 sec  4.72 MBytes  39.6 Mbits/sec                  
[  6] 997.00-998.00 sec  4.97 MBytes  41.7 Mbits/sec                  
[  6] 998.00-999.00 sec  4.39 MBytes  36.8 Mbits/sec                  
[  6] 999.00-1000.00 sec  5.62 MBytes  47.2 Mbits/sec                  
[  6] 1000.00-1001.00 sec  5.10 MBytes  42.8 Mbits/sec                  
[  6] 1001.00-1002.00 sec  4.91 MBytes  41.2 Mbits/sec                  
[  6] 1002.00-1003.00 sec  4.78 MBytes  40.1 Mbits/sec                  
[  6] 1003.00-1004.00 sec  4.55 MBytes  38.2 Mbits/sec                  
[  6] 1004.00-1005.00 sec  5.03 MBytes  42.2 Mbits/sec                  
[  6] 1005.00-1006.00 sec  5.28 MBytes  44.3 Mbits/sec                  
[  6] 1006.00-1007.00 sec  5.12 MBytes  43.0 Mbits/sec                  
[  6] 1007.00-1008.00 sec  5.21 MBytes  43.7 Mbits/sec                  
[  6] 1008.00-1009.00 sec  5.29 MBytes  44.4 Mbits/sec                  
[  6] 1009.00-1010.00 sec  5.28 MBytes  44.3 Mbits/sec                  
[  6] 1010.00-1011.00 sec  5.16 MBytes  43.3 Mbits/sec                  
[  6] 1011.00-1012.00 sec  5.09 MBytes  42.7 Mbits/sec                  
[  6] 1012.00-1013.00 sec  5.13 MBytes  43.0 Mbits/sec                  
[  6] 1013.00-1014.00 sec  5.22 MBytes  43.8 Mbits/sec                  
[  6] 1014.00-1015.00 sec  5.27 MBytes  44.2 Mbits/sec                  
[  6] 1015.00-1016.00 sec  4.79 MBytes  40.2 Mbits/sec                  
[  6] 1016.00-1017.00 sec  4.92 MBytes  41.3 Mbits/sec                  
[  6] 1017.00-1018.00 sec  5.15 MBytes  43.2 Mbits/sec                  
[  6] 1018.00-1019.00 sec  5.32 MBytes  44.6 Mbits/sec                  
[  6] 1019.00-1020.00 sec  5.26 MBytes  44.1 Mbits/sec                  
[  6] 1020.00-1021.00 sec  5.21 MBytes  43.7 Mbits/sec                  
[  6] 1021.00-1022.00 sec  5.18 MBytes  43.4 Mbits/sec                  
[  6] 1022.00-1023.00 sec  4.93 MBytes  41.4 Mbits/sec                  
[  6] 1023.00-1024.00 sec  4.91 MBytes  41.1 Mbits/sec                  
[  6] 1024.00-1025.00 sec  4.45 MBytes  37.3 Mbits/sec                  
[  6] 1025.00-1026.00 sec  5.26 MBytes  44.1 Mbits/sec                  
[  6] 1026.00-1027.00 sec  5.10 MBytes  42.8 Mbits/sec                  
[  6] 1027.00-1028.00 sec  5.23 MBytes  43.9 Mbits/sec                  
[  6] 1028.00-1029.00 sec  5.27 MBytes  44.2 Mbits/sec                  
[  6] 1029.00-1030.00 sec  5.15 MBytes  43.2 Mbits/sec                  
[  6] 1030.00-1031.00 sec  5.25 MBytes  44.0 Mbits/sec                  
[  6] 1031.00-1032.00 sec  5.17 MBytes  43.4 Mbits/sec                  
[  6] 1032.00-1033.00 sec  5.12 MBytes  42.9 Mbits/sec                  
[  6] 1033.00-1034.00 sec  4.96 MBytes  41.6 Mbits/sec                  
[  6] 1034.00-1035.00 sec  4.96 MBytes  41.6 Mbits/sec                  
[  6] 1035.00-1036.00 sec  5.08 MBytes  42.6 Mbits/sec                  
[  6] 1036.00-1037.00 sec  4.89 MBytes  41.0 Mbits/sec                  
[  6] 1037.00-1038.00 sec  4.48 MBytes  37.5 Mbits/sec                  
[  6] 1038.00-1039.00 sec  4.57 MBytes  38.3 Mbits/sec                  
[  6] 1039.00-1040.00 sec  4.72 MBytes  39.6 Mbits/sec                  
[  6] 1040.00-1041.00 sec  5.21 MBytes  43.7 Mbits/sec                  
[  6] 1041.00-1042.00 sec  5.10 MBytes  42.8 Mbits/sec                  
[  6] 1042.00-1043.00 sec  5.07 MBytes  42.5 Mbits/sec                  
[  6] 1043.00-1044.00 sec  5.22 MBytes  43.8 Mbits/sec                  
[  6] 1044.00-1045.00 sec  5.28 MBytes  44.3 Mbits/sec                  
[  6] 1045.00-1046.00 sec  5.23 MBytes  43.9 Mbits/sec                  
[  6] 1046.00-1047.00 sec  5.25 MBytes  44.0 Mbits/sec                  
[  6] 1047.00-1048.00 sec  5.17 MBytes  43.4 Mbits/sec                  
[  6] 1048.00-1049.00 sec  5.26 MBytes  44.1 Mbits/sec                  
[  6] 1049.00-1050.00 sec  5.24 MBytes  44.0 Mbits/sec                  
[  6] 1050.00-1051.00 sec  5.26 MBytes  44.1 Mbits/sec                  
[  6] 1051.00-1052.00 sec  5.21 MBytes  43.7 Mbits/sec                  
[  6] 1052.00-1053.00 sec  5.29 MBytes  44.4 Mbits/sec                  
[  6] 1053.00-1054.00 sec  5.29 MBytes  44.4 Mbits/sec                  
[  6] 1054.00-1055.00 sec  5.20 MBytes  43.6 Mbits/sec                  
[  6] 1055.00-1056.00 sec  5.17 MBytes  43.4 Mbits/sec                  
[  6] 1056.00-1057.00 sec  5.25 MBytes  44.1 Mbits/sec                  
[  6] 1057.00-1058.00 sec  5.24 MBytes  43.9 Mbits/sec                  
[  6] 1058.00-1059.00 sec  5.09 MBytes  42.7 Mbits/sec                  
[  6] 1059.00-1060.00 sec  5.00 MBytes  41.9 Mbits/sec                  
[  6] 1060.00-1061.00 sec  5.19 MBytes  43.5 Mbits/sec                  
[  6] 1061.00-1062.00 sec  5.28 MBytes  44.3 Mbits/sec                  
[  6] 1062.00-1063.00 sec  5.23 MBytes  43.9 Mbits/sec                  
[  6] 1063.00-1064.00 sec  5.27 MBytes  44.2 Mbits/sec                  
[  6] 1064.00-1065.00 sec  5.24 MBytes  43.9 Mbits/sec                  
[  6] 1065.00-1066.00 sec  5.20 MBytes  43.6 Mbits/sec                  
[  6] 1066.00-1067.00 sec  5.27 MBytes  44.2 Mbits/sec                  
[  6] 1067.00-1068.00 sec  5.31 MBytes  44.5 Mbits/sec                  
[  6] 1068.00-1069.00 sec  5.37 MBytes  45.0 Mbits/sec                  
[  6] 1069.00-1070.00 sec  5.29 MBytes  44.4 Mbits/sec                  
[  6] 1070.00-1071.00 sec  5.32 MBytes  44.6 Mbits/sec                  
[  6] 1071.00-1072.00 sec  5.34 MBytes  44.8 Mbits/sec                  
[  6] 1072.00-1073.00 sec  5.31 MBytes  44.5 Mbits/sec                  
[  6] 1073.00-1074.00 sec  4.62 MBytes  38.8 Mbits/sec                  
[  6] 1074.00-1075.00 sec  4.16 MBytes  34.9 Mbits/sec                  
[  6] 1075.00-1076.00 sec  4.10 MBytes  34.4 Mbits/sec                  
[  6] 1076.00-1077.00 sec  4.14 MBytes  34.7 Mbits/sec                  
[  6] 1077.00-1078.00 sec  5.29 MBytes  44.3 Mbits/sec                  
[  6] 1078.00-1079.00 sec  5.32 MBytes  44.7 Mbits/sec                  
[  6] 1079.00-1080.00 sec  5.27 MBytes  44.2 Mbits/sec                  
[  6] 1080.00-1081.00 sec  5.33 MBytes  44.7 Mbits/sec                  
[  6] 1081.00-1082.00 sec  5.26 MBytes  44.1 Mbits/sec                  
[  6] 1082.00-1083.00 sec  5.30 MBytes  44.5 Mbits/sec                  
[  6] 1083.00-1084.00 sec  5.26 MBytes  44.1 Mbits/sec                  
[  6] 1084.00-1085.00 sec  5.35 MBytes  44.9 Mbits/sec                  
[  6] 1085.00-1086.00 sec  5.30 MBytes  44.5 Mbits/sec                  
[  6] 1086.00-1087.00 sec  5.35 MBytes  44.9 Mbits/sec                  
[  6] 1087.00-1088.00 sec  5.33 MBytes  44.7 Mbits/sec                  
[  6] 1088.00-1089.00 sec  5.29 MBytes  44.4 Mbits/sec                  
[  6] 1089.00-1090.00 sec  5.24 MBytes  44.0 Mbits/sec                  
[  6] 1090.00-1091.00 sec  5.17 MBytes  43.4 Mbits/sec                  
[  6] 1091.00-1092.00 sec  5.21 MBytes  43.7 Mbits/sec                  
[  6] 1092.00-1093.00 sec  5.29 MBytes  44.4 Mbits/sec                  
[  6] 1093.00-1094.00 sec  5.27 MBytes  44.2 Mbits/sec                  
[  6] 1094.00-1095.00 sec  5.30 MBytes  44.4 Mbits/sec                  
[  6] 1095.00-1096.00 sec  5.20 MBytes  43.6 Mbits/sec                  
[  6] 1096.00-1097.00 sec  5.02 MBytes  42.1 Mbits/sec                  
[  6] 1097.00-1098.00 sec  5.22 MBytes  43.8 Mbits/sec                  
[  6] 1098.00-1099.00 sec  5.11 MBytes  42.9 Mbits/sec                  
[  6] 1099.00-1100.00 sec  5.20 MBytes  43.6 Mbits/sec                  
[  6] 1100.00-1101.00 sec  4.86 MBytes  40.8 Mbits/sec                  
[  6] 1101.00-1102.00 sec  4.55 MBytes  38.1 Mbits/sec                  
[  6] 1102.00-1103.00 sec  5.03 MBytes  42.2 Mbits/sec                  
[  6] 1103.00-1104.00 sec  4.70 MBytes  39.4 Mbits/sec                  
[  6] 1104.00-1105.00 sec  4.61 MBytes  38.7 Mbits/sec                  
[  6] 1105.00-1106.00 sec  4.88 MBytes  41.0 Mbits/sec                  
[  6] 1106.00-1107.00 sec  5.07 MBytes  42.6 Mbits/sec                  
[  6] 1107.00-1108.00 sec  5.18 MBytes  43.5 Mbits/sec                  
[  6] 1108.00-1109.00 sec  5.30 MBytes  44.4 Mbits/sec                  
[  6] 1109.00-1110.00 sec  5.26 MBytes  44.1 Mbits/sec                  
[  6] 1110.00-1111.00 sec  5.30 MBytes  44.5 Mbits/sec                  
[  6] 1111.00-1112.00 sec  5.16 MBytes  43.3 Mbits/sec                  
[  6] 1112.00-1113.00 sec  5.13 MBytes  43.0 Mbits/sec                  
[  6] 1113.00-1114.00 sec  5.13 MBytes  43.0 Mbits/sec                  
[  6] 1114.00-1115.00 sec  5.15 MBytes  43.2 Mbits/sec                  
[  6] 1115.00-1116.00 sec  5.06 MBytes  42.5 Mbits/sec                  
[  6] 1116.00-1117.00 sec  5.11 MBytes  42.8 Mbits/sec                  
[  6] 1117.00-1118.00 sec  5.13 MBytes  43.0 Mbits/sec                  
[  6] 1118.00-1119.00 sec  5.06 MBytes  42.4 Mbits/sec                  
[  6] 1119.00-1120.00 sec  5.09 MBytes  42.7 Mbits/sec                  
[  6] 1120.00-1121.00 sec  5.26 MBytes  44.1 Mbits/sec                  
[  6] 1121.00-1122.00 sec  5.08 MBytes  42.6 Mbits/sec                  
[  6] 1122.00-1123.00 sec  5.05 MBytes  42.3 Mbits/sec                  
[  6] 1123.00-1124.00 sec  5.02 MBytes  42.1 Mbits/sec                  
[  6] 1124.00-1125.00 sec  4.91 MBytes  41.2 Mbits/sec                  
[  6] 1125.00-1126.00 sec  5.12 MBytes  43.0 Mbits/sec                  
[  6] 1126.00-1127.00 sec  5.16 MBytes  43.3 Mbits/sec                  
[  6] 1127.00-1128.00 sec  5.24 MBytes  44.0 Mbits/sec                  
[  6] 1128.00-1129.00 sec  5.08 MBytes  42.6 Mbits/sec                  
[  6] 1129.00-1130.00 sec  5.08 MBytes  42.6 Mbits/sec                  
[  6] 1130.00-1131.00 sec  5.07 MBytes  42.5 Mbits/sec                  
[  6] 1131.00-1132.00 sec  5.01 MBytes  42.0 Mbits/sec                  
[  6] 1132.00-1133.00 sec  5.13 MBytes  43.0 Mbits/sec                  
[  6] 1133.00-1134.00 sec  5.06 MBytes  42.5 Mbits/sec                  
[  6] 1134.00-1135.00 sec  5.07 MBytes  42.5 Mbits/sec                  
[  6] 1135.00-1136.00 sec  5.10 MBytes  42.7 Mbits/sec                  
[  6] 1136.00-1137.00 sec  5.06 MBytes  42.4 Mbits/sec                  
[  6] 1137.00-1138.00 sec  5.02 MBytes  42.2 Mbits/sec                  
[  6] 1138.00-1139.00 sec  5.00 MBytes  41.9 Mbits/sec                  
[  6] 1139.00-1140.00 sec  5.09 MBytes  42.7 Mbits/sec                  
[  6] 1140.00-1141.00 sec  5.19 MBytes  43.5 Mbits/sec                  
[  6] 1141.00-1142.00 sec  5.23 MBytes  43.9 Mbits/sec                  
[  6] 1142.00-1143.00 sec  5.25 MBytes  44.0 Mbits/sec                  
[  6] 1143.00-1144.00 sec  4.96 MBytes  41.6 Mbits/sec                  
[  6] 1144.00-1145.00 sec  5.33 MBytes  44.7 Mbits/sec                  
[  6] 1145.00-1146.00 sec  5.11 MBytes  42.9 Mbits/sec                  
[  6] 1146.00-1147.00 sec  5.15 MBytes  43.2 Mbits/sec                  
[  6] 1147.00-1148.00 sec  5.11 MBytes  42.9 Mbits/sec                  
[  6] 1148.00-1149.00 sec  5.20 MBytes  43.6 Mbits/sec                  
[  6] 1149.00-1150.00 sec  5.05 MBytes  42.4 Mbits/sec                  
[  6] 1150.00-1151.00 sec  5.01 MBytes  42.1 Mbits/sec                  
[  6] 1151.00-1152.00 sec  5.08 MBytes  42.6 Mbits/sec                  
[  6] 1152.00-1153.00 sec  5.13 MBytes  43.1 Mbits/sec                  
[  6] 1153.00-1154.00 sec  5.12 MBytes  43.0 Mbits/sec                  
[  6] 1154.00-1155.00 sec  5.12 MBytes  42.9 Mbits/sec                  
[  6] 1155.00-1156.00 sec  5.21 MBytes  43.7 Mbits/sec                  
[  6] 1156.00-1157.00 sec  5.20 MBytes  43.6 Mbits/sec                  
[  6] 1157.00-1158.00 sec  5.18 MBytes  43.5 Mbits/sec                  
[  6] 1158.00-1159.00 sec  5.16 MBytes  43.3 Mbits/sec                  
[  6] 1159.00-1160.00 sec  5.20 MBytes  43.6 Mbits/sec                  
[  6] 1160.00-1161.00 sec  5.05 MBytes  42.3 Mbits/sec                  
[  6] 1161.00-1162.00 sec  5.04 MBytes  42.3 Mbits/sec                  
[  6] 1162.00-1163.00 sec  5.13 MBytes  43.0 Mbits/sec                  
[  6] 1163.00-1164.00 sec  5.21 MBytes  43.7 Mbits/sec                  
[  6] 1164.00-1165.00 sec  5.19 MBytes  43.6 Mbits/sec                  
[  6] 1165.00-1166.00 sec  5.25 MBytes  44.0 Mbits/sec                  
[  6] 1166.00-1167.00 sec  5.25 MBytes  44.1 Mbits/sec                  
[  6] 1167.00-1168.00 sec  5.23 MBytes  43.9 Mbits/sec                  
[  6] 1168.00-1169.00 sec  5.29 MBytes  44.4 Mbits/sec                  
[  6] 1169.00-1170.00 sec  5.15 MBytes  43.2 Mbits/sec                  
[  6] 1170.00-1171.00 sec  5.31 MBytes  44.5 Mbits/sec                  
[  6] 1171.00-1172.00 sec  5.18 MBytes  43.4 Mbits/sec                  
[  6] 1172.00-1173.00 sec  5.18 MBytes  43.4 Mbits/sec                  
[  6] 1173.00-1174.00 sec  5.15 MBytes  43.2 Mbits/sec                  
[  6] 1174.00-1175.00 sec  5.28 MBytes  44.3 Mbits/sec                  
[  6] 1175.00-1176.00 sec  5.19 MBytes  43.5 Mbits/sec                  
[  6] 1176.00-1177.00 sec  5.24 MBytes  44.0 Mbits/sec                  
[  6] 1177.00-1178.00 sec  5.29 MBytes  44.4 Mbits/sec                  
[  6] 1178.00-1179.00 sec  5.26 MBytes  44.1 Mbits/sec                  
[  6] 1179.00-1180.00 sec  5.26 MBytes  44.1 Mbits/sec                  
[  6] 1180.00-1181.00 sec  5.28 MBytes  44.3 Mbits/sec                  
[  6] 1181.00-1182.00 sec  5.22 MBytes  43.8 Mbits/sec                  
[  6] 1182.00-1183.00 sec  5.27 MBytes  44.2 Mbits/sec                  
[  6] 1183.00-1184.00 sec  5.24 MBytes  44.0 Mbits/sec                  
[  6] 1184.00-1185.00 sec  5.25 MBytes  44.1 Mbits/sec                  
[  6] 1185.00-1186.00 sec  5.23 MBytes  43.9 Mbits/sec                  
[  6] 1186.00-1187.00 sec  5.29 MBytes  44.4 Mbits/sec                  
[  6] 1187.00-1188.00 sec  5.27 MBytes  44.2 Mbits/sec                  
[  6] 1188.00-1189.00 sec  5.26 MBytes  44.1 Mbits/sec                  
[  6] 1189.00-1190.00 sec  5.23 MBytes  43.9 Mbits/sec                  
[  6] 1190.00-1191.00 sec  5.23 MBytes  43.9 Mbits/sec                  
[  6] 1191.00-1192.00 sec  5.25 MBytes  44.1 Mbits/sec                  
[  6] 1192.00-1193.00 sec  5.28 MBytes  44.3 Mbits/sec                  
[  6] 1193.00-1194.00 sec  5.14 MBytes  43.1 Mbits/sec                  
[  6] 1194.00-1195.00 sec  5.07 MBytes  42.5 Mbits/sec                  
[  6] 1195.00-1196.00 sec  4.91 MBytes  41.2 Mbits/sec                  
[  6] 1196.00-1197.00 sec  5.11 MBytes  42.9 Mbits/sec                  
[  6] 1197.00-1198.00 sec  4.92 MBytes  41.3 Mbits/sec                  
[  6] 1198.00-1199.00 sec  4.27 MBytes  35.8 Mbits/sec                  
[  6] 1199.00-1200.00 sec  3.64 MBytes  30.5 Mbits/sec                  
[  6] 1200.00-1201.00 sec  3.43 MBytes  28.8 Mbits/sec                  
[  6] 1201.00-1202.00 sec  3.18 MBytes  26.7 Mbits/sec                  
[  6] 1202.00-1203.00 sec  3.24 MBytes  27.1 Mbits/sec                  
[  6] 1203.00-1204.00 sec  3.86 MBytes  32.4 Mbits/sec                  
[  6] 1204.00-1205.00 sec  5.15 MBytes  43.2 Mbits/sec                  
[  6] 1205.00-1206.00 sec  5.12 MBytes  42.9 Mbits/sec                  
[  6] 1206.00-1207.00 sec  5.14 MBytes  43.1 Mbits/sec                  
[  6] 1207.00-1208.00 sec  5.11 MBytes  42.8 Mbits/sec                  
[  6] 1208.00-1209.00 sec  5.00 MBytes  42.0 Mbits/sec                  
[  6] 1209.00-1210.00 sec  5.10 MBytes  42.8 Mbits/sec                  
[  6] 1210.00-1211.00 sec  3.57 MBytes  29.9 Mbits/sec                  
[  6] 1211.00-1212.00 sec  5.21 MBytes  43.7 Mbits/sec                  
[  6] 1212.00-1213.00 sec  5.30 MBytes  44.5 Mbits/sec                  
[  6] 1213.00-1214.00 sec  5.17 MBytes  43.3 Mbits/sec                  
